<?xml version="1.0" encoding="UTF-8"?>
<testsuites class="Mocha Tests" time="58.2200" tests="4" failures="0">
  <testsuite class="Root Suite" timestamp="2022-01-17T17:50:49" tests="0" time="0.0000" failures="0">
  </testsuite>
  <testsuite class="Templates_HelmPublishAndDeploy - HelmPublishAndDeploy Template Tests" timestamp="2022-01-17T17:50:49" tests="4" file="/var/opt/jfrog/pipelines/data/iTest/runs/521732/steps/basic_tests/4383751/setup_PreMatrix/tests/core/templates/SCM/HelmPublishAndDeploy.js" time="58.2140" failures="0">
    <testcase class="Templates_HelmPublishAndDeploy - HelmPublishAndDeploy Template Tests T-HelmPublishAndDeploy-0001. Super user can get HelmPublishAndDeploy(1.0.0) template" time="0.0340" classclass="T-HelmPublishAndDeploy-0001. Super user can get HelmPublishAndDeploy(1.0.0) template">
    </testcase>
    <testcase class="Templates_HelmPublishAndDeploy - HelmPublishAndDeploy Template Tests T-HelmPublishAndDeploy-0005. SCM_ONLY User is able to create a single branch pipeline source from HelmPublishAndDeploy template" time="19.1370" classclass="T-HelmPublishAndDeploy-0005. SCM_ONLY User is able to create a single branch pipeline source from HelmPublishAndDeploy template">
    </testcase>
    <testcase class="Templates_HelmPublishAndDeploy - HelmPublishAndDeploy Template Tests T-HelmPublishAndDeploy-0007. SCM_ONLY User is able to create a multi branch pipeline source from HelmPublishAndDeploy template" time="20.7100" classclass="T-HelmPublishAndDeploy-0007. SCM_ONLY User is able to create a multi branch pipeline source from HelmPublishAndDeploy template">
    </testcase>
    <testcase class="Templates_HelmPublishAndDeploy - HelmPublishAndDeploy Template Tests T-HelmPublishAndDeploy-0008. SCM_ONLY User will fail to create a multi branchpipeline source from HelmPublishAndDeploy template if values.yaml doesn’t contain the data required by the template" time="17.7450" classclass="T-HelmPublishAndDeploy-0008. SCM_ONLY User will fail to create a multi branchpipeline source from HelmPublishAndDeploy template if values.yaml doesn’t contain the data required by the template">
    </testcase>
  </testsuite>
</testsuites>