<?xml version="1.0" encoding="UTF-8"?>
<testsuites name="Mocha Tests" time="155.3900" tests="12" failures="0" skipped="2">
  <testsuite name="Root Suite" timestamp="2022-01-17T17:51:25" tests="0" time="0.0000" failures="0">
  </testsuite>
  <testsuite name="SIGNRELEASEBUNDLE_STEP - SignReleaseBundle Step Tests" timestamp="2022-01-17T17:51:25" tests="12" file="/var/opt/jfrog/pipelines/data/iTest/runs/521732/steps/bash_tests_2/4383587/setup_PreMatrix/tests/core/steps/Bash/BashNative/SignReleaseBundle.js" time="155.3850" failures="0" skipped="2">
    <testcase name="SIGNRELEASEBUNDLE_STEP - SignReleaseBundle Step Tests S-SignReleaseBundle-0001 User verifies that pipeline sync is successful when newVersionOnly is true on a resource in inputResources for a SignReleaseBundle step." time="14.6760" classname="S-SignReleaseBundle-0001 User verifies that pipeline sync is successful when newVersionOnly is true on a resource in inputResources for a SignReleaseBundle step.">
    </testcase>
    <testcase name="SIGNRELEASEBUNDLE_STEP - SignReleaseBundle Step Tests S-SignReleaseBundle-0002 User verifies that pipeline sync is successful with two input resources, only one ReleaseBundle, for a SignReleaseBundle step." time="24.0310" classname="S-SignReleaseBundle-0002 User verifies that pipeline sync is successful with two input resources, only one ReleaseBundle, for a SignReleaseBundle step.">
    </testcase>
    <testcase name="SIGNRELEASEBUNDLE_STEP - SignReleaseBundle Step Tests S-SignReleaseBundle-0003 User verifies that pipeline sync fails with two ReleaseBundle input resources for a SignReleaseBundle step." time="13.9510" classname="S-SignReleaseBundle-0003 User verifies that pipeline sync fails with two ReleaseBundle input resources for a SignReleaseBundle step.">
    </testcase>
    <testcase name="SIGNRELEASEBUNDLE_STEP - SignReleaseBundle Step Tests S-SignReleaseBundle-0004 User verifies that pipeline sync is successful with two output resources, only one ReleaseBundle, for a SignReleaseBundle step." time="20.5880" classname="S-SignReleaseBundle-0004 User verifies that pipeline sync is successful with two output resources, only one ReleaseBundle, for a SignReleaseBundle step.">
    </testcase>
    <testcase name="SIGNRELEASEBUNDLE_STEP - SignReleaseBundle Step Tests S-SignReleaseBundle-0005 User verifies that pipeline sync fails with two ReleaseBundle output resources for a SignReleaseBundle step." time="14.9120" classname="S-SignReleaseBundle-0005 User verifies that pipeline sync fails with two ReleaseBundle output resources for a SignReleaseBundle step.">
    </testcase>
    <testcase name="SIGNRELEASEBUNDLE_STEP - SignReleaseBundle Step Tests S-SignReleaseBundle-0006 User verifies that pipeline sync is successful with an SCM integration for a SignReleaseBundle step." time="22.1060" classname="S-SignReleaseBundle-0006 User verifies that pipeline sync is successful with an SCM integration for a SignReleaseBundle step.">
    </testcase>
    <testcase name="SIGNRELEASEBUNDLE_STEP - SignReleaseBundle Step Tests S-SignReleaseBundle-5933-001 User adds a SignReleaseBundle step with a ReleaseBundle input resource at the pipeline level.  Sync is successful." time="11.1150" classname="S-SignReleaseBundle-5933-001 User adds a SignReleaseBundle step with a ReleaseBundle input resource at the pipeline level.  Sync is successful.">
    </testcase>
    <testcase name="SIGNRELEASEBUNDLE_STEP - SignReleaseBundle Step Tests S-SignReleaseBundle-5933-002 User adds a SignReleaseBundle step with a ReleaseBundle input resource at the pipeline level and another at the step level.  Sync fails." time="11.0190" classname="S-SignReleaseBundle-5933-002 User adds a SignReleaseBundle step with a ReleaseBundle input resource at the pipeline level and another at the step level.  Sync fails.">
    </testcase>
    <testcase name="SIGNRELEASEBUNDLE_STEP - SignReleaseBundle Step Tests S-SignReleaseBundle-5933-003 User adds a SignReleaseBundle step with a ReleaseBundle output resource at the pipeline level.  Sync is successful." time="12.3490" classname="S-SignReleaseBundle-5933-003 User adds a SignReleaseBundle step with a ReleaseBundle output resource at the pipeline level.  Sync is successful.">
    </testcase>
    <testcase name="SIGNRELEASEBUNDLE_STEP - SignReleaseBundle Step Tests S-SignReleaseBundle-5933-004 User adds a SignReleaseBundle step with a ReleaseBundle output resource at the pipeline level and another at the step level.  Sync fails." time="10.1530" classname="S-SignReleaseBundle-5933-004 User adds a SignReleaseBundle step with a ReleaseBundle output resource at the pipeline level and another at the step level.  Sync fails.">
    </testcase>
    <testcase name="SIGNRELEASEBUNDLE_STEP - SignReleaseBundle Step Tests S-SignReleaseBundle-0007 User runs a SignReleaseBundle step on Linux with a ReleaseBundle output successfully and the output ReleaseBundle has the correct name and number and isSigned true." time="0.0000" classname="S-SignReleaseBundle-0007 User runs a SignReleaseBundle step on Linux with a ReleaseBundle output successfully and the output ReleaseBundle has the correct name and number and isSigned true.">
      <skipped/>
    </testcase>
    <testcase name="SIGNRELEASEBUNDLE_STEP - SignReleaseBundle Step Tests S-SignReleaseBundle-5933-005 User runs a SignReleaseBundle step with ReleaseBundle input and output resources at the pipeline level successfully." time="0.0000" classname="S-SignReleaseBundle-5933-005 User runs a SignReleaseBundle step with ReleaseBundle input and output resources at the pipeline level successfully.">
      <skipped/>
    </testcase>
  </testsuite>
</testsuites>