<?xml version="1.0" encoding="UTF-8"?>
<testsuites class="Mocha Tests" time="300.2830" tests="10" failures="1" skipped="2">
  <testsuite class="Root Suite" timestamp="2022-01-17T17:51:26" tests="0" time="0.0000" failures="0">
  </testsuite>
  <testsuite class="GENERIC_BASH - 6 out of 7 - steps environment variable tests " timestamp="2022-01-17T17:51:26" tests="0" file="/var/opt/jfrog/pipelines/data/iTest/runs/521732/steps/bash_tests_2/4383573/setup_PreMatrix/tests/core/steps/Bash/BashGeneric/environmentVariables.js" time="0.0000" failures="0">
  </testsuite>
  <testsuite class="Below test cases were added for PIPE-3727" timestamp="2022-01-17T17:51:26" tests="0" file="/var/opt/jfrog/pipelines/data/iTest/runs/521732/steps/bash_tests_2/4383573/setup_PreMatrix/tests/core/steps/Bash/BashGeneric/environmentVariables.js" time="0.0000" failures="0">
  </testsuite>
  <testsuite class="Validate step environment variables configuration" timestamp="2022-01-17T17:51:26" tests="10" file="/var/opt/jfrog/pipelines/data/iTest/runs/521732/steps/bash_tests_2/4383573/setup_PreMatrix/tests/core/steps/Bash/BashGeneric/environmentVariables.js" time="300.0260" failures="1" skipped="2">
    <testcase class="GENERIC_BASH - 6 out of 7 - steps environment variable tests  Below test cases were added for PIPE-3727 Validate step environment variables configuration S_B_Generic_0001. Users should be able to declare environment variables description on pipeline steps configuration. Pipeline Sync should succeed and running the pipeline should get a success result." time="71.7760" classclass="S_B_Generic_0001. Users should be able to declare environment variables description on pipeline steps configuration. Pipeline Sync should succeed and running the pipeline should get a success result.">
    </testcase>
    <testcase class="GENERIC_BASH - 6 out of 7 - steps environment variable tests  Below test cases were added for PIPE-3727 Validate step environment variables configuration S_B_Generic_0002. Users should be able to declare a list of possible values for environment variables on pipeline steps configuration. Pipeline Sync should succeed and running the pipeline should get a success result." time="0.0000" classclass="S_B_Generic_0002. Users should be able to declare a list of possible values for environment variables on pipeline steps configuration. Pipeline Sync should succeed and running the pipeline should get a success result.">
      <skipped/>
    </testcase>
    <testcase class="GENERIC_BASH - 6 out of 7 - steps environment variable tests  Below test cases were added for PIPE-3727 Validate step environment variables configuration S_B_Generic_0003. Users should be able to declare a default value for environment variables on pipeline steps configuration. Pipeline Sync should succeed and running the pipeline should get a success result." time="108.0850" classclass="S_B_Generic_0003. Users should be able to declare a default value for environment variables on pipeline steps configuration. Pipeline Sync should succeed and running the pipeline should get a success result.">
    </testcase>
    <testcase class="GENERIC_BASH - 6 out of 7 - steps environment variable tests  Below test cases were added for PIPE-3727 Validate step environment variables configuration S_B_Generic_0004. Users should be able to declare if an environment variable on a pipeline step configuration allows custom values to be entered by the user when triggering a new run. Pipeline Sync should succeed and running the pipeline should get a success result." time="0.0000" classclass="S_B_Generic_0004. Users should be able to declare if an environment variable on a pipeline step configuration allows custom values to be entered by the user when triggering a new run. Pipeline Sync should succeed and running the pipeline should get a success result.">
      <skipped/>
    </testcase>
    <testcase class="GENERIC_BASH - 6 out of 7 - steps environment variable tests  Below test cases were added for PIPE-3727 Validate step environment variables configuration S_B_Generic_0005. Users should be able to declare an environment variable on a pipeline step configuration that has an empty default value. Pipeline Sync should succeed and running the pipeline should get a success result." time="49.4080" classclass="S_B_Generic_0005. Users should be able to declare an environment variable on a pipeline step configuration that has an empty default value. Pipeline Sync should succeed and running the pipeline should get a success result.">
    </testcase>
    <testcase class="GENERIC_BASH - 6 out of 7 - steps environment variable tests  Below test cases were added for PIPE-3727 Validate step environment variables configuration S_B_Generic_0011. Users should not be able to declare a default value that is not part of values on a step configuration environment variable. Pipeline Sync should fail." time="10.3510" classclass="S_B_Generic_0011. Users should not be able to declare a default value that is not part of values on a step configuration environment variable. Pipeline Sync should fail.">
    </testcase>
    <testcase class="GENERIC_BASH - 6 out of 7 - steps environment variable tests  Below test cases were added for PIPE-3727 Validate step environment variables configuration S_B_Generic_0012. Users should not be able to declare an empty environment variable on a step configuration. Pipeline Sync should fail." time="10.2210" classclass="S_B_Generic_0012. Users should not be able to declare an empty environment variable on a step configuration. Pipeline Sync should fail.">
    </testcase>
    <testcase class="GENERIC_BASH - 6 out of 7 - steps environment variable tests  Below test cases were added for PIPE-3727 Validate step environment variables configuration S_B_Generic_0013. Users should not be able to declare values that are not an array on a step configuration environment variable. Pipeline Sync should fail." time="10.2140" classclass="S_B_Generic_0013. Users should not be able to declare values that are not an array on a step configuration environment variable. Pipeline Sync should fail.">
    </testcase>
    <testcase class="GENERIC_BASH - 6 out of 7 - steps environment variable tests  Below test cases were added for PIPE-3727 Validate step environment variables configuration S_B_Generic_0014. Users should not be able to declare an environment variable that has no default value on a step configuration. Pipeline Sync should fail." time="10.2820" classclass="S_B_Generic_0014. Users should not be able to declare an environment variable that has no default value on a step configuration. Pipeline Sync should fail.">
    </testcase>
    <testcase class="GENERIC_BASH - 6 out of 7 - steps environment variable tests  Below test cases were added for PIPE-3727 Validate step environment variables configuration S_B_Generic_0015. Environment variables declared on steps that do not support custom values should be exported as read only." time="29.6730" classclass="S_B_Generic_0015. Environment variables declared on steps that do not support custom values should be exported as read only.">
      <failure message="Step S_B_Generic_0015_1 does not contain console entry: Executing step,step_env_var=new_value,readonly variable" type="Error"><![CDATA[Error: Step S_B_Generic_0015_1 does not contain console entry: Executing step,step_env_var=new_value,readonly variable
    at /var/opt/jfrog/pipelines/data/iTest/runs/521732/steps/bash_tests_2/4383573/setup_PreMatrix/tests/globalWrapper/triggerStepToGetRunStatusAndCheckConsoleOutput.js:440:27
    at Array.every (<anonymous>)
    at __lookForStepletConsole (globalWrapper/triggerStepToGetRunStatusAndCheckConsoleOutput.js:376:21)
    at /var/opt/jfrog/pipelines/data/iTest/runs/521732/steps/bash_tests_2/4383573/setup_PreMatrix/tests/node_modules/async/dist/async.js:2952:28
    at replenish (node_modules/async/dist/async.js:444:21)
    at /var/opt/jfrog/pipelines/data/iTest/runs/521732/steps/bash_tests_2/4383573/setup_PreMatrix/tests/node_modules/async/dist/async.js:449:13
    at eachOfLimit$1 (node_modules/async/dist/async.js:475:34)
    at awaitable(eachOfLimit$1) (node_modules/async/dist/async.js:208:32)
    at eachOfSeries (node_modules/async/dist/async.js:662:16)
    at awaitable(eachOfSeries) (node_modules/async/dist/async.js:208:32)
    at /var/opt/jfrog/pipelines/data/iTest/runs/521732/steps/bash_tests_2/4383573/setup_PreMatrix/tests/node_modules/async/dist/async.js:2951:9
    at awaitable() (node_modules/async/dist/async.js:208:32)
    at Object.series (node_modules/async/dist/async.js:3961:16)
    at _stepletsConsolePositiveLookup (globalWrapper/triggerStepToGetRunStatusAndCheckConsoleOutput.js:332:15)
    at /var/opt/jfrog/pipelines/data/iTest/runs/521732/steps/bash_tests_2/4383573/setup_PreMatrix/tests/node_modules/async/dist/async.js:2952:28
    at replenish (node_modules/async/dist/async.js:444:21)
    at iterateeCallback (node_modules/async/dist/async.js:428:21)
    at /var/opt/jfrog/pipelines/data/iTest/runs/521732/steps/bash_tests_2/4383573/setup_PreMatrix/tests/node_modules/async/dist/async.js:325:20
    at /var/opt/jfrog/pipelines/data/iTest/runs/521732/steps/bash_tests_2/4383573/setup_PreMatrix/tests/node_modules/async/dist/async.js:2957:17
    at /var/opt/jfrog/pipelines/data/iTest/runs/521732/steps/bash_tests_2/4383573/setup_PreMatrix/tests/globalWrapper/triggerStepToGetRunStatusAndCheckConsoleOutput.js:315:22
    at wrapper (node_modules/async/dist/async.js:272:20)
    at replenish (node_modules/async/dist/async.js:439:29)
    at iterateeCallback (node_modules/async/dist/async.js:428:21)
    at /var/opt/jfrog/pipelines/data/iTest/runs/521732/steps/bash_tests_2/4383573/setup_PreMatrix/tests/node_modules/async/dist/async.js:325:20
    at /var/opt/jfrog/pipelines/data/iTest/runs/521732/steps/bash_tests_2/4383573/setup_PreMatrix/tests/globalWrapper/triggerStepToGetRunStatusAndCheckConsoleOutput.js:306:24
    at /var/opt/jfrog/pipelines/data/iTest/runs/521732/steps/bash_tests_2/4383573/setup_PreMatrix/tests/_common/pipelines/Adapter.js:2573:9
    at /var/opt/jfrog/pipelines/data/iTest/runs/521732/steps/bash_tests_2/4383573/setup_PreMatrix/tests/node_modules/async/dist/async.js:2959:19
    at wrapper (node_modules/async/dist/async.js:272:20)
    at replenish (node_modules/async/dist/async.js:439:29)
    at iterateeCallback (node_modules/async/dist/async.js:428:21)
    at /var/opt/jfrog/pipelines/data/iTest/runs/521732/steps/bash_tests_2/4383573/setup_PreMatrix/tests/node_modules/async/dist/async.js:325:20
    at /var/opt/jfrog/pipelines/data/iTest/runs/521732/steps/bash_tests_2/4383573/setup_PreMatrix/tests/node_modules/async/dist/async.js:2957:17
    at Request._callback (_common/utils.js:126:9)
    at Request.self.callback (node_modules/request/request.js:188:22)
    at Request.<anonymous> (node_modules/request/request.js:1171:10)
    at IncomingMessage.<anonymous> (node_modules/request/request.js:1091:12)
    at endReadableNT (internal/streams/readable.js:1336:12)
    at processTicksAndRejections (internal/process/task_queues.js:82:21)]]></failure>
    </testcase>
  </testsuite>
</testsuites>