<?xml version="1.0" encoding="UTF-8"?>
<testsuites class="Mocha Tests" time="419.1330" tests="13" failures="0" skipped="2">
  <testsuite class="Root Suite" timestamp="2022-01-17T17:51:26" tests="0" time="0.0000" failures="0">
  </testsuite>
  <testsuite class="XRAYSCAN_STEP - XrayScan Step Tests" timestamp="2022-01-17T17:51:26" tests="13" file="/var/opt/jfrog/pipelines/data/iTest/runs/521732/steps/bash_tests_2/4383588/setup_PreMatrix/tests/core/steps/Bash/BashNative/XrayScan.js" time="419.1270" failures="0" skipped="2">
    <testcase class="XRAYSCAN_STEP - XrayScan Step Tests S-XrayScan-0001 User verifies that pipeline sync is successful when newVersionOnly is true on a resource in inputResources for a XrayScan step." time="20.6650" classclass="S-XrayScan-0001 User verifies that pipeline sync is successful when newVersionOnly is true on a resource in inputResources for a XrayScan step.">
    </testcase>
    <testcase class="XRAYSCAN_STEP - XrayScan Step Tests S-XrayScan-0002 User verifies that pipeline sync is successful with two input resources, only one BuildInfo, for an XrayScan step." time="20.1530" classclass="S-XrayScan-0002 User verifies that pipeline sync is successful with two input resources, only one BuildInfo, for an XrayScan step.">
    </testcase>
    <testcase class="XRAYSCAN_STEP - XrayScan Step Tests S-XrayScan-0003 User verifies that pipeline sync fails with two BuildInfo input resources for an XrayScan step." time="11.9320" classclass="S-XrayScan-0003 User verifies that pipeline sync fails with two BuildInfo input resources for an XrayScan step.">
    </testcase>
    <testcase class="XRAYSCAN_STEP - XrayScan Step Tests S-XrayScan-0004 User verifies that pipeline sync is successful with two output resources, only one BuildInfo, for an XrayScan step." time="23.1770" classclass="S-XrayScan-0004 User verifies that pipeline sync is successful with two output resources, only one BuildInfo, for an XrayScan step.">
    </testcase>
    <testcase class="XRAYSCAN_STEP - XrayScan Step Tests S-XrayScan-0005 User verifies that pipeline sync fails with two BuildInfo output resources for an XrayScan step." time="13.5330" classclass="S-XrayScan-0005 User verifies that pipeline sync fails with two BuildInfo output resources for an XrayScan step.">
    </testcase>
    <testcase class="XRAYSCAN_STEP - XrayScan Step Tests S-XrayScan-0006 User verifies that pipeline sync is successful with an SCM integration for an XrayScan step." time="13.3010" classclass="S-XrayScan-0006 User verifies that pipeline sync is successful with an SCM integration for an XrayScan step.">
    </testcase>
    <testcase class="XRAYSCAN_STEP - XrayScan Step Tests S-XrayScan-5933-001 User adds an XrayScan step with a BuildInfo input resource at the pipeline level.  Sync is successful." time="11.2360" classclass="S-XrayScan-5933-001 User adds an XrayScan step with a BuildInfo input resource at the pipeline level.  Sync is successful.">
    </testcase>
    <testcase class="XRAYSCAN_STEP - XrayScan Step Tests S-XrayScan-5933-002 User adds an XrayScan step with a BuildInfo input resource at the pipeline level and another at the step level.  Sync fails." time="10.4930" classclass="S-XrayScan-5933-002 User adds an XrayScan step with a BuildInfo input resource at the pipeline level and another at the step level.  Sync fails.">
    </testcase>
    <testcase class="XRAYSCAN_STEP - XrayScan Step Tests S-XrayScan-5933-003 User adds an XrayScan step with a BuildInfo output resource at the pipeline level.  Sync is successful." time="11.1400" classclass="S-XrayScan-5933-003 User adds an XrayScan step with a BuildInfo output resource at the pipeline level.  Sync is successful.">
    </testcase>
    <testcase class="XRAYSCAN_STEP - XrayScan Step Tests S-XrayScan-5933-004 User adds an XrayScan step with a BuildInfo output resource at the pipeline level and another at the step level.  Sync fails." time="10.4050" classclass="S-XrayScan-5933-004 User adds an XrayScan step with a BuildInfo output resource at the pipeline level and another at the step level.  Sync fails.">
    </testcase>
    <testcase class="XRAYSCAN_STEP - XrayScan Step Tests S-XrayScan-5933-005 User runs an XrayScan step with BuildInfo input and output resources at the pipeline level successfully" time="272.8470" classclass="S-XrayScan-5933-005 User runs an XrayScan step with BuildInfo input and output resources at the pipeline level successfully">
    </testcase>
    <testcase class="XRAYSCAN_STEP - XrayScan Step Tests S-XrayScan-6679-001 User runs an XrayScan step with BuildInfo input and scan results are available in the steps api." time="0.0000" classclass="S-XrayScan-6679-001 User runs an XrayScan step with BuildInfo input and scan results are available in the steps api.">
      <skipped/>
    </testcase>
    <testcase class="XRAYSCAN_STEP - XrayScan Step Tests S-XrayScan-7122-001 User runs an XrayScan step with BuildInfo input and a failing scan and scan results are available in the steps api." time="0.0000" classclass="S-XrayScan-7122-001 User runs an XrayScan step with BuildInfo input and a failing scan and scan results are available in the steps api.">
      <skipped/>
    </testcase>
  </testsuite>
</testsuites>