<?xml version="1.0" encoding="UTF-8"?>
<testsuites name="Mocha Tests" time="1208.0450" tests="18" failures="0">
  <testsuite name="Root Suite" timestamp="2022-01-17T17:51:25" tests="0" time="0.0000" failures="0">
  </testsuite>
  <testsuite name="UPLOADARTIFACT_STEP - UploadArtifact Step Tests" timestamp="2022-01-17T17:51:25" tests="18" file="/var/opt/jfrog/pipelines/data/iTest/runs/521732/steps/bash_tests_2/4383586/setup_PreMatrix/tests/core/steps/Bash/BashNative/UploadArtifact.js" time="1208.0290" failures="0">
    <testcase name="UPLOADARTIFACT_STEP - UploadArtifact Step Tests EXT-S-LX-AU-0001 User runs an UploadArtifact step on Linux with just a FileSpec input resource and uploads the intended resource." time="201.3560" classname="EXT-S-LX-AU-0001 User runs an UploadArtifact step on Linux with just a FileSpec input resource and uploads the intended resource.">
    </testcase>
    <testcase name="UPLOADARTIFACT_STEP - UploadArtifact Step Tests EXT-S-LX-AU-0002 User runs an UploadArtifact step on Linux with just a RemoteFile input resource and uploads the intended resource." time="88.3410" classname="EXT-S-LX-AU-0002 User runs an UploadArtifact step on Linux with just a RemoteFile input resource and uploads the intended resource.">
    </testcase>
    <testcase name="UPLOADARTIFACT_STEP - UploadArtifact Step Tests EXT-S-LX-AU-0003 User runs an UploadArtifact step on Linux with FileSpec and RemoteFile resources and uploads files from both." time="64.5110" classname="EXT-S-LX-AU-0003 User runs an UploadArtifact step on Linux with FileSpec and RemoteFile resources and uploads files from both.">
    </testcase>
    <testcase name="UPLOADARTIFACT_STEP - UploadArtifact Step Tests EXT-S-LX-AU-0004 User runs an UploadArtifact step on Linux with a FileSpec output resource and no regExp and the resource is updated with the uploaded files." time="52.2540" classname="EXT-S-LX-AU-0004 User runs an UploadArtifact step on Linux with a FileSpec output resource and no regExp and the resource is updated with the uploaded files.">
    </testcase>
    <testcase name="UPLOADARTIFACT_STEP - UploadArtifact Step Tests EXT-S-LX-AU-0005 User runs an UploadArtifact step on Linux with a FileSpec output resource and regExp and the resource is updated with the uploaded files." time="51.9630" classname="EXT-S-LX-AU-0005 User runs an UploadArtifact step on Linux with a FileSpec output resource and regExp and the resource is updated with the uploaded files.">
    </testcase>
    <testcase name="UPLOADARTIFACT_STEP - UploadArtifact Step Tests EXT-S-LX-AU-0006 User runs an UploadArtifact step on Linux with autoPublishBuildInfo and an output BuildInfo resource and the output BuildInfo resource is updated for the published BuildInfo." time="51.6920" classname="EXT-S-LX-AU-0006 User runs an UploadArtifact step on Linux with autoPublishBuildInfo and an output BuildInfo resource and the output BuildInfo resource is updated for the published BuildInfo.">
    </testcase>
    <testcase name="UPLOADARTIFACT_STEP - UploadArtifact Step Tests EXT-S-LX-AU-0007 User runs an UploadArtifact step on Linux with properties and the properties are on the uploaded files." time="51.8570" classname="EXT-S-LX-AU-0007 User runs an UploadArtifact step on Linux with properties and the properties are on the uploaded files.">
    </testcase>
    <testcase name="UPLOADARTIFACT_STEP - UploadArtifact Step Tests EXT-S-LX-AU-0008 User runs an UploadArtifact step on Linux with properties containing variables and the properties on the uploaded files have the expected values." time="57.7130" classname="EXT-S-LX-AU-0008 User runs an UploadArtifact step on Linux with properties containing variables and the properties on the uploaded files have the expected values.">
    </testcase>
    <testcase name="UPLOADARTIFACT_STEP - UploadArtifact Step Tests EXT-S-LX-AU-0009 User runs an UploadArtifact step on Linux with flat true and nested directories and uploaded files do not have the directory structure." time="51.4820" classname="EXT-S-LX-AU-0009 User runs an UploadArtifact step on Linux with flat true and nested directories and uploaded files do not have the directory structure.">
    </testcase>
    <testcase name="UPLOADARTIFACT_STEP - UploadArtifact Step Tests EXT-S-LX-AU-0010 User runs an UploadArtifact step on Linux with flat false and nested directories and uploaded files do have the directory structure." time="57.7310" classname="EXT-S-LX-AU-0010 User runs an UploadArtifact step on Linux with flat false and nested directories and uploaded files do have the directory structure.">
    </testcase>
    <testcase name="UPLOADARTIFACT_STEP - UploadArtifact Step Tests EXT-S-LX-AU-0011 User runs an UploadArtifact step on Linux with module and the uploaded artifact has the correct module." time="184.3240" classname="EXT-S-LX-AU-0011 User runs an UploadArtifact step on Linux with module and the uploaded artifact has the correct module.">
    </testcase>
    <testcase name="UPLOADARTIFACT_STEP - UploadArtifact Step Tests EXT-S-LX-AU-0012 User runs an UploadArtifact step on Linux with deb and the uploaded artifact has the correct Debian distribution information." time="45.6690" classname="EXT-S-LX-AU-0012 User runs an UploadArtifact step on Linux with deb and the uploaded artifact has the correct Debian distribution information.">
    </testcase>
    <testcase name="UPLOADARTIFACT_STEP - UploadArtifact Step Tests EXT-S-LX-AU-0013 User runs an UploadArtifact step on Linux with recursive false and no files in subdirectories are uploaded." time="39.8380" classname="EXT-S-LX-AU-0013 User runs an UploadArtifact step on Linux with recursive false and no files in subdirectories are uploaded.">
    </testcase>
    <testcase name="UPLOADARTIFACT_STEP - UploadArtifact Step Tests EXT-S-LX-AU-0014 User runs an UploadArtifact step on Linux with dryRun true and no files are uploaded." time="45.3440" classname="EXT-S-LX-AU-0014 User runs an UploadArtifact step on Linux with dryRun true and no files are uploaded.">
    </testcase>
    <testcase name="UPLOADARTIFACT_STEP - UploadArtifact Step Tests EXT-S-LX-AU-0015 User runs an UploadArtifact step on Linux with symlinks true and a symlink and the symlink is uploaded." time="33.1610" classname="EXT-S-LX-AU-0015 User runs an UploadArtifact step on Linux with symlinks true and a symlink and the symlink is uploaded.">
    </testcase>
    <testcase name="UPLOADARTIFACT_STEP - UploadArtifact Step Tests EXT-S-LX-AU-0016 User runs an UploadArtifact step on Linux with explode true and the uploaded file is expanded." time="39.4140" classname="EXT-S-LX-AU-0016 User runs an UploadArtifact step on Linux with explode true and the uploaded file is expanded.">
    </testcase>
    <testcase name="UPLOADARTIFACT_STEP - UploadArtifact Step Tests EXT-S-LX-AU-0017 User runs an UploadArtifact step on Linux with includeDirs and the correct files are uploaded." time="33.0010" classname="EXT-S-LX-AU-0017 User runs an UploadArtifact step on Linux with includeDirs and the correct files are uploaded.">
    </testcase>
    <testcase name="UPLOADARTIFACT_STEP - UploadArtifact Step Tests EXT-S-LX-AU-0018 User runs an UploadArtifact step on Linux with syncDeletes and other files in that path are removed." time="57.9940" classname="EXT-S-LX-AU-0018 User runs an UploadArtifact step on Linux with syncDeletes and other files in that path are removed.">
    </testcase>
  </testsuite>
</testsuites>