<?xml version="1.0" encoding="UTF-8"?>
<testsuites class="Mocha Tests" time="1170.9130" tests="26" failures="0" skipped="3">
  <testsuite class="Root Suite" timestamp="2022-01-17T17:51:26" tests="0" time="0.0000" failures="0">
  </testsuite>
  <testsuite class="PROMOTEBUILD_STEP - PromoteBuild Step Tests" timestamp="2022-01-17T17:51:26" tests="26" file="/var/opt/jfrog/pipelines/data/iTest/runs/521732/steps/bash_tests_2/4383590/setup_PreMatrix/tests/core/steps/Bash/BashNative/PromoteBuild.js" time="1170.8790" failures="0" skipped="3">
    <testcase class="PROMOTEBUILD_STEP - PromoteBuild Step Tests S-PromoteBuild-0001 User verifies that pipeline sync is successful when newVersionOnly is true on a resource in inputResources for a PromoteBuild step." time="19.7840" classclass="S-PromoteBuild-0001 User verifies that pipeline sync is successful when newVersionOnly is true on a resource in inputResources for a PromoteBuild step.">
    </testcase>
    <testcase class="PROMOTEBUILD_STEP - PromoteBuild Step Tests S_PromoteBuild_0002. A user runs a PromoteBuild on Linux step with status, comment, copy, and includeDependencies." time="136.9410" classclass="S_PromoteBuild_0002. A user runs a PromoteBuild on Linux step with status, comment, copy, and includeDependencies.">
    </testcase>
    <testcase class="PROMOTEBUILD_STEP - PromoteBuild Step Tests S_PromoteBuild_0003. A user adds a PromoteBuild step without an input BuildInfo resource and sync fails." time="10.3610" classclass="S_PromoteBuild_0003. A user adds a PromoteBuild step without an input BuildInfo resource and sync fails.">
    </testcase>
    <testcase class="PROMOTEBUILD_STEP - PromoteBuild Step Tests S_PromoteBuild_0004. A user adds a PromoteBuild step overriding the buildName and buildNumber variables.  The step updates the correct build info." time="106.8480" classclass="S_PromoteBuild_0004. A user adds a PromoteBuild step overriding the buildName and buildNumber variables.  The step updates the correct build info.">
    </testcase>
    <testcase class="PROMOTEBUILD_STEP - PromoteBuild Step Tests S_PromoteBuild_0005. A user adds a PromoteBuild step without targetRepository and sync fails." time="9.9410" classclass="S_PromoteBuild_0005. A user adds a PromoteBuild step without targetRepository and sync fails.">
    </testcase>
    <testcase class="PROMOTEBUILD_STEP - PromoteBuild Step Tests S_PromoteBuild_0006. A user adds a PromoteBuild step with a targetRepository that includes a variable and the step is successful." time="69.7700" classclass="S_PromoteBuild_0006. A user adds a PromoteBuild step with a targetRepository that includes a variable and the step is successful.">
    </testcase>
    <testcase class="PROMOTEBUILD_STEP - PromoteBuild Step Tests S_PromoteBuild_0007. A user adds a PromoteBuild step with status and triggers the step.  The step updates the build info with the correct status." time="184.3590" classclass="S_PromoteBuild_0007. A user adds a PromoteBuild step with status and triggers the step.  The step updates the build info with the correct status.">
    </testcase>
    <testcase class="PROMOTEBUILD_STEP - PromoteBuild Step Tests S_PromoteBuild_0008. A user adds a PromoteBuild step with status as a variable and triggers the step.  The step updates the build info with the correct status." time="45.5480" classclass="S_PromoteBuild_0008. A user adds a PromoteBuild step with status as a variable and triggers the step.  The step updates the build info with the correct status.">
    </testcase>
    <testcase class="PROMOTEBUILD_STEP - PromoteBuild Step Tests S_PromoteBuild_0009, A user adds a PromoteBuild step with comment and triggers the step.  The step updates the build info with the correct comment." time="45.3780" classclass="S_PromoteBuild_0009, A user adds a PromoteBuild step with comment and triggers the step.  The step updates the build info with the correct comment.">
    </testcase>
    <testcase class="PROMOTEBUILD_STEP - PromoteBuild Step Tests S_PromoteBuild_0010. A user adds a PromoteBuild step with a comment including a variable and triggers the step.  The step updates the build info with the correct comment." time="51.4390" classclass="S_PromoteBuild_0010. A user adds a PromoteBuild step with a comment including a variable and triggers the step.  The step updates the build info with the correct comment.">
    </testcase>
    <testcase class="PROMOTEBUILD_STEP - PromoteBuild Step Tests S_PromoteBuild_0011. A user adds a PromoteBuild step with copy: true and triggers the step.  The update copies the artifacts." time="51.2370" classclass="S_PromoteBuild_0011. A user adds a PromoteBuild step with copy: true and triggers the step.  The update copies the artifacts.">
    </testcase>
    <testcase class="PROMOTEBUILD_STEP - PromoteBuild Step Tests S_PromoteBuild_0012. A user adds a PromoteBuild step with copy: ${variable}, where the variable is “true,” and triggers the step.  The update copies the artifacts." time="45.3730" classclass="S_PromoteBuild_0012. A user adds a PromoteBuild step with copy: ${variable}, where the variable is “true,” and triggers the step.  The update copies the artifacts.">
    </testcase>
    <testcase class="PROMOTEBUILD_STEP - PromoteBuild Step Tests S_PromoteBuild_0013. A user adds a PromoteBuild step without copy and triggers the step.  The update moves and does not copy the artifacts." time="39.0840" classclass="S_PromoteBuild_0013. A user adds a PromoteBuild step without copy and triggers the step.  The update moves and does not copy the artifacts.">
    </testcase>
    <testcase class="PROMOTEBUILD_STEP - PromoteBuild Step Tests S_PromoteBuild_0014. A user adds a PromoteBuild step with includeDependencies and triggers the step.  The dependencies are included." time="74.7570" classclass="S_PromoteBuild_0014. A user adds a PromoteBuild step with includeDependencies and triggers the step.  The dependencies are included.">
    </testcase>
    <testcase class="PROMOTEBUILD_STEP - PromoteBuild Step Tests S_PromoteBuild_0015. A user adds a PromoteBuild step with includeDependencies ${variable}, where the variable is “true,” and triggers the step.  The dependencies are included." time="64.8180" classclass="S_PromoteBuild_0015. A user adds a PromoteBuild step with includeDependencies ${variable}, where the variable is “true,” and triggers the step.  The dependencies are included.">
    </testcase>
    <testcase class="PROMOTEBUILD_STEP - PromoteBuild Step Tests S_PromoteBuild_0016. A user adds a PromoteBuild step without an output BuildInfo resource and sync fails." time="9.9540" classclass="S_PromoteBuild_0016. A user adds a PromoteBuild step without an output BuildInfo resource and sync fails.">
    </testcase>
    <testcase class="PROMOTEBUILD_STEP - PromoteBuild Step Tests S_PromoteBuild_0017. A user adds a PromoteBuild step with an output BuildInfo resource and triggers the step.  The output resource is updated with the correct build name and number." time="0.0000" classclass="S_PromoteBuild_0017. A user adds a PromoteBuild step with an output BuildInfo resource and triggers the step.  The output resource is updated with the correct build name and number.">
      <skipped/>
    </testcase>
    <testcase class="PROMOTEBUILD_STEP - PromoteBuild Step Tests S_PromoteBuild_0018. User can add a PromoteBuild step without specifying failOnValidate and it defaults to false. The step attempts to promote a build with an invalid artifact signature. The promotion is successful." time="0.0000" classclass="S_PromoteBuild_0018. User can add a PromoteBuild step without specifying failOnValidate and it defaults to false. The step attempts to promote a build with an invalid artifact signature. The promotion is successful.">
      <skipped/>
    </testcase>
    <testcase class="PROMOTEBUILD_STEP - PromoteBuild Step Tests S_PromoteBuild_0019. User can add a PromoteBuild step specifying failOnValidate as true. The step attempts to promote a build with an invalid artifacts. The promotion fails." time="64.4160" classclass="S_PromoteBuild_0019. User can add a PromoteBuild step specifying failOnValidate as true. The step attempts to promote a build with an invalid artifacts. The promotion fails.">
    </testcase>
    <testcase class="PROMOTEBUILD_STEP - PromoteBuild Step Tests S_PromoteBuild_0020. User can add a PromoteBuild step specifying failOnValidate as true. The step attempts to promote a build with a valid artifact signature. The promotion is successful" time="57.8290" classclass="S_PromoteBuild_0020. User can add a PromoteBuild step specifying failOnValidate as true. The step attempts to promote a build with a valid artifact signature. The promotion is successful">
    </testcase>
    <testcase class="PROMOTEBUILD_STEP - PromoteBuild Step Tests S_PromoteBuild_0021. User can add a PromoteBuild step specifying failOnValidate as false. The step attempts to promote a build with an invalid artifact signature. The promotion is successful." time="0.0000" classclass="S_PromoteBuild_0021. User can add a PromoteBuild step specifying failOnValidate as false. The step attempts to promote a build with an invalid artifact signature. The promotion is successful.">
      <skipped/>
    </testcase>
    <testcase class="PROMOTEBUILD_STEP - PromoteBuild Step Tests S-PromoteBuild-5933-001 User adds a PromoteBuild step with a BuildInfo input resource at the pipeline level.  Sync is successful." time="10.4510" classclass="S-PromoteBuild-5933-001 User adds a PromoteBuild step with a BuildInfo input resource at the pipeline level.  Sync is successful.">
    </testcase>
    <testcase class="PROMOTEBUILD_STEP - PromoteBuild Step Tests S-PromoteBuild-5933-002 User adds a PromoteBuild step with a BuildInfo input resource at the pipeline level and another at the step level.  Sync fails." time="9.6700" classclass="S-PromoteBuild-5933-002 User adds a PromoteBuild step with a BuildInfo input resource at the pipeline level and another at the step level.  Sync fails.">
    </testcase>
    <testcase class="PROMOTEBUILD_STEP - PromoteBuild Step Tests S-PromoteBuild-5933-003 User adds a PromoteBuild step with a BuildInfo output resource at the pipeline level.  Sync is successful." time="10.2970" classclass="S-PromoteBuild-5933-003 User adds a PromoteBuild step with a BuildInfo output resource at the pipeline level.  Sync is successful.">
    </testcase>
    <testcase class="PROMOTEBUILD_STEP - PromoteBuild Step Tests S-PromoteBuild-5933-004 User adds a PromoteBuild step with a BuildInfo output resource at the pipeline level and another at the step level.  Sync fails." time="9.8250" classclass="S-PromoteBuild-5933-004 User adds a PromoteBuild step with a BuildInfo output resource at the pipeline level and another at the step level.  Sync fails.">
    </testcase>
    <testcase class="PROMOTEBUILD_STEP - PromoteBuild Step Tests S-PromoteBuild-5933-005 User runs a PromoteBuild step with BuildInfo input and output resources at the pipeline level successfully." time="42.5350" classclass="S-PromoteBuild-5933-005 User runs a PromoteBuild step with BuildInfo input and output resources at the pipeline level successfully.">
    </testcase>
  </testsuite>
</testsuites>