<?xml version="1.0" encoding="UTF-8"?>
<testsuites class="Mocha Tests" time="260.8750" tests="3" failures="0" skipped="1">
  <testsuite class="Root Suite" timestamp="2022-01-17T17:51:26" tests="0" time="0.0000" failures="0">
  </testsuite>
  <testsuite class="GENERIC_BASH - 4 out of 7 - build info url tests " timestamp="2022-01-17T17:51:26" tests="0" file="/var/opt/jfrog/pipelines/data/iTest/runs/521732/steps/bash_tests_2/4383578/setup_PreMatrix/tests/core/steps/Bash/BashGeneric/buildInfoUrl.js" time="0.0000" failures="0">
  </testsuite>
  <testsuite class="Below test cases were added to validate if Pipelines is setting the build URL properly when publishing BuildInfo to Artifactory." timestamp="2022-01-17T17:51:26" tests="0" file="/var/opt/jfrog/pipelines/data/iTest/runs/521732/steps/bash_tests_2/4383578/setup_PreMatrix/tests/core/steps/Bash/BashGeneric/buildInfoUrl.js" time="0.0000" failures="0">
  </testsuite>
  <testsuite class="Validate Build Info URL" timestamp="2022-01-17T17:51:26" tests="3" file="/var/opt/jfrog/pipelines/data/iTest/runs/521732/steps/bash_tests_2/4383578/setup_PreMatrix/tests/core/steps/Bash/BashGeneric/buildInfoUrl.js" time="260.7230" failures="0" skipped="1">
    <testcase class="GENERIC_BASH - 4 out of 7 - build info url tests  Below test cases were added to validate if Pipelines is setting the build URL properly when publishing BuildInfo to Artifactory. Validate Build Info URL S_BuildInfoUrl_0001. BuildInfo published from a step using the JFrog CLI must have the build URL set with the step URL when JFROG_CLI_BUILD_URL environment variable is not set as part of the step execution." time="141.7110" classclass="S_BuildInfoUrl_0001. BuildInfo published from a step using the JFrog CLI must have the build URL set with the step URL when JFROG_CLI_BUILD_URL environment variable is not set as part of the step execution.">
    </testcase>
    <testcase class="GENERIC_BASH - 4 out of 7 - build info url tests  Below test cases were added to validate if Pipelines is setting the build URL properly when publishing BuildInfo to Artifactory. Validate Build Info URL S_BuildInfoUrl_0002. BuildInfo published using a PublishBuildInfo native step must have the build URL set with the step URL." time="119.0070" classclass="S_BuildInfoUrl_0002. BuildInfo published using a PublishBuildInfo native step must have the build URL set with the step URL.">
    </testcase>
    <testcase class="GENERIC_BASH - 4 out of 7 - build info url tests  Below test cases were added to validate if Pipelines is setting the build URL properly when publishing BuildInfo to Artifactory. Validate Build Info URL S_BuildInfoUrl_0003. Users should be able to override JFROG_CLI_BUILD_URL environment variable value on a step." time="0.0000" classclass="S_BuildInfoUrl_0003. Users should be able to override JFROG_CLI_BUILD_URL environment variable value on a step.">
      <skipped/>
    </testcase>
  </testsuite>
</testsuites>