<?xml version="1.0" encoding="UTF-8"?>
<testsuites name="Mocha Tests" time="364.2530" tests="32" failures="0" skipped="1">
  <testsuite name="Root Suite" timestamp="2022-01-17T17:51:26" tests="0" time="0.0000" failures="0">
  </testsuite>
  <testsuite name="GENERIC_BASH - 2 out of 7 - Generic Bash tests " timestamp="2022-01-17T17:51:26" tests="32" file="/var/opt/jfrog/pipelines/data/iTest/runs/521732/steps/bash_tests_2/4383580/setup_PreMatrix/tests/core/steps/Bash/BashGeneric/BashGenericSync.js" time="364.2400" failures="0" skipped="1">
    <testcase name="GENERIC_BASH - 2 out of 7 - Generic Bash tests  S-Bash-0421. If Bash step name contains invalid or restricted characters, then Pipeline sync should fail ." time="11.4230" classname="S-Bash-0421. If Bash step name contains invalid or restricted characters, then Pipeline sync should fail .">
    </testcase>
    <testcase name="GENERIC_BASH - 2 out of 7 - Generic Bash tests  S-Bash-0422. If Bash step name is missing, then Pipeline sync should   fails." time="24.0260" classname="S-Bash-0422. If Bash step name is missing, then Pipeline sync should   fails.">
    </testcase>
    <testcase name="GENERIC_BASH - 2 out of 7 - Generic Bash tests  S-Bash-0431. Users should be able to add the Bash step by providing name, type, execution, and onExecute. Pipeline sync should success" time="21.2320" classname="S-Bash-0431. Users should be able to add the Bash step by providing name, type, execution, and onExecute. Pipeline sync should success">
    </testcase>
    <testcase name="GENERIC_BASH - 2 out of 7 - Generic Bash tests  S-Bash-0432. If type is not Bash then Pipeline sync should fail" time="15.2210" classname="S-Bash-0432. If type is not Bash then Pipeline sync should fail">
    </testcase>
    <testcase name="GENERIC_BASH - 2 out of 7 - Generic Bash tests  S-Bash-0007. Verify that if execution is mention and  onExecute are not mention then Pipeline sync should fail" time="13.6910" classname="S-Bash-0007. Verify that if execution is mention and  onExecute are not mention then Pipeline sync should fail">
    </testcase>
    <testcase name="GENERIC_BASH - 2 out of 7 - Generic Bash tests  S-Bash-0008. If execution field is missing then Pipeline sync should fail " time="12.6800" classname="S-Bash-0008. If execution field is missing then Pipeline sync should fail ">
    </testcase>
    <testcase name="GENERIC_BASH - 2 out of 7 - Generic Bash tests  S-Bash-0014. Verify if disconnected steps are specified in the same affinity group then Pipeline sync should fail" time="10.4110" classname="S-Bash-0014. Verify if disconnected steps are specified in the same affinity group then Pipeline sync should fail">
    </testcase>
    <testcase name="GENERIC_BASH - 2 out of 7 - Generic Bash tests  S-Bash-0015. Verify steps in the same affinity group, if different node pools are specified, then Pipeline sync should fail" time="11.7760" classname="S-Bash-0015. Verify steps in the same affinity group, if different node pools are specified, then Pipeline sync should fail">
    </testcase>
    <testcase name="GENERIC_BASH - 2 out of 7 - Generic Bash tests  S-Bash-0016. For steps in the same affinityGroup, if node pools  are available in one step and another Bash steps node pools is not available, then Pipeline sync should fail ." time="11.4350" classname="S-Bash-0016. For steps in the same affinityGroup, if node pools  are available in one step and another Bash steps node pools is not available, then Pipeline sync should fail .">
    </testcase>
    <testcase name="GENERIC_BASH - 2 out of 7 - Generic Bash tests  S-Bash-0017. If the user used affinityGroup name contains invalid  or restricted chars,then Pipeline sync should fail." time="11.2820" classname="S-Bash-0017. If the user used affinityGroup name contains invalid  or restricted chars,then Pipeline sync should fail.">
    </testcase>
    <testcase name="GENERIC_BASH - 2 out of 7 - Generic Bash tests  S-Bash-0024. Timeout value specified cannot be negative or a non-number then pipeline sync should fail." time="10.7950" classname="S-Bash-0024. Timeout value specified cannot be negative or a non-number then pipeline sync should fail.">
    </testcase>
    <testcase name="GENERIC_BASH - 2 out of 7 - Generic Bash tests  S-Bash-0025. Timeout value cannot have fractions of a minute then pipeline sync should fail." time="10.4300" classname="S-Bash-0025. Timeout value cannot have fractions of a minute then pipeline sync should fail.">
    </testcase>
    <testcase name="GENERIC_BASH - 2 out of 7 - Generic Bash tests  S-Bash-0029. User should able to add integration name in  integration section then pipeline sync should pass." time="11.3120" classname="S-Bash-0029. User should able to add integration name in  integration section then pipeline sync should pass.">
    </testcase>
    <testcase name="GENERIC_BASH - 2 out of 7 - Generic Bash tests  S-Bash-0030. User should able to add one Bash step to other Bash  step while giving the name of that Bash step in inputSteps sectionthen pipeline sync should pass" time="11.0610" classname="S-Bash-0030. User should able to add one Bash step to other Bash  step while giving the name of that Bash step in inputSteps sectionthen pipeline sync should pass">
    </testcase>
    <testcase name="GENERIC_BASH - 2 out of 7 - Generic Bash tests  S-Bash-0031. If connecting Bash step name is not correct then  Pipeline sync should fail" time="10.1760" classname="S-Bash-0031. If connecting Bash step name is not correct then  Pipeline sync should fail">
    </testcase>
    <testcase name="GENERIC_BASH - 2 out of 7 - Generic Bash tests  S-Bash-0056. OnExecute section is mandatory if it is missing or does not contain any commands and pipeline sync should fail" time="10.1820" classname="S-Bash-0056. OnExecute section is mandatory if it is missing or does not contain any commands and pipeline sync should fail">
    </testcase>
    <testcase name="GENERIC_BASH - 2 out of 7 - Generic Bash tests  S-Bash-0057. Specified outputResource doesn’t found, then   Pipeline sync should fail" time="10.2070" classname="S-Bash-0057. Specified outputResource doesn’t found, then   Pipeline sync should fail">
    </testcase>
    <testcase name="GENERIC_BASH - 2 out of 7 - Generic Bash tests  S-Bash-0065. If an integration specified in the step doesnot exist then Pipeline sync should fail" time="10.3310" classname="S-Bash-0065. If an integration specified in the step doesnot exist then Pipeline sync should fail">
    </testcase>
    <testcase name="GENERIC_BASH - 2 out of 7 - Generic Bash tests  S-Bash-0441. If user adds invalid limit in FileSpec resource then Pipeline sync should fail" time="10.3150" classname="S-Bash-0441. If user adds invalid limit in FileSpec resource then Pipeline sync should fail">
    </testcase>
    <testcase name="GENERIC_BASH - 2 out of 7 - Generic Bash tests  S-Bash-0442. If user adds invalid offset in FileSpec resource then Pipeline sync should fail." time="10.3540" classname="S-Bash-0442. If user adds invalid offset in FileSpec resource then Pipeline sync should fail.">
    </testcase>
    <testcase name="GENERIC_BASH - 2 out of 7 - Generic Bash tests  S-Bash-0036. If type is set to host and an image section is also specified, then Pipeline sync should fail." time="11.6300" classname="S-Bash-0036. If type is set to host and an image section is also specified, then Pipeline sync should fail.">
    </testcase>
    <testcase name="GENERIC_BASH - 2 out of 7 - Generic Bash tests  S-Bash-0037. If auto and custom both are specified, then pipeline sync should fail" time="10.4140" classname="S-Bash-0037. If auto and custom both are specified, then pipeline sync should fail">
    </testcase>
    <testcase name="GENERIC_BASH - 2 out of 7 - Generic Bash tests  S-Bash-0443. If type is Bash then Pipeline sync should success." time="10.3150" classname="S-Bash-0443. If type is Bash then Pipeline sync should success.">
    </testcase>
    <testcase name="GENERIC_BASH - 2 out of 7 - Generic Bash tests  S-Bash-0444. Verify that if execution and onExecute are mention then Pipeline sync should success" time="10.5610" classname="S-Bash-0444. Verify that if execution and onExecute are mention then Pipeline sync should success">
    </testcase>
    <testcase name="GENERIC_BASH - 2 out of 7 - Generic Bash tests  S-Bash-0009. If configuration section is optional and it is not specified then pipeline sync doesnot fail ." time="10.5320" classname="S-Bash-0009. If configuration section is optional and it is not specified then pipeline sync doesnot fail .">
    </testcase>
    <testcase name="GENERIC_BASH - 2 out of 7 - Generic Bash tests  S-Bash-0445. If runtime section is specified and if type is not  specified then pipeline sync should fail ." time="9.7800" classname="S-Bash-0445. If runtime section is specified and if type is not  specified then pipeline sync should fail .">
    </testcase>
    <testcase name="GENERIC_BASH - 2 out of 7 - Generic Bash tests  S-Bash-0520. If an integration section is found, and does not provide name of the integration then pipeline sync should fail." time="9.8310" classname="S-Bash-0520. If an integration section is found, and does not provide name of the integration then pipeline sync should fail.">
    </testcase>
    <testcase name="GENERIC_BASH - 2 out of 7 - Generic Bash tests  S-Bash-0053. If type is set to host and an image section is also specified, then pipeline sync shows a helpful error and fails." time="10.0430" classname="S-Bash-0053. If type is set to host and an image section is also specified, then pipeline sync shows a helpful error and fails.">
    </testcase>
    <testcase name="GENERIC_BASH - 2 out of 7 - Generic Bash tests  S-Bash-0039. If auto and custom both are specified,then pipeline syncshows a helpful error and fails." time="10.0290" classname="S-Bash-0039. If auto and custom both are specified,then pipeline syncshows a helpful error and fails.">
    </testcase>
    <testcase name="GENERIC_BASH - 2 out of 7 - Generic Bash tests  S-Bash-0529. If users add a command under the execution section in the bash step. If the command is enclosed with “{{ }}”  then verify the pipeline sync doesnt fail." time="11.6020" classname="S-Bash-0529. If users add a command under the execution section in the bash step. If the command is enclosed with “{{ }}”  then verify the pipeline sync doesnt fail.">
    </testcase>
    <testcase name="GENERIC_BASH - 2 out of 7 - Generic Bash tests  S-Bash-0538. User verifies that pipeline Sync is successful when newVersion is set to true under the input resource section in a bash step" time="10.9570" classname="S-Bash-0538. User verifies that pipeline Sync is successful when newVersion is set to true under the input resource section in a bash step">
    </testcase>
    <testcase name="GENERIC_BASH - 2 out of 7 - Generic Bash tests  S-BASH-6080-0001 User sees that pipeline source sync fails if runtime is specified as host and the node pool specified in the yml is a k8s node pool." time="0.0000" classname="S-BASH-6080-0001 User sees that pipeline source sync fails if runtime is specified as host and the node pool specified in the yml is a k8s node pool.">
      <skipped/>
    </testcase>
  </testsuite>
</testsuites>