<?xml version="1.0" encoding="UTF-8"?>
<testsuites class="Mocha Tests" time="464.4480" tests="19" failures="0">
  <testsuite class="Root Suite" timestamp="2022-01-17T17:51:26" tests="0" time="0.0000" failures="0">
  </testsuite>
  <testsuite class="PREMATRIX_STEP - PreMatrix Step Tests" timestamp="2022-01-17T17:51:26" tests="19" file="/var/opt/jfrog/pipelines/data/iTest/runs/521732/steps/bash_tests_2/4383591/setup_PreMatrix/tests/core/steps/Bash/BashNative/PreMatrix.js" time="464.4420" failures="0">
    <testcase class="PREMATRIX_STEP - PreMatrix Step Tests S-PreMatrix-0001 User should able to add PreMatrix step with required fields name, type and in execution section onExecute" time="13.9850" classclass="S-PreMatrix-0001 User should able to add PreMatrix step with required fields name, type and in execution section onExecute">
    </testcase>
    <testcase class="PREMATRIX_STEP - PreMatrix Step Tests S-PreMatrix-0002 User should able to add more than one PreMatrix step in the pipeline " time="18.7930" classclass="S-PreMatrix-0002 User should able to add more than one PreMatrix step in the pipeline ">
    </testcase>
    <testcase class="PREMATRIX_STEP - PreMatrix Step Tests S-PreMatrix-0003 If user adds a step where step name is invalid then the pipeline sync should fail" time="19.7140" classclass="S-PreMatrix-0003 If user adds a step where step name is invalid then the pipeline sync should fail">
    </testcase>
    <testcase class="PREMATRIX_STEP - PreMatrix Step Tests S-PreMatrix-0004 If user adds a pipeline source with PreMatrix step where the step name is missing then the pipeline sync should fail" time="22.3960" classclass="S-PreMatrix-0004 If user adds a pipeline source with PreMatrix step where the step name is missing then the pipeline sync should fail">
    </testcase>
    <testcase class="PREMATRIX_STEP - PreMatrix Step Tests S-PreMatrix-0005 If user adds a pipeline source with PreMatrix step where onExecute field in execution section is missing then the pipeline sync should fail" time="12.4850" classclass="S-PreMatrix-0005 If user adds a pipeline source with PreMatrix step where onExecute field in execution section is missing then the pipeline sync should fail">
    </testcase>
    <testcase class="PREMATRIX_STEP - PreMatrix Step Tests S-PreMatrix-0006 If user adds a pipeline source with PreMatrix step where execution section is having set_step_var utility function. Then verify pipelines sync should succeed" time="11.4100" classclass="S-PreMatrix-0006 If user adds a pipeline source with PreMatrix step where execution section is having set_step_var utility function. Then verify pipelines sync should succeed">
    </testcase>
    <testcase class="PREMATRIX_STEP - PreMatrix Step Tests S-PreMatrix-0007 If any PostMatrix step is inputSteps to PreMatrix step then verify pipeline sync should succeed" time="21.7120" classclass="S-PreMatrix-0007 If any PostMatrix step is inputSteps to PreMatrix step then verify pipeline sync should succeed">
    </testcase>
    <testcase class="PREMATRIX_STEP - PreMatrix Step Tests 1 User can add pipeline source to test S-PreMatrix-0008" time="11.3330" classclass="1 User can add pipeline source to test S-PreMatrix-0008">
    </testcase>
    <testcase class="PREMATRIX_STEP - PreMatrix Step Tests 2 User can get their pipelineSteps" time="0.0280" classclass="2 User can get their pipelineSteps">
    </testcase>
    <testcase class="PREMATRIX_STEP - PreMatrix Step Tests S-PreMatrix-0008 Superuser should be able to trigger a PreMatrix step" time="80.1380" classclass="S-PreMatrix-0008 Superuser should be able to trigger a PreMatrix step">
    </testcase>
    <testcase class="PREMATRIX_STEP - PreMatrix Step Tests S-PreMatrix-0009 Admin should be able to trigger with a PreMatrix step" time="80.1270" classclass="S-PreMatrix-0009 Admin should be able to trigger with a PreMatrix step">
    </testcase>
    <testcase class="PREMATRIX_STEP - PreMatrix Step Tests S-PreMatrix-0010 Member should not be able to trigger with a PreMatrix step" time="0.0710" classclass="S-PreMatrix-0010 Member should not be able to trigger with a PreMatrix step">
    </testcase>
    <testcase class="PREMATRIX_STEP - PreMatrix Step Tests S-PreMatrix-0011 Public user should not able to trigger a PreMatrix step" time="0.0240" classclass="S-PreMatrix-0011 Public user should not able to trigger a PreMatrix step">
    </testcase>
    <testcase class="PREMATRIX_STEP - PreMatrix Step Tests S-PreMatrix-0012 Superuser should be able to trigger a PreMatrix step with custom config" time="80.1490" classclass="S-PreMatrix-0012 Superuser should be able to trigger a PreMatrix step with custom config">
    </testcase>
    <testcase class="PREMATRIX_STEP - PreMatrix Step Tests S-PreMatrix-0013 Admin should be able to trigger with a PreMatrix step with custom config" time="80.0970" classclass="S-PreMatrix-0013 Admin should be able to trigger with a PreMatrix step with custom config">
    </testcase>
    <testcase class="PREMATRIX_STEP - PreMatrix Step Tests S-PreMatrix-0014 Member should not be able to trigger with a PreMatrix step with custom config" time="0.0880" classclass="S-PreMatrix-0014 Member should not be able to trigger with a PreMatrix step with custom config">
    </testcase>
    <testcase class="PREMATRIX_STEP - PreMatrix Step Tests S-PreMatrix-0015 Public user should not able to trigger a PreMatrix step with custom config" time="0.0220" classclass="S-PreMatrix-0015 Public user should not able to trigger a PreMatrix step with custom config">
    </testcase>
    <testcase class="PREMATRIX_STEP - PreMatrix Step Tests 3 User can delete pipelineSource by Id" time="1.3510" classclass="3 User can delete pipelineSource by Id">
    </testcase>
    <testcase class="PREMATRIX_STEP - PreMatrix Step Tests S-PreMatrix-0016. User verifies that pipeline sync is successful when newVersionOnly is true on a resource in inputResources for a PreMatrix step." time="10.2820" classclass="S-PreMatrix-0016. User verifies that pipeline sync is successful when newVersionOnly is true on a resource in inputResources for a PreMatrix step.">
    </testcase>
  </testsuite>
</testsuites>