<?xml version="1.0" encoding="UTF-8"?>
<testsuites class="Mocha Tests" time="34.5610" tests="14" failures="0">
  <testsuite class="Root Suite" timestamp="2022-01-17T17:52:12" tests="0" time="0.0000" failures="0">
  </testsuite>
  <testsuite class="PROJECTINTEGRATIONS_GOOGLECLOUD - GoogleCloud integration tests" timestamp="2022-01-17T17:52:12" tests="14" file="/var/opt/jfrog/pipelines/data/iTest/runs/521732/steps/projectIntegration_tests/4383815/setup_PreMatrix/tests/core/projectIntegrations/GoogleCloud.js" time="34.5550" failures="0">
    <testcase class="PROJECTINTEGRATIONS_GOOGLECLOUD - GoogleCloud integration tests I-GoogleCloud-0001. User can add GoogleCloud project Integration" time="18.3560" classclass="I-GoogleCloud-0001. User can add GoogleCloud project Integration">
    </testcase>
    <testcase class="PROJECTINTEGRATIONS_GOOGLECLOUD - GoogleCloud integration tests I-GoogleCloud-0007. Super User retrieving an added Google cloud integration should see ******** value in formJSONValues where the value of label is jsonKey" time="0.0420" classclass="I-GoogleCloud-0007. Super User retrieving an added Google cloud integration should see ******** value in formJSONValues where the value of label is jsonKey">
    </testcase>
    <testcase class="PROJECTINTEGRATIONS_GOOGLECLOUD - GoogleCloud integration tests I-GoogleCloud-0008. Project Admin User retrieving an added Google cloud integration should see ******** value in formJSONValues where the value of label is jsonKey" time="0.0840" classclass="I-GoogleCloud-0008. Project Admin User retrieving an added Google cloud integration should see ******** value in formJSONValues where the value of label is jsonKey">
    </testcase>
    <testcase class="PROJECTINTEGRATIONS_GOOGLECLOUD - GoogleCloud integration tests I-GoogleCloud-0009. Admin User retrieving an added Google cloud integration should see ******** value in formJSONValues where the value of label is jsonKey" time="0.1050" classclass="I-GoogleCloud-0009. Admin User retrieving an added Google cloud integration should see ******** value in formJSONValues where the value of label is jsonKey">
    </testcase>
    <testcase class="PROJECTINTEGRATIONS_GOOGLECLOUD - GoogleCloud integration tests I-GoogleCloud-0010. Member User retrieving an added Google cloud integration should see ******** value in formJSONValues where the value of label is jsonKey" time="0.2070" classclass="I-GoogleCloud-0010. Member User retrieving an added Google cloud integration should see ******** value in formJSONValues where the value of label is jsonKey">
    </testcase>
    <testcase class="PROJECTINTEGRATIONS_GOOGLECLOUD - GoogleCloud integration tests I-GoogleCloud-0011. Public User retrieving an added Google cloud integration should see 401 error" time="0.0370" classclass="I-GoogleCloud-0011. Public User retrieving an added Google cloud integration should see 401 error">
    </testcase>
    <testcase class="PROJECTINTEGRATIONS_GOOGLECLOUD - GoogleCloud integration tests 1. User should be able add new PipelineSources for GoogleCloud" time="13.9670" classclass="1. User should be able add new PipelineSources for GoogleCloud">
    </testcase>
    <testcase class="PROJECTINTEGRATIONS_GOOGLECLOUD - GoogleCloud integration tests 2. User can get GoogleCloud resource which is added in  pipeline source" time="0.0380" classclass="2. User can get GoogleCloud resource which is added in  pipeline source">
    </testcase>
    <testcase class="PROJECTINTEGRATIONS_GOOGLECLOUD - GoogleCloud integration tests I-GoogleCloud-0002. GoogleCloud integration name must  adhere to the regular expression /^[a-zA-Z_][a-zA-Z0-9_]*$/" time="0.0670" classclass="I-GoogleCloud-0002. GoogleCloud integration name must  adhere to the regular expression /^[a-zA-Z_][a-zA-Z0-9_]*$/">
    </testcase>
    <testcase class="PROJECTINTEGRATIONS_GOOGLECLOUD - GoogleCloud integration tests I-GoogleCloud-0003. User cannot update the name field in GoogleCloud integration " time="0.4620" classclass="I-GoogleCloud-0003. User cannot update the name field in GoogleCloud integration ">
    </testcase>
    <testcase class="PROJECTINTEGRATIONS_GOOGLECLOUD - GoogleCloud integration tests I-GoogleCloud-0004. User can update the jsonKey field in  GoogleCloud integration " time="0.1560" classclass="I-GoogleCloud-0004. User can update the jsonKey field in  GoogleCloud integration ">
    </testcase>
    <testcase class="PROJECTINTEGRATIONS_GOOGLECLOUD - GoogleCloud integration tests I-GoogleCloud-0005. Users should not able to delete GoogleCloud integration if it is dependent on resource." time="0.0600" classclass="I-GoogleCloud-0005. Users should not able to delete GoogleCloud integration if it is dependent on resource.">
    </testcase>
    <testcase class="PROJECTINTEGRATIONS_GOOGLECLOUD - GoogleCloud integration tests 4. user can delete pipelineSource by Id" time="0.2690" classclass="4. user can delete pipelineSource by Id">
    </testcase>
    <testcase class="PROJECTINTEGRATIONS_GOOGLECLOUD - GoogleCloud integration tests I-GoogleCloud-0006. Users should able to delete Google Cloud integration if it is not dependent on resource." time="0.5180" classclass="I-GoogleCloud-0006. Users should able to delete Google Cloud integration if it is not dependent on resource.">
    </testcase>
  </testsuite>
</testsuites>