<?xml version="1.0" encoding="UTF-8"?>
<testsuites name="Mocha Tests" time="28.0560" tests="10" failures="0">
  <testsuite name="Root Suite" timestamp="2022-01-17T17:52:10" tests="0" time="0.0000" failures="0">
  </testsuite>
  <testsuite name="PROJECTINTEGRATIONS_AWS - AWS integration tests" timestamp="2022-01-17T17:52:10" tests="10" file="/var/opt/jfrog/pipelines/data/iTest/runs/521732/steps/projectIntegration_tests/4383827/setup_PreMatrix/tests/core/projectIntegrations/AWS.js" time="28.0420" failures="0">
    <testcase name="PROJECTINTEGRATIONS_AWS - AWS integration tests I-AWS-0001. user can add AWS project Integration" time="6.5600" classname="I-AWS-0001. user can add AWS project Integration">
    </testcase>
    <testcase name="PROJECTINTEGRATIONS_AWS - AWS integration tests 1. User should be able add new PipelineSources for aws" time="19.3850" classname="1. User should be able add new PipelineSources for aws">
    </testcase>
    <testcase name="PROJECTINTEGRATIONS_AWS - AWS integration tests 2. User can get aws resource which is added in  pipeline source" time="0.0710" classname="2. User can get aws resource which is added in  pipeline source">
    </testcase>
    <testcase name="PROJECTINTEGRATIONS_AWS - AWS integration tests I-AWS-0002. AWS integration name must adhere to the regular expression /^[a-zA-Z_][a-zA-Z0-9_]*$/" time="0.1150" classname="I-AWS-0002. AWS integration name must adhere to the regular expression /^[a-zA-Z_][a-zA-Z0-9_]*$/">
    </testcase>
    <testcase name="PROJECTINTEGRATIONS_AWS - AWS integration tests I-AWS-0003. User cannot update the name field in AWS integration " time="0.0620" classname="I-AWS-0003. User cannot update the name field in AWS integration ">
    </testcase>
    <testcase name="PROJECTINTEGRATIONS_AWS - AWS integration tests I-AWS-0004. User can update the accessKeyId field in AWS integration" time="0.4760" classname="I-AWS-0004. User can update the accessKeyId field in AWS integration">
    </testcase>
    <testcase name="PROJECTINTEGRATIONS_AWS - AWS integration tests I-AWS-0005. User can update the secretAccessKey field in AWS integration " time="0.2720" classname="I-AWS-0005. User can update the secretAccessKey field in AWS integration ">
    </testcase>
    <testcase name="PROJECTINTEGRATIONS_AWS - AWS integration tests I-AWS-0008. Users should not able to delete AWS integration if it is dependent on resource." time="0.0750" classname="I-AWS-0008. Users should not able to delete AWS integration if it is dependent on resource.">
    </testcase>
    <testcase name="PROJECTINTEGRATIONS_AWS - AWS integration tests 3. user can delete pipelineSource by Id" time="0.4780" classname="3. user can delete pipelineSource by Id">
    </testcase>
    <testcase name="PROJECTINTEGRATIONS_AWS - AWS integration tests I-AWS-0006 &amp; 0007. User can delete aws integration by Id" time="0.2480" classname="I-AWS-0006 &amp; 0007. User can delete aws integration by Id">
    </testcase>
  </testsuite>
</testsuites>