<?xml version="1.0" encoding="UTF-8"?>
<testsuites name="Mocha Tests" time="21.9490" tests="4" failures="0">
  <testsuite name="Root Suite" timestamp="2022-01-17T17:52:10" tests="0" time="0.0000" failures="0">
  </testsuite>
  <testsuite name="PROJECTINTEGRATIONS_PAGERDUTYEVENTS - PagerDuty integration tests" timestamp="2022-01-17T17:52:10" tests="4" file="/var/opt/jfrog/pipelines/data/iTest/runs/521732/steps/projectIntegration_tests/4383806/setup_PreMatrix/tests/core/projectIntegrations/PagerDutyEvents.js" time="21.9240" failures="0">
    <testcase name="PROJECTINTEGRATIONS_PAGERDUTYEVENTS - PagerDuty integration tests I-PagerDuty-0001. User can add PagerDuty project Integration" time="20.9500" classname="I-PagerDuty-0001. User can add PagerDuty project Integration">
    </testcase>
    <testcase name="PROJECTINTEGRATIONS_PAGERDUTYEVENTS - PagerDuty integration tests I-PagerDuty-0002. PagerDuty integration name must adhere to the regular expression /^[a-zA-Z_][a-zA-Z0-9_]*$/" time="0.0570" classname="I-PagerDuty-0002. PagerDuty integration name must adhere to the regular expression /^[a-zA-Z_][a-zA-Z0-9_]*$/">
    </testcase>
    <testcase name="PROJECTINTEGRATIONS_PAGERDUTYEVENTS - PagerDuty integration tests I-PagerDuty-0003. User cannot update the name field in PagerDuty integration " time="0.0570" classname="I-PagerDuty-0003. User cannot update the name field in PagerDuty integration ">
    </testcase>
    <testcase name="PROJECTINTEGRATIONS_PAGERDUTYEVENTS - PagerDuty integration tests I-PagerDuty-0005. Users should able to delete PagerDuty integration if it is not dependent on any steps." time="0.5590" classname="I-PagerDuty-0005. Users should able to delete PagerDuty integration if it is not dependent on any steps.">
    </testcase>
  </testsuite>
</testsuites>