<?xml version="1.0" encoding="UTF-8"?>
<testsuites class="Mocha Tests" time="18.8820" tests="5" failures="0">
  <testsuite class="Root Suite" timestamp="2022-01-17T17:52:11" tests="0" time="0.0000" failures="0">
  </testsuite>
  <testsuite class="PROJECTINTEGRATIONS_DIGITALOCEAN - DigitalOcean integration tests" timestamp="2022-01-17T17:52:11" tests="5" file="/var/opt/jfrog/pipelines/data/iTest/runs/521732/steps/projectIntegration_tests/4383834/setup_PreMatrix/tests/core/projectIntegrations/DigitalOcean.js" time="18.8720" failures="0">
    <testcase class="PROJECTINTEGRATIONS_DIGITALOCEAN - DigitalOcean integration tests I-DigitalOcean-0001. User can add digitalocean project Integration" time="17.7790" classclass="I-DigitalOcean-0001. User can add digitalocean project Integration">
    </testcase>
    <testcase class="PROJECTINTEGRATIONS_DIGITALOCEAN - DigitalOcean integration tests I-DigitalOcean-0002. Digitalocean integration name must adhere   to the regular expression /^[a-zA-Z_][a-zA-Z0-9_]*$/" time="0.0780" classclass="I-DigitalOcean-0002. Digitalocean integration name must adhere   to the regular expression /^[a-zA-Z_][a-zA-Z0-9_]*$/">
    </testcase>
    <testcase class="PROJECTINTEGRATIONS_DIGITALOCEAN - DigitalOcean integration tests I-DigitalOcean-0003. User cannot update the name field in digitalocean integration " time="0.0520" classclass="I-DigitalOcean-0003. User cannot update the name field in digitalocean integration ">
    </testcase>
    <testcase class="PROJECTINTEGRATIONS_DIGITALOCEAN - DigitalOcean integration tests I-DigitalOcean-0004. User can update the token field in digitalocean integration " time="0.2900" classclass="I-DigitalOcean-0004. User can update the token field in digitalocean integration ">
    </testcase>
    <testcase class="PROJECTINTEGRATIONS_DIGITALOCEAN - DigitalOcean integration tests I-DigitalOcean-0005. Users should able to delete Digital Ocean integration if it is not dependent on any steps." time="0.3290" classclass="I-DigitalOcean-0005. Users should able to delete Digital Ocean integration if it is not dependent on any steps.">
    </testcase>
  </testsuite>
</testsuites>