<?xml version="1.0" encoding="UTF-8"?>
<testsuites name="Mocha Tests" time="40.0380" tests="16" failures="0" skipped="10">
  <testsuite name="Root Suite" timestamp="2022-01-17T17:52:11" tests="0" time="0.0000" failures="0">
  </testsuite>
  <testsuite name="PROJECTINTEGRATIONS_GITHUBENTERPRISE - GitHubEnterprise integration tests" timestamp="2022-01-17T17:52:11" tests="11" file="/var/opt/jfrog/pipelines/data/iTest/runs/521732/steps/projectIntegration_tests/4383819/setup_PreMatrix/tests/core/projectIntegrations/GitHubEnterprise.js" time="0.0000" failures="0" skipped="5">
    <testcase name="PROJECTINTEGRATIONS_GITHUBENTERPRISE - GitHubEnterprise integration tests I-GitHubEnterprise-0001. User can add GitHubEnterprise projectIntegration for username and password Credentials" time="7.2260" classname="I-GitHubEnterprise-0001. User can add GitHubEnterprise projectIntegration for username and password Credentials">
    </testcase>
    <testcase name="PROJECTINTEGRATIONS_GITHUBENTERPRISE - GitHubEnterprise integration tests I-GitHubEnterprise-0007. User is able to fetch repositories from GitHubEnterprise integration to add pipeline source" time="0.0000" classname="I-GitHubEnterprise-0007. User is able to fetch repositories from GitHubEnterprise integration to add pipeline source">
      <skipped/>
    </testcase>
    <testcase name="PROJECTINTEGRATIONS_GITHUBENTERPRISE - GitHubEnterprise integration tests 1. User should be able add new PipelineSources for GitHubEnterprise" time="0.0000" classname="1. User should be able add new PipelineSources for GitHubEnterprise">
      <skipped/>
    </testcase>
    <testcase name="PROJECTINTEGRATIONS_GITHUBENTERPRISE - GitHubEnterprise integration tests 2. User can get gitHubEnterprise resource which is added in  pipeline source" time="0.0010" classname="2. User can get gitHubEnterprise resource which is added in  pipeline source">
      <skipped/>
    </testcase>
    <testcase name="PROJECTINTEGRATIONS_GITHUBENTERPRISE - GitHubEnterprise integration tests I-GitHubEnterprise-0002. GitHubEnterprise integration name must adhere to the regular expression /^[a-zA-Z_][a-zA-Z0-9_]*$/" time="0.0330" classname="I-GitHubEnterprise-0002. GitHubEnterprise integration name must adhere to the regular expression /^[a-zA-Z_][a-zA-Z0-9_]*$/">
    </testcase>
    <testcase name="PROJECTINTEGRATIONS_GITHUBENTERPRISE - GitHubEnterprise integration tests I-GitHubEnterprise-0003. User cannot update name field in GitHubEnterprise integration " time="0.3010" classname="I-GitHubEnterprise-0003. User cannot update name field in GitHubEnterprise integration ">
    </testcase>
    <testcase name="PROJECTINTEGRATIONS_GITHUBENTERPRISE - GitHubEnterprise integration tests I-GitHubEnterprise-0004. User can update the URL field in GitHubEnterprise integration " time="0.1440" classname="I-GitHubEnterprise-0004. User can update the URL field in GitHubEnterprise integration ">
    </testcase>
    <testcase name="PROJECTINTEGRATIONS_GITHUBENTERPRISE - GitHubEnterprise integration tests I-GitHubEnterprise-0005. User can update the token field inGitHubEnterprise integration " time="1.0970" classname="I-GitHubEnterprise-0005. User can update the token field inGitHubEnterprise integration ">
    </testcase>
    <testcase name="PROJECTINTEGRATIONS_GITHUBENTERPRISE - GitHubEnterprise integration tests I-GitHubEnterprise-0008. Users should not able to delete GitHub Enterprise integration if it is dependent on any resource" time="0.0000" classname="I-GitHubEnterprise-0008. Users should not able to delete GitHub Enterprise integration if it is dependent on any resource">
      <skipped/>
    </testcase>
    <testcase name="PROJECTINTEGRATIONS_GITHUBENTERPRISE - GitHubEnterprise integration tests 3. User can delete pipelineSource by Id" time="0.0000" classname="3. User can delete pipelineSource by Id">
      <skipped/>
    </testcase>
    <testcase name="PROJECTINTEGRATIONS_GITHUBENTERPRISE - GitHubEnterprise integration tests I-GitHubEnterprise-0006 . Users should be able to delete GitHub Enterprise integration  if it is not dependent on any steps and resource" time="1.4780" classname="I-GitHubEnterprise-0006 . Users should be able to delete GitHub Enterprise integration  if it is not dependent on any steps and resource">
    </testcase>
  </testsuite>
  <testsuite name="Below test cases for testing for fetchRepos and fetchBranches with unauthorized access" timestamp="2022-01-17T17:52:22" tests="2" file="/var/opt/jfrog/pipelines/data/iTest/runs/521732/steps/projectIntegration_tests/4383819/setup_PreMatrix/tests/core/projectIntegrations/GitHubEnterprise.js" time="12.9910" failures="0" skipped="2">
    <testcase name="PROJECTINTEGRATIONS_GITHUBENTERPRISE - GitHubEnterprise integration tests Below test cases for testing for fetchRepos and fetchBranches with unauthorized access A-GithubEnterprise-6377-0001. fetchRepos api would report unauthorized error when invalid token is passed in the integration." time="0.0000" classname="A-GithubEnterprise-6377-0001. fetchRepos api would report unauthorized error when invalid token is passed in the integration.">
      <skipped/>
    </testcase>
    <testcase name="PROJECTINTEGRATIONS_GITHUBENTERPRISE - GitHubEnterprise integration tests Below test cases for testing for fetchRepos and fetchBranches with unauthorized access A-GithubEnterprise-6377-0002. fetchBranches api would report unauthorized error when invalid token is passed in the integration." time="0.0000" classname="A-GithubEnterprise-6377-0002. fetchBranches api would report unauthorized error when invalid token is passed in the integration.">
      <skipped/>
    </testcase>
  </testsuite>
  <testsuite name="Below test cases for testing for fetchRepos and fetchBranches with invalid api url" timestamp="2022-01-17T17:52:35" tests="2" file="/var/opt/jfrog/pipelines/data/iTest/runs/521732/steps/projectIntegration_tests/4383819/setup_PreMatrix/tests/core/projectIntegrations/GitHubEnterprise.js" time="5.5480" failures="0" skipped="2">
    <testcase name="PROJECTINTEGRATIONS_GITHUBENTERPRISE - GitHubEnterprise integration tests Below test cases for testing for fetchRepos and fetchBranches with invalid api url A-GithubEnterprise-6377-0003. fetchRepos api would report invalid apiUrl error when invalid apiUrl is passed in the integration." time="0.0000" classname="A-GithubEnterprise-6377-0003. fetchRepos api would report invalid apiUrl error when invalid apiUrl is passed in the integration.">
      <skipped/>
    </testcase>
    <testcase name="PROJECTINTEGRATIONS_GITHUBENTERPRISE - GitHubEnterprise integration tests Below test cases for testing for fetchRepos and fetchBranches with invalid api url A-GithubEnterprise-6377-0004. fetchBranches api would report invalid apiUrl error when invalid apiurl is passed in the integration." time="0.0000" classname="A-GithubEnterprise-6377-0004. fetchBranches api would report invalid apiUrl error when invalid apiurl is passed in the integration.">
      <skipped/>
    </testcase>
  </testsuite>
  <testsuite name="Below test cases for testing for fetchBranches with invalid repository name." timestamp="2022-01-17T17:52:40" tests="1" file="/var/opt/jfrog/pipelines/data/iTest/runs/521732/steps/projectIntegration_tests/4383819/setup_PreMatrix/tests/core/projectIntegrations/GitHubEnterprise.js" time="10.9860" failures="0" skipped="1">
    <testcase name="PROJECTINTEGRATIONS_GITHUBENTERPRISE - GitHubEnterprise integration tests Below test cases for testing for fetchBranches with invalid repository name. A-GithubEnterprise-6377-0005. fetchBranches api would report  inalid repository error when invalid repository name is passed." time="0.0000" classname="A-GithubEnterprise-6377-0005. fetchBranches api would report  inalid repository error when invalid repository name is passed.">
      <skipped/>
    </testcase>
  </testsuite>
</testsuites>