<?xml version="1.0" encoding="UTF-8"?>
<testsuites class="Mocha Tests" time="21.9840" tests="10" failures="0">
  <testsuite class="Root Suite" timestamp="2022-01-17T17:52:11" tests="0" time="0.0000" failures="0">
  </testsuite>
  <testsuite class="PROJECTINTEGRATIONS_GENERIC - Generic integration tests" timestamp="2022-01-17T17:52:11" tests="10" file="/var/opt/jfrog/pipelines/data/iTest/runs/521732/steps/projectIntegration_tests/4383821/setup_PreMatrix/tests/core/projectIntegrations/Generic.js" time="21.9750" failures="0">
    <testcase class="PROJECTINTEGRATIONS_GENERIC - Generic integration tests I-Generic-0001. User can add Generic project Integration" time="19.8180" classclass="I-Generic-0001. User can add Generic project Integration">
    </testcase>
    <testcase class="PROJECTINTEGRATIONS_GENERIC - Generic integration tests I-Generic-0002. Generic integration name must adhere to the regular expression /^[a-zA-Z_][a-zA-Z0-9_]*$/" time="0.0640" classclass="I-Generic-0002. Generic integration name must adhere to the regular expression /^[a-zA-Z_][a-zA-Z0-9_]*$/">
    </testcase>
    <testcase class="PROJECTINTEGRATIONS_GENERIC - Generic integration tests I-Generic-0007. User cannot update the integration name field in Generic integration " time="0.0500" classclass="I-Generic-0007. User cannot update the integration name field in Generic integration ">
    </testcase>
    <testcase class="PROJECTINTEGRATIONS_GENERIC - Generic integration tests I-Generic-0005. Users should be able to edit the “key” field in the Value object which is under the formJSONValues." time="0.5210" classclass="I-Generic-0005. Users should be able to edit the “key” field in the Value object which is under the formJSONValues.">
    </testcase>
    <testcase class="PROJECTINTEGRATIONS_GENERIC - Generic integration tests I-Generic-0006. Users should be able to edit the “value” field in the value object which is under the formJSONValues." time="0.2050" classclass="I-Generic-0006. Users should be able to edit the “value” field in the value object which is under the formJSONValues.">
    </testcase>
    <testcase class="PROJECTINTEGRATIONS_GENERIC - Generic integration tests I-Generic-0007. Users shouldn’t be able to post a generic  integration where the “value ” field in the formJSONValues is an array" time="0.2960" classclass="I-Generic-0007. Users shouldn’t be able to post a generic  integration where the “value ” field in the formJSONValues is an array">
    </testcase>
    <testcase class="PROJECTINTEGRATIONS_GENERIC - Generic integration tests I-Generic-0008. Users shouldn’t be able to post a generic  integration where the “value ” field in the formJSONValues is empty object" time="0.0760" classclass="I-Generic-0008. Users shouldn’t be able to post a generic  integration where the “value ” field in the formJSONValues is empty object">
    </testcase>
    <testcase class="PROJECTINTEGRATIONS_GENERIC - Generic integration tests I-Generic-0009. Users shouldn’t be able to updatethe generic integration with the “value ” field in the formJSONValuesset with an empty object. " time="0.0850" classclass="I-Generic-0009. Users shouldn’t be able to updatethe generic integration with the “value ” field in the formJSONValuesset with an empty object. ">
    </testcase>
    <testcase class="PROJECTINTEGRATIONS_GENERIC - Generic integration tests I-Generic-0009. Users shouldn’t be able to updatethe generic integration with the “value ” field in the formJSONValuesset with an array" time="0.1410" classclass="I-Generic-0009. Users shouldn’t be able to updatethe generic integration with the “value ” field in the formJSONValuesset with an array">
    </testcase>
    <testcase class="PROJECTINTEGRATIONS_GENERIC - Generic integration tests I-Generic-0003. Users should able to delete Generic integration if it is not dependent on any steps." time="0.5000" classclass="I-Generic-0003. Users should able to delete Generic integration if it is not dependent on any steps.">
    </testcase>
  </testsuite>
</testsuites>