<?xml version="1.0" encoding="UTF-8"?>
<testsuites name="Mocha Tests" time="0.2830" tests="12" failures="0" skipped="12">
  <testsuite name="Root Suite" timestamp="2022-01-17T17:52:10" tests="0" time="0.0000" failures="0">
  </testsuite>
  <testsuite name="PROJECTINTEGRATIONS_SMTP - SMTP integration tests" timestamp="2022-01-17T17:52:10" tests="12" file="/var/opt/jfrog/pipelines/data/iTest/runs/521732/steps/projectIntegration_tests/4383809/setup_PreMatrix/tests/core/projectIntegrations/SMTP.js" time="0.2400" failures="0" skipped="12">
    <testcase name="PROJECTINTEGRATIONS_SMTP - SMTP integration tests I-SMTP-0001. User can add SMTP project Integration" time="0.0000" classname="I-SMTP-0001. User can add SMTP project Integration">
      <skipped/>
    </testcase>
    <testcase name="PROJECTINTEGRATIONS_SMTP - SMTP integration tests I-SMTP-0002. SMTP integration name must adhere to the regular expression /^[a-zA-Z_][a-zA-Z0-9_]*$/" time="0.0000" classname="I-SMTP-0002. SMTP integration name must adhere to the regular expression /^[a-zA-Z_][a-zA-Z0-9_]*$/">
      <skipped/>
    </testcase>
    <testcase name="PROJECTINTEGRATIONS_SMTP - SMTP integration tests I-SMTP-0005. User cannot update the integration Name field in SMTP project integration " time="0.0000" classname="I-SMTP-0005. User cannot update the integration Name field in SMTP project integration ">
      <skipped/>
    </testcase>
    <testcase name="PROJECTINTEGRATIONS_SMTP - SMTP integration tests I-SMTP-0006. User can update the emailAuthUser field in SMTP project integration " time="0.0000" classname="I-SMTP-0006. User can update the emailAuthUser field in SMTP project integration ">
      <skipped/>
    </testcase>
    <testcase name="PROJECTINTEGRATIONS_SMTP - SMTP integration tests I-SMTP-0007. User can update the emailAuthPassword field in SMTP project integration " time="0.0000" classname="I-SMTP-0007. User can update the emailAuthPassword field in SMTP project integration ">
      <skipped/>
    </testcase>
    <testcase name="PROJECTINTEGRATIONS_SMTP - SMTP integration tests I-SMTP-0008. User can update the emailSender field in SMTP project integration " time="0.0000" classname="I-SMTP-0008. User can update the emailSender field in SMTP project integration ">
      <skipped/>
    </testcase>
    <testcase name="PROJECTINTEGRATIONS_SMTP - SMTP integration tests I-SMTP-0009. User can update the port field  in SMTP project integration " time="0.0000" classname="I-SMTP-0009. User can update the port field  in SMTP project integration ">
      <skipped/>
    </testcase>
    <testcase name="PROJECTINTEGRATIONS_SMTP - SMTP integration tests I-SMTP-0010. User can update the host field in SMTP project integration " time="0.0000" classname="I-SMTP-0010. User can update the host field in SMTP project integration ">
      <skipped/>
    </testcase>
    <testcase name="PROJECTINTEGRATIONS_SMTP - SMTP integration tests I-SMTP-0011. User can update the hostname field in SMTP project integration " time="0.0000" classname="I-SMTP-0011. User can update the hostname field in SMTP project integration ">
      <skipped/>
    </testcase>
    <testcase name="PROJECTINTEGRATIONS_SMTP - SMTP integration tests I-SMTP-0012. User can update the proxy field in SMTP project integration " time="0.0000" classname="I-SMTP-0012. User can update the proxy field in SMTP project integration ">
      <skipped/>
    </testcase>
    <testcase name="PROJECTINTEGRATIONS_SMTP - SMTP integration tests I-SMTP-0013. User can update the secure field in SMTP project integration " time="0.0000" classname="I-SMTP-0013. User can update the secure field in SMTP project integration ">
      <skipped/>
    </testcase>
    <testcase name="PROJECTINTEGRATIONS_SMTP - SMTP integration tests I-SMTP-0003. Users should able to delete SMTP Credentials  integration if it is not dependent on any steps." time="0.0000" classname="I-SMTP-0003. Users should able to delete SMTP Credentials  integration if it is not dependent on any steps.">
      <skipped/>
    </testcase>
  </testsuite>
</testsuites>