<?xml version="1.0" encoding="UTF-8"?>
<testsuites name="Mocha Tests" time="57.1620" tests="29" failures="0" skipped="8">
  <testsuite name="Root Suite" timestamp="2022-01-17T17:52:11" tests="0" time="0.0000" failures="0">
  </testsuite>
  <testsuite name="PROJECTINTEGRATIONS_GITLAB - GitLab integration tests" timestamp="2022-01-17T17:52:11" tests="15" file="/var/opt/jfrog/pipelines/data/iTest/runs/521732/steps/projectIntegration_tests/4383818/setup_PreMatrix/tests/core/projectIntegrations/GitLab.js" time="0.0000" failures="0" skipped="8">
    <testcase name="PROJECTINTEGRATIONS_GITLAB - GitLab integration tests I-GitLab-0001. User can add GitLab project Integration" time="7.2430" classname="I-GitLab-0001. User can add GitLab project Integration">
    </testcase>
    <testcase name="PROJECTINTEGRATIONS_GITLAB - GitLab integration tests I-GitLab-0007. User can fetch repositories from GitLabintegration to add pipeline source" time="1.0680" classname="I-GitLab-0007. User can fetch repositories from GitLabintegration to add pipeline source">
    </testcase>
    <testcase name="PROJECTINTEGRATIONS_GITLAB - GitLab integration tests 1. User should be able to add new pipelineSources" time="0.0000" classname="1. User should be able to add new pipelineSources">
      <skipped/>
    </testcase>
    <testcase name="PROJECTINTEGRATIONS_GITLAB - GitLab integration tests I-GitLab-0002. GitLab integration name must adhere to the regular expression /^[a-zA-Z_][a-zA-Z0-9_]*$/" time="0.3540" classname="I-GitLab-0002. GitLab integration name must adhere to the regular expression /^[a-zA-Z_][a-zA-Z0-9_]*$/">
    </testcase>
    <testcase name="PROJECTINTEGRATIONS_GITLAB - GitLab integration tests I-GitLab-0007. Users should not able to delete GitLabintegration if it is dependent on resource." time="0.0010" classname="I-GitLab-0007. Users should not able to delete GitLabintegration if it is dependent on resource.">
      <skipped/>
    </testcase>
    <testcase name="PROJECTINTEGRATIONS_GITLAB - GitLab integration tests 4. user can delete pipelineSource by Id" time="0.0000" classname="4. user can delete pipelineSource by Id">
      <skipped/>
    </testcase>
    <testcase name="PROJECTINTEGRATIONS_GITLAB - GitLab integration tests I-GitLab-5986-001.  ONLY_SYNC User should be able add two single-branch pipeline sources for the same GitLab repository" time="0.0000" classname="I-GitLab-5986-001.  ONLY_SYNC User should be able add two single-branch pipeline sources for the same GitLab repository">
      <skipped/>
    </testcase>
    <testcase name="PROJECTINTEGRATIONS_GITLAB - GitLab integration tests I-GitLab-5986-002. User adds a multi-branch GitLab pipeline source and then pushes a new branch matching the pattern to the repository.  Pipeline sync runs for the new branch." time="0.0000" classname="I-GitLab-5986-002. User adds a multi-branch GitLab pipeline source and then pushes a new branch matching the pattern to the repository.  Pipeline sync runs for the new branch.">
      <skipped/>
    </testcase>
    <testcase name="PROJECTINTEGRATIONS_GITLAB - GitLab integration tests I-GitLab-5968-003  User adds a single-branch GitLab pipeline source for a branch that does not exist and then pushes a new branch matching the pattern to the repository.  Pipeline sync runs for the new branch." time="0.0000" classname="I-GitLab-5968-003  User adds a single-branch GitLab pipeline source for a branch that does not exist and then pushes a new branch matching the pattern to the repository.  Pipeline sync runs for the new branch.">
      <skipped/>
    </testcase>
    <testcase name="PROJECTINTEGRATIONS_GITLAB - GitLab integration tests I-GitLab-5968-004 User updates a file matching the file filter in a single-branch pipeline source and pipeline sync is triggered for that pipeline source." time="0.0000" classname="I-GitLab-5968-004 User updates a file matching the file filter in a single-branch pipeline source and pipeline sync is triggered for that pipeline source.">
      <skipped/>
    </testcase>
    <testcase name="PROJECTINTEGRATIONS_GITLAB - GitLab integration tests I-GitLab-5968-005 User updates a file matching the file filter in a multi-branch pipeline source and pipeline sync is triggered for that pipeline source and branch." time="0.0000" classname="I-GitLab-5968-005 User updates a file matching the file filter in a multi-branch pipeline source and pipeline sync is triggered for that pipeline source and branch.">
      <skipped/>
    </testcase>
    <testcase name="PROJECTINTEGRATIONS_GITLAB - GitLab integration tests I-GitLab-0003. User cannot update the name field in GitLab integration" time="0.0990" classname="I-GitLab-0003. User cannot update the name field in GitLab integration">
    </testcase>
    <testcase name="PROJECTINTEGRATIONS_GITLAB - GitLab integration tests I-GitLab-0004. User can update the url field in GitLab integration " time="1.1530" classname="I-GitLab-0004. User can update the url field in GitLab integration ">
    </testcase>
    <testcase name="PROJECTINTEGRATIONS_GITLAB - GitLab integration tests I-GitLab-0005. User can update the token field in GitLab integration " time="0.3040" classname="I-GitLab-0005. User can update the token field in GitLab integration ">
    </testcase>
    <testcase name="PROJECTINTEGRATIONS_GITLAB - GitLab integration tests I-GitLab-0006. Users should able to delete GitLab integration if it is not dependent on any steps or resources in the pipelines" time="1.9940" classname="I-GitLab-0006. Users should able to delete GitLab integration if it is not dependent on any steps or resources in the pipelines">
    </testcase>
  </testsuite>
  <testsuite name="Below test cases are for testIntegration" timestamp="2022-01-17T17:52:24" tests="9" file="/var/opt/jfrog/pipelines/data/iTest/runs/521732/steps/projectIntegration_tests/4383818/setup_PreMatrix/tests/core/projectIntegrations/GitLab.js" time="26.4960" failures="0">
    <testcase name="PROJECTINTEGRATIONS_GITLAB - GitLab integration tests Below test cases are for testIntegration I-GitLab-TestConnection-0001. User gets &quot;Connection was successful&quot; response when using valid gitlab data" time="3.1060" classname="I-GitLab-TestConnection-0001. User gets &quot;Connection was successful&quot; response when using valid gitlab data">
    </testcase>
    <testcase name="PROJECTINTEGRATIONS_GITLAB - GitLab integration tests Below test cases are for testIntegration I-GitLab-TestConnection-0002. User gets 400 bad request if the gitlab url was missing in request body" time="0.1300" classname="I-GitLab-TestConnection-0002. User gets 400 bad request if the gitlab url was missing in request body">
    </testcase>
    <testcase name="PROJECTINTEGRATIONS_GITLAB - GitLab integration tests Below test cases are for testIntegration I-GitLab-TestConnection-0003. User gets 400 bad request if the gitlab token was missing in request body" time="0.0330" classname="I-GitLab-TestConnection-0003. User gets 400 bad request if the gitlab token was missing in request body">
    </testcase>
    <testcase name="PROJECTINTEGRATIONS_GITLAB - GitLab integration tests Below test cases are for testIntegration I-GitLab-TestConnection-0006. User gets &quot;failure&quot; status if the repositoryFullName was missing in request body when using performExtraChecks=true in URL" time="0.0370" classname="I-GitLab-TestConnection-0006. User gets &quot;failure&quot; status if the repositoryFullName was missing in request body when using performExtraChecks=true in URL">
    </testcase>
    <testcase name="PROJECTINTEGRATIONS_GITLAB - GitLab integration tests Below test cases are for testIntegration I-GitLab-TestConnection-0009. User gets &quot;Connection was successful&quot; response when using valid gitlab repo with admin permissions and performExtraChecks=true in URL" time="3.0290" classname="I-GitLab-TestConnection-0009. User gets &quot;Connection was successful&quot; response when using valid gitlab repo with admin permissions and performExtraChecks=true in URL">
    </testcase>
    <testcase name="PROJECTINTEGRATIONS_GITLAB - GitLab integration tests Below test cases are for testIntegration I-GitLab-TestConnection-0010. User gets &quot;Connection was not successful&quot; response when using invalid gitlab data" time="3.0150" classname="I-GitLab-TestConnection-0010. User gets &quot;Connection was not successful&quot; response when using invalid gitlab data">
    </testcase>
    <testcase name="PROJECTINTEGRATIONS_GITLAB - GitLab integration tests Below test cases are for testIntegration I-GitLab-TestConnectionById-0001. User gets &quot;Connection was successful&quot; response when using valid gitlab integration" time="3.0540" classname="I-GitLab-TestConnectionById-0001. User gets &quot;Connection was successful&quot; response when using valid gitlab integration">
    </testcase>
    <testcase name="PROJECTINTEGRATIONS_GITLAB - GitLab integration tests Below test cases are for testIntegration I-GitLab-TestConnectionById-0007. User gets &quot;Connection was successful&quot; response when using valid gitlab repo with admin permissions and performExtraChecks=true in URL" time="3.2100" classname="I-GitLab-TestConnectionById-0007. User gets &quot;Connection was successful&quot; response when using valid gitlab repo with admin permissions and performExtraChecks=true in URL">
    </testcase>
    <testcase name="PROJECTINTEGRATIONS_GITLAB - GitLab integration tests Below test cases are for testIntegration I-GitLab-TestConnectionById-0008. User gets &quot;Connection was not successful&quot; response when using invalid gitlab integration" time="3.0360" classname="I-GitLab-TestConnectionById-0008. User gets &quot;Connection was not successful&quot; response when using invalid gitlab integration">
    </testcase>
  </testsuite>
  <testsuite name="Below test cases for testing for fetchRepos and fetchBranches with unauthorized access" timestamp="2022-01-17T17:52:50" tests="2" file="/var/opt/jfrog/pipelines/data/iTest/runs/521732/steps/projectIntegration_tests/4383818/setup_PreMatrix/tests/core/projectIntegrations/GitLab.js" time="7.2530" failures="0">
    <testcase name="PROJECTINTEGRATIONS_GITLAB - GitLab integration tests Below test cases for testing for fetchRepos and fetchBranches with unauthorized access A-Gitlab-6377-0001. fetchRepos api would report  unauthorized error when invalid token is passed in the integration." time="0.3470" classname="A-Gitlab-6377-0001. fetchRepos api would report  unauthorized error when invalid token is passed in the integration.">
    </testcase>
    <testcase name="PROJECTINTEGRATIONS_GITLAB - GitLab integration tests Below test cases for testing for fetchRepos and fetchBranches with unauthorized access A-Gitlab-6377-0002. fetchBranches api would report  unauthorized error when invalid token is passed in the integration." time="0.4490" classname="A-Gitlab-6377-0002. fetchBranches api would report  unauthorized error when invalid token is passed in the integration.">
    </testcase>
  </testsuite>
  <testsuite name="Below test cases for testing for fetchRepos and fetchBranches with invalid api url" timestamp="2022-01-17T17:52:57" tests="2" file="/var/opt/jfrog/pipelines/data/iTest/runs/521732/steps/projectIntegration_tests/4383818/setup_PreMatrix/tests/core/projectIntegrations/GitLab.js" time="5.2320" failures="0">
    <testcase name="PROJECTINTEGRATIONS_GITLAB - GitLab integration tests Below test cases for testing for fetchRepos and fetchBranches with invalid api url A-Gitlab-6377-0003. fetchRepos api would report invalid apiUrl error when invalid apiUrl is passed in the integration." time="0.3370" classname="A-Gitlab-6377-0003. fetchRepos api would report invalid apiUrl error when invalid apiUrl is passed in the integration.">
    </testcase>
    <testcase name="PROJECTINTEGRATIONS_GITLAB - GitLab integration tests Below test cases for testing for fetchRepos and fetchBranches with invalid api url A-Gitlab-6377-0004. fetchBranches api would report invalid apiUrl error when invalid apiurl is passed in the integration." time="0.2880" classname="A-Gitlab-6377-0004. fetchBranches api would report invalid apiUrl error when invalid apiurl is passed in the integration.">
    </testcase>
  </testsuite>
  <testsuite name="Below test cases for testing for fetchBranches with invalid repository name." timestamp="2022-01-17T17:53:03" tests="1" file="/var/opt/jfrog/pipelines/data/iTest/runs/521732/steps/projectIntegration_tests/4383818/setup_PreMatrix/tests/core/projectIntegrations/GitLab.js" time="5.6840" failures="0">
    <testcase name="PROJECTINTEGRATIONS_GITLAB - GitLab integration tests Below test cases for testing for fetchBranches with invalid repository name. A-Gitlab-6377-0005. fetchBranches api would report  inalid repository error when invalid repository name is passed." time="1.3490" classname="A-Gitlab-6377-0005. fetchBranches api would report  inalid repository error when invalid repository name is passed.">
    </testcase>
  </testsuite>
</testsuites>