<?xml version="1.0" encoding="UTF-8"?>
<testsuites name="Mocha Tests" time="23.1990" tests="7" failures="0">
  <testsuite name="Root Suite" timestamp="2022-01-17T17:52:11" tests="0" time="0.0000" failures="0">
  </testsuite>
  <testsuite name="PROJECTINTEGRATIONS_JIRA - Jira integration tests" timestamp="2022-01-17T17:52:11" tests="7" file="/var/opt/jfrog/pipelines/data/iTest/runs/521732/steps/projectIntegration_tests/4383812/setup_PreMatrix/tests/core/projectIntegrations/Jira.js" time="23.1920" failures="0">
    <testcase name="PROJECTINTEGRATIONS_JIRA - Jira integration tests I-Jira-0001. User can add Jira project Integration" time="21.4000" classname="I-Jira-0001. User can add Jira project Integration">
    </testcase>
    <testcase name="PROJECTINTEGRATIONS_JIRA - Jira integration tests I-Jira-0002. Jira integration name must adhere to the regular expression /^[a-zA-Z_][a-zA-Z0-9_]*$/" time="0.1470" classname="I-Jira-0002. Jira integration name must adhere to the regular expression /^[a-zA-Z_][a-zA-Z0-9_]*$/">
    </testcase>
    <testcase name="PROJECTINTEGRATIONS_JIRA - Jira integration tests I-Jira-0003. User cannot update the name field in Jira integration " time="0.2440" classname="I-Jira-0003. User cannot update the name field in Jira integration ">
    </testcase>
    <testcase name="PROJECTINTEGRATIONS_JIRA - Jira integration tests I-Jira-0004. User can update the token field in Jira integration " time="0.1850" classname="I-Jira-0004. User can update the token field in Jira integration ">
    </testcase>
    <testcase name="PROJECTINTEGRATIONS_JIRA - Jira integration tests I-Jira-0005. User can update the url field in Jira integration " time="0.4010" classname="I-Jira-0005. User can update the url field in Jira integration ">
    </testcase>
    <testcase name="PROJECTINTEGRATIONS_JIRA - Jira integration tests I-Jira-0006. User can update the  username field in Jira integration " time="0.2010" classname="I-Jira-0006. User can update the  username field in Jira integration ">
    </testcase>
    <testcase name="PROJECTINTEGRATIONS_JIRA - Jira integration tests I-Jira-0007. Users should be able to delete Jira integration if it is not dependent on any steps." time="0.3740" classname="I-Jira-0007. Users should be able to delete Jira integration if it is not dependent on any steps.">
    </testcase>
  </testsuite>
</testsuites>