<?xml version="1.0" encoding="UTF-8"?>
<testsuites name="Mocha Tests" time="11.4880" tests="5" failures="0">
  <testsuite name="Root Suite" timestamp="2022-01-17T17:52:11" tests="0" time="0.0000" failures="0">
  </testsuite>
  <testsuite name="PROJECTINTEGRATIONS_SLACK - Slack integration tests" timestamp="2022-01-17T17:52:11" tests="5" file="/var/opt/jfrog/pipelines/data/iTest/runs/521732/steps/projectIntegration_tests/4383811/setup_PreMatrix/tests/core/projectIntegrations/Slack.js" time="11.4790" failures="0">
    <testcase name="PROJECTINTEGRATIONS_SLACK - Slack integration tests I-Slack-0001. User can add Slack project Integration" time="8.6910" classname="I-Slack-0001. User can add Slack project Integration">
    </testcase>
    <testcase name="PROJECTINTEGRATIONS_SLACK - Slack integration tests I-Slack-0002. Slack integration name must adhere to the regular expression /^[a-zA-Z_][a-zA-Z0-9_]*$/" time="0.1440" classname="I-Slack-0002. Slack integration name must adhere to the regular expression /^[a-zA-Z_][a-zA-Z0-9_]*$/">
    </testcase>
    <testcase name="PROJECTINTEGRATIONS_SLACK - Slack integration tests I-Slack-0005. User cannot update the name field in Slack integration" time="0.7420" classname="I-Slack-0005. User cannot update the name field in Slack integration">
    </testcase>
    <testcase name="PROJECTINTEGRATIONS_SLACK - Slack integration tests I-Slack-0006. User can update the URL field in Slack integration " time="0.4770" classname="I-Slack-0006. User can update the URL field in Slack integration ">
    </testcase>
    <testcase name="PROJECTINTEGRATIONS_SLACK - Slack integration tests I-Slack-0003. Users should able to delete Slack integration if it is not dependent on any steps." time="1.1300" classname="I-Slack-0003. Users should able to delete Slack integration if it is not dependent on any steps.">
    </testcase>
  </testsuite>
</testsuites>