<?xml version="1.0" encoding="UTF-8"?>
<testsuites class="Mocha Tests" time="48.0150" tests="18" failures="0">
  <testsuite class="Root Suite" timestamp="2022-01-17T17:52:12" tests="0" time="0.0000" failures="0">
  </testsuite>
  <testsuite class="PROJECTINTEGRATIONS_ARTIFACTORY - Artifactory integration tests" timestamp="2022-01-17T17:52:12" tests="11" file="/var/opt/jfrog/pipelines/data/iTest/runs/521732/steps/projectIntegration_tests/4383829/setup_PreMatrix/tests/core/projectIntegrations/Artifactory.js" time="0.0000" failures="0">
    <testcase class="PROJECTINTEGRATIONS_ARTIFACTORY - Artifactory integration tests I-Artifactory-0001. User can add artifactory project Integration" time="9.3750" classclass="I-Artifactory-0001. User can add artifactory project Integration">
    </testcase>
    <testcase class="PROJECTINTEGRATIONS_ARTIFACTORY - Artifactory integration tests 1. User should be able add new PipelineSources for artifactory" time="14.0760" classclass="1. User should be able add new PipelineSources for artifactory">
    </testcase>
    <testcase class="PROJECTINTEGRATIONS_ARTIFACTORY - Artifactory integration tests 2. User can get artifactory resource which is added in  pipeline source" time="0.0370" classclass="2. User can get artifactory resource which is added in  pipeline source">
    </testcase>
    <testcase class="PROJECTINTEGRATIONS_ARTIFACTORY - Artifactory integration tests I-Artifactory-0002. Artifactory integration name must adhere to  the regular expression /^[a-zA-Z_][a-zA-Z0-9_]*$/" time="0.0930" classclass="I-Artifactory-0002. Artifactory integration name must adhere to  the regular expression /^[a-zA-Z_][a-zA-Z0-9_]*$/">
    </testcase>
    <testcase class="PROJECTINTEGRATIONS_ARTIFACTORY - Artifactory integration tests I-Artifactory-0003. User cannot update the name field inArtifactory integration " time="0.1520" classclass="I-Artifactory-0003. User cannot update the name field inArtifactory integration ">
    </testcase>
    <testcase class="PROJECTINTEGRATIONS_ARTIFACTORY - Artifactory integration tests I-Artifactory-0004. User can update the url field in Artifactory integration " time="0.4890" classclass="I-Artifactory-0004. User can update the url field in Artifactory integration ">
    </testcase>
    <testcase class="PROJECTINTEGRATIONS_ARTIFACTORY - Artifactory integration tests I-Artifactory-0005. User can update the user field in Artifactory integration " time="0.0700" classclass="I-Artifactory-0005. User can update the user field in Artifactory integration ">
    </testcase>
    <testcase class="PROJECTINTEGRATIONS_ARTIFACTORY - Artifactory integration tests I-Artifactory-0006. User can update the apikey field in Artifactory integration " time="0.2150" classclass="I-Artifactory-0006. User can update the apikey field in Artifactory integration ">
    </testcase>
    <testcase class="PROJECTINTEGRATIONS_ARTIFACTORY - Artifactory integration tests I-Artifactory-0008. User should not able to delete Artifactory integration if it is dependent on resource." time="0.0630" classclass="I-Artifactory-0008. User should not able to delete Artifactory integration if it is dependent on resource.">
    </testcase>
    <testcase class="PROJECTINTEGRATIONS_ARTIFACTORY - Artifactory integration tests 3. User can delete pipelineSource by Id" time="0.2500" classclass="3. User can delete pipelineSource by Id">
    </testcase>
    <testcase class="PROJECTINTEGRATIONS_ARTIFACTORY - Artifactory integration tests I-Artifactory-0007. Users should able to delete Artifactory  integration if it is not dependent on resource or steps." time="0.2350" classclass="I-Artifactory-0007. Users should able to delete Artifactory  integration if it is not dependent on resource or steps.">
    </testcase>
  </testsuite>
  <testsuite class="Below test cases are for testIntegration" timestamp="2022-01-17T17:52:37" tests="7" file="/var/opt/jfrog/pipelines/data/iTest/runs/521732/steps/projectIntegration_tests/4383829/setup_PreMatrix/tests/core/projectIntegrations/Artifactory.js" time="22.8070" failures="0">
    <testcase class="PROJECTINTEGRATIONS_ARTIFACTORY - Artifactory integration tests Below test cases are for testIntegration I-Artifactory-TestConnection-0001. User gets &quot;Connection was successful&quot; response when using valid artifactory data" time="3.0480" classclass="I-Artifactory-TestConnection-0001. User gets &quot;Connection was successful&quot; response when using valid artifactory data">
    </testcase>
    <testcase class="PROJECTINTEGRATIONS_ARTIFACTORY - Artifactory integration tests Below test cases are for testIntegration I-Artifactory-TestConnection-0002. User gets 400 bad request if the artifactory url was missing in request body" time="0.0610" classclass="I-Artifactory-TestConnection-0002. User gets 400 bad request if the artifactory url was missing in request body">
    </testcase>
    <testcase class="PROJECTINTEGRATIONS_ARTIFACTORY - Artifactory integration tests Below test cases are for testIntegration I-Artifactory-TestConnection-0003. User gets 400 bad requestif the artifactory user was missing in request body" time="0.0490" classclass="I-Artifactory-TestConnection-0003. User gets 400 bad requestif the artifactory user was missing in request body">
    </testcase>
    <testcase class="PROJECTINTEGRATIONS_ARTIFACTORY - Artifactory integration tests Below test cases are for testIntegration I-Artifactory-TestConnection-0004. User gets 400 bad requestif the artifactory apikey was missing in request body" time="0.1200" classclass="I-Artifactory-TestConnection-0004. User gets 400 bad requestif the artifactory apikey was missing in request body">
    </testcase>
    <testcase class="PROJECTINTEGRATIONS_ARTIFACTORY - Artifactory integration tests Below test cases are for testIntegration I-Artifactory-TestConnection-0007. User gets &quot;Connection was not successful&quot; response when using invalid artifactory data" time="3.0500" classclass="I-Artifactory-TestConnection-0007. User gets &quot;Connection was not successful&quot; response when using invalid artifactory data">
    </testcase>
    <testcase class="PROJECTINTEGRATIONS_ARTIFACTORY - Artifactory integration tests Below test cases are for testIntegration I-Artifactory-TestConnectionById-0004. User gets &quot;Connection was not successful&quot; response when using invalid artifactory integration" time="3.0350" classclass="I-Artifactory-TestConnectionById-0004. User gets &quot;Connection was not successful&quot; response when using invalid artifactory integration">
    </testcase>
    <testcase class="PROJECTINTEGRATIONS_ARTIFACTORY - Artifactory integration tests Below test cases are for testIntegration I-Artifactory-TestConnection-5876-0001. User gets &quot;Connection was successful&quot; response when there is a trailing slash in the Artifactory integration test URL." time="3.0380" classclass="I-Artifactory-TestConnection-5876-0001. User gets &quot;Connection was successful&quot; response when there is a trailing slash in the Artifactory integration test URL.">
    </testcase>
  </testsuite>
</testsuites>