<?xml version="1.0" encoding="UTF-8"?>
<testsuites class="Mocha Tests" time="46.4580" tests="10" failures="0" skipped="2">
  <testsuite class="Root Suite" timestamp="2022-01-17T17:50:59" tests="0" time="0.0000" failures="0">
  </testsuite>
  <testsuite class="RESOURCES_AQL - Aql Resource Tests" timestamp="2022-01-17T17:50:59" tests="1" file="/var/opt/jfrog/pipelines/data/iTest/runs/521732/steps/resource_tests/4383797/setup_PreMatrix/tests/core/resources/Aql.js" time="0.0000" failures="0">
    <testcase class="RESOURCES_AQL - Aql Resource Tests R-Aql-0006. ONLY_SYNC Verify if the user does not specify sourceArtifactory field then pipeline sync will fail" time="9.9680" classclass="R-Aql-0006. ONLY_SYNC Verify if the user does not specify sourceArtifactory field then pipeline sync will fail">
    </testcase>
  </testsuite>
  <testsuite class="Below test cases use artifactory Project Integration" timestamp="2022-01-17T17:51:09" tests="3" file="/var/opt/jfrog/pipelines/data/iTest/runs/521732/steps/resource_tests/4383797/setup_PreMatrix/tests/core/resources/Aql.js" time="0.0000" failures="0" skipped="2">
    <testcase class="RESOURCES_AQL - Aql Resource Tests Below test cases use artifactory Project Integration R-Aql-0007. ONLY_SYNC Verify if the user does not specify query field then pipeline sync will fail" time="10.1740" classclass="R-Aql-0007. ONLY_SYNC Verify if the user does not specify query field then pipeline sync will fail">
    </testcase>
    <testcase class="RESOURCES_AQL - Aql Resource Tests Below test cases use artifactory Project Integration R-Aql-0008. User ONLY_SYNC add invalid integration name in resource yml pipelineSync should fail" time="0.0000" classclass="R-Aql-0008. User ONLY_SYNC add invalid integration name in resource yml pipelineSync should fail">
      <skipped/>
    </testcase>
    <testcase class="RESOURCES_AQL - Aql Resource Tests Below test cases use artifactory Project Integration R-Aql-0010. ONLY_SYNC verify if a user does not specify values for any mentioned fields in resource yml  pipelineSync should fail" time="0.0000" classclass="R-Aql-0010. ONLY_SYNC verify if a user does not specify values for any mentioned fields in resource yml  pipelineSync should fail">
      <skipped/>
    </testcase>
    <testcase class="RESOURCES_AQL - Aql Resource Tests Below test cases use artifactory Project Integration  1. User should be able to add new pipelineSources" time="17.3160" classclass="1. User should be able to add new pipelineSources">
    </testcase>
  </testsuite>
  <testsuite class="Below test cases uses pipelineSource for Aql resource" timestamp="2022-01-17T17:51:37" tests="6" file="/var/opt/jfrog/pipelines/data/iTest/runs/521732/steps/resource_tests/4383797/setup_PreMatrix/tests/core/resources/Aql.js" time="8.8290" failures="0">
    <testcase class="RESOURCES_AQL - Aql Resource Tests Below test cases use artifactory Project Integration  Below test cases uses pipelineSource for Aql resource R-Aql-0001. User can get Aql resource which is added in pipeline source" time="0.0280" classclass="R-Aql-0001. User can get Aql resource which is added in pipeline source">
    </testcase>
    <testcase class="RESOURCES_AQL - Aql Resource Tests Below test cases use artifactory Project Integration  Below test cases uses pipelineSource for Aql resource R-Aql-0003. User should able to update the Aql resource" time="0.0930" classclass="R-Aql-0003. User should able to update the Aql resource">
    </testcase>
    <testcase class="RESOURCES_AQL - Aql Resource Tests Below test cases use artifactory Project Integration  Below test cases uses pipelineSource for Aql resource R-Aql-0004. User can add more than one mappings in the Aql resource" time="0.1130" classclass="R-Aql-0004. User can add more than one mappings in the Aql resource">
    </testcase>
    <testcase class="RESOURCES_AQL - Aql Resource Tests Below test cases use artifactory Project Integration  Below test cases uses pipelineSource for Aql resource R-Aql-0005. User can add key-value properties in the Aql resource" time="0.0380" classclass="R-Aql-0005. User can add key-value properties in the Aql resource">
    </testcase>
    <testcase class="RESOURCES_AQL - Aql Resource Tests Below test cases use artifactory Project Integration  Below test cases uses pipelineSource for Aql resource 2. User can delete resource which is not dependent on any steps" time="0.1940" classclass="2. User can delete resource which is not dependent on any steps">
    </testcase>
    <testcase class="RESOURCES_AQL - Aql Resource Tests Below test cases use artifactory Project Integration  Below test cases uses pipelineSource for Aql resource 3. User can delete pipelineSource by Id" time="8.3600" classclass="3. User can delete pipelineSource by Id">
    </testcase>
  </testsuite>
</testsuites>