<?xml version="1.0" encoding="UTF-8"?>
<testsuites class="Mocha Tests" time="503.9890" tests="8" failures="0">
  <testsuite class="Root Suite" timestamp="2022-01-17T17:51:17" tests="0" time="0.0000" failures="0">
  </testsuite>
  <testsuite class="STEP_BASH_GOOGLE_CLOUD_INTEGRATION - Bash Step Tests For Google Cloud Integration" timestamp="2022-01-17T17:51:17" tests="8" file="/var/opt/jfrog/pipelines/data/iTest/runs/521732/steps/bash_tests_1/4383567/setup_PreMatrix/tests/core/steps/Bash/BashIntegrations/BashGoogleCloudIntegration.js" time="503.9820" failures="0">
    <testcase class="STEP_BASH_GOOGLE_CLOUD_INTEGRATION - Bash Step Tests For Google Cloud Integration 1. User can add GoogleCloud project Integration" time="2.9760" classclass="1. User can add GoogleCloud project Integration">
    </testcase>
    <testcase class="STEP_BASH_GOOGLE_CLOUD_INTEGRATION - Bash Step Tests For Google Cloud Integration S-Bash-0314. User should see automatic login is done for GoogleCloud integration in bash" time="73.0080" classclass="S-Bash-0314. User should see automatic login is done for GoogleCloud integration in bash">
    </testcase>
    <testcase class="STEP_BASH_GOOGLE_CLOUD_INTEGRATION - Bash Step Tests For Google Cloud Integration S-Bash-0319. Environment variables for the resource are available in execution sections of the Bash step." time="406.8020" classclass="S-Bash-0319. Environment variables for the resource are available in execution sections of the Bash step.">
    </testcase>
    <testcase class="STEP_BASH_GOOGLE_CLOUD_INTEGRATION - Bash Step Tests For Google Cloud Integration S-Bash-0317. User adds GoogleCloud integration in integration section of bash step and verify pipeline sync is success" time="10.3020" classclass="S-Bash-0317. User adds GoogleCloud integration in integration section of bash step and verify pipeline sync is success">
    </testcase>
    <testcase class="STEP_BASH_GOOGLE_CLOUD_INTEGRATION - Bash Step Tests For Google Cloud Integration 2. User should be able to add new pipelineSources" time="9.6820" classclass="2. User should be able to add new pipelineSources">
    </testcase>
    <testcase class="STEP_BASH_GOOGLE_CLOUD_INTEGRATION - Bash Step Tests For Google Cloud Integration S-Bash-0415. Users should not be able to delete GoogleCloud   integration if it is dependent on any steps" time="0.0740" classclass="S-Bash-0415. Users should not be able to delete GoogleCloud   integration if it is dependent on any steps">
    </testcase>
    <testcase class="STEP_BASH_GOOGLE_CLOUD_INTEGRATION - Bash Step Tests For Google Cloud Integration 3. User can delete pipelineSource by Id" time="0.8060" classclass="3. User can delete pipelineSource by Id">
    </testcase>
    <testcase class="STEP_BASH_GOOGLE_CLOUD_INTEGRATION - Bash Step Tests For Google Cloud Integration 4. User can delete GoogleCloud project integrations by Id" time="0.1130" classclass="4. User can delete GoogleCloud project integrations by Id">
    </testcase>
  </testsuite>
</testsuites>