<?xml version="1.0" encoding="UTF-8"?>
<testsuites class="Mocha Tests" time="1104.3280" tests="30" failures="0" skipped="7">
  <testsuite class="Root Suite" timestamp="2022-01-17T17:51:17" tests="0" time="0.0000" failures="0">
  </testsuite>
  <testsuite class="CREATERELEASEBUNDLE_STEP - CreateReleaseBundle Step Tests" timestamp="2022-01-17T17:51:17" tests="25" file="/var/opt/jfrog/pipelines/data/iTest/runs/521732/steps/bash_tests_1/4383556/setup_PreMatrix/tests/core/steps/Bash/BashNative/CreateReleaseBundle.js" time="0.0000" failures="0" skipped="2">
    <testcase class="CREATERELEASEBUNDLE_STEP - CreateReleaseBundle Step Tests S-CreateReleaseBundle-0001 User verifies that pipeline sync is successful when newVersionOnly is true on a resource in inputResources for a CreateReleaseBundle step." time="12.1470" classclass="S-CreateReleaseBundle-0001 User verifies that pipeline sync is successful when newVersionOnly is true on a resource in inputResources for a CreateReleaseBundle step.">
    </testcase>
    <testcase class="CREATERELEASEBUNDLE_STEP - CreateReleaseBundle Step Tests S-CreateReleaseBundle-0002 User verifies that pipeline sync is successful with two output resources, only one a ReleaseBundle, for a CreateReleaseBundle step." time="12.6420" classclass="S-CreateReleaseBundle-0002 User verifies that pipeline sync is successful with two output resources, only one a ReleaseBundle, for a CreateReleaseBundle step.">
    </testcase>
    <testcase class="CREATERELEASEBUNDLE_STEP - CreateReleaseBundle Step Tests S-CreateReleaseBundle-0003 User verifies that pipeline sync fails with two output ReleaseBundle resources for a CreateReleaseBundle step." time="17.6650" classclass="S-CreateReleaseBundle-0003 User verifies that pipeline sync fails with two output ReleaseBundle resources for a CreateReleaseBundle step.">
    </testcase>
    <testcase class="CREATERELEASEBUNDLE_STEP - CreateReleaseBundle Step Tests S-CreateReleaseBundle-0004 User verifies that pipeline sync is successful with an SCM integration for a CreateReleaseBundle step." time="25.1040" classclass="S-CreateReleaseBundle-0004 User verifies that pipeline sync is successful with an SCM integration for a CreateReleaseBundle step.">
    </testcase>
    <testcase class="CREATERELEASEBUNDLE_STEP - CreateReleaseBundle Step Tests S-CreateReleaseBundle-5933-001 User adds a CreateReleaseBundle step with an Aql input resource at the pipeline level.  Sync is successful." time="24.4920" classclass="S-CreateReleaseBundle-5933-001 User adds a CreateReleaseBundle step with an Aql input resource at the pipeline level.  Sync is successful.">
    </testcase>
    <testcase class="CREATERELEASEBUNDLE_STEP - CreateReleaseBundle Step Tests S-CreateReleaseBundle-5933-002 User adds a CreateReleaseBundle step with an Aql input resource at the pipeline level and another at the step level.  Sync fails." time="13.6980" classclass="S-CreateReleaseBundle-5933-002 User adds a CreateReleaseBundle step with an Aql input resource at the pipeline level and another at the step level.  Sync fails.">
    </testcase>
    <testcase class="CREATERELEASEBUNDLE_STEP - CreateReleaseBundle Step Tests S-CreateReleaseBundle-5933-003 User adds a CreateReleaseBundle step with a BuildInfo input resource at the pipeline level.  Sync is successful." time="11.3230" classclass="S-CreateReleaseBundle-5933-003 User adds a CreateReleaseBundle step with a BuildInfo input resource at the pipeline level.  Sync is successful.">
    </testcase>
    <testcase class="CREATERELEASEBUNDLE_STEP - CreateReleaseBundle Step Tests S-CreateReleaseBundle-5933-004 User adds a CreateReleaseBundle step with a ReleaseBundle output resource at the pipeline level.  Sync is successful." time="0.0000" classclass="S-CreateReleaseBundle-5933-004 User adds a CreateReleaseBundle step with a ReleaseBundle output resource at the pipeline level.  Sync is successful.">
      <skipped/>
    </testcase>
    <testcase class="CREATERELEASEBUNDLE_STEP - CreateReleaseBundle Step Tests S-CreateReleaseBundle-5933-005 User adds a CreateReleaseBundle step with a ReleaseBundle output resource at the pipeline level and another at the step level.  Sync fails." time="10.7610" classclass="S-CreateReleaseBundle-5933-005 User adds a CreateReleaseBundle step with a ReleaseBundle output resource at the pipeline level and another at the step level.  Sync fails.">
    </testcase>
    <testcase class="CREATERELEASEBUNDLE_STEP - CreateReleaseBundle Step Tests S-CreateReleaseBundle-0005 User runs a CreateReleaseBundle step on Linux with “dryRun: true” successfully." time="144.8320" classclass="S-CreateReleaseBundle-0005 User runs a CreateReleaseBundle step on Linux with “dryRun: true” successfully.">
    </testcase>
    <testcase class="CREATERELEASEBUNDLE_STEP - CreateReleaseBundle Step Tests S-CreateReleaseBundle-0006 User runs a CreateReleaseBundle step on Linux with “dryRun: false” successfully and the output is updated with the correct name and number and is unsigned." time="185.7280" classclass="S-CreateReleaseBundle-0006 User runs a CreateReleaseBundle step on Linux with “dryRun: false” successfully and the output is updated with the correct name and number and is unsigned.">
    </testcase>
    <testcase class="CREATERELEASEBUNDLE_STEP - CreateReleaseBundle Step Tests S-CreateReleaseBundle-0007 User runs a CreateReleaseBundle step on Linux with a ReleaseBundle output and “sign: true” successfully and the output is signed." time="57.3830" classclass="S-CreateReleaseBundle-0007 User runs a CreateReleaseBundle step on Linux with a ReleaseBundle output and “sign: true” successfully and the output is signed.">
    </testcase>
    <testcase class="CREATERELEASEBUNDLE_STEP - CreateReleaseBundle Step Tests S-CreateReleaseBundle-5933-006 User runs a CreateReleaseBundle step with an Aql input resource and ReleaseBundle output at the pipeline level successfully." time="36.1470" classclass="S-CreateReleaseBundle-5933-006 User runs a CreateReleaseBundle step with an Aql input resource and ReleaseBundle output at the pipeline level successfully.">
    </testcase>
    <testcase class="CREATERELEASEBUNDLE_STEP - CreateReleaseBundle Step Tests S-CreateReleaseBundle-5933-007 User runs a CreateReleaseBundle step with a BuildInfo input resource and ReleaseBundle output at the pipeline level successfully." time="36.3290" classclass="S-CreateReleaseBundle-5933-007 User runs a CreateReleaseBundle step with a BuildInfo input resource and ReleaseBundle output at the pipeline level successfully.">
    </testcase>
    <testcase class="CREATERELEASEBUNDLE_STEP - CreateReleaseBundle Step Tests S-CreateReleaseBundle-6237-001 User runs a CreateReleaseBundle step with an Aql input with only the items.find section successfully." time="39.4890" classclass="S-CreateReleaseBundle-6237-001 User runs a CreateReleaseBundle step with an Aql input with only the items.find section successfully.">
    </testcase>
    <testcase class="CREATERELEASEBUNDLE_STEP - CreateReleaseBundle Step Tests S-CreateReleaseBundle-6237-002 User runs a CreateReleaseBundle step with an Aql input with addedProperties successfully and the properties are in the created release bundle." time="69.9560" classclass="S-CreateReleaseBundle-6237-002 User runs a CreateReleaseBundle step with an Aql input with addedProperties successfully and the properties are in the created release bundle.">
    </testcase>
    <testcase class="CREATERELEASEBUNDLE_STEP - CreateReleaseBundle Step Tests S-CreateReleaseBundle-6237-003 User runs a CreateReleaseBundle step with an Aql input with mappings successfully and the mappings are in the created release bundle." time="45.2870" classclass="S-CreateReleaseBundle-6237-003 User runs a CreateReleaseBundle step with an Aql input with mappings successfully and the mappings are in the created release bundle.">
    </testcase>
    <testcase class="CREATERELEASEBUNDLE_STEP - CreateReleaseBundle Step Tests S-CreateReleaseBundle-6237-004 User runs a CreateReleaseBundle step with an Aql input with mappings that uses capture groups and placeholders successfully and the mappings are in the release bundle." time="51.4190" classclass="S-CreateReleaseBundle-6237-004 User runs a CreateReleaseBundle step with an Aql input with mappings that uses capture groups and placeholders successfully and the mappings are in the release bundle.">
    </testcase>
    <testcase class="CREATERELEASEBUNDLE_STEP - CreateReleaseBundle Step Tests S-CreateReleaseBundle-6237-005 User runs a CreateReleaseBundle step with an Aql and description and the correct description is in the release bundle." time="53.2270" classclass="S-CreateReleaseBundle-6237-005 User runs a CreateReleaseBundle step with an Aql and description and the correct description is in the release bundle.">
    </testcase>
    <testcase class="CREATERELEASEBUNDLE_STEP - CreateReleaseBundle Step Tests S-CreateReleaseBundle-6237-006 User runs a CreateReleaseBundle step with an Aql and releaseNotes and the correct notes are in the release bundle." time="57.3700" classclass="S-CreateReleaseBundle-6237-006 User runs a CreateReleaseBundle step with an Aql and releaseNotes and the correct notes are in the release bundle.">
    </testcase>
    <testcase class="CREATERELEASEBUNDLE_STEP - CreateReleaseBundle Step Tests S-CreateReleaseBundle-6237-007 User runs a CreateReleaseBundle step with a BuildInfo input and the correct files are included." time="39.4490" classclass="S-CreateReleaseBundle-6237-007 User runs a CreateReleaseBundle step with a BuildInfo input and the correct files are included.">
    </testcase>
    <testcase class="CREATERELEASEBUNDLE_STEP - CreateReleaseBundle Step Tests S-CreateReleaseBundle-6237-008 User runs a CreateReleaseBundle step with two BuildInfo inputs and the correct files are included." time="57.0850" classclass="S-CreateReleaseBundle-6237-008 User runs a CreateReleaseBundle step with two BuildInfo inputs and the correct files are included.">
    </testcase>
    <testcase class="CREATERELEASEBUNDLE_STEP - CreateReleaseBundle Step Tests S-CreateReleaseBundle-6237-009 User runs a CreateReleaseBundle step with a BuildInfo and description and the correct description is in the release bundle." time="51.3060" classclass="S-CreateReleaseBundle-6237-009 User runs a CreateReleaseBundle step with a BuildInfo and description and the correct description is in the release bundle.">
    </testcase>
    <testcase class="CREATERELEASEBUNDLE_STEP - CreateReleaseBundle Step Tests S-CreateReleaseBundle-6237-010 User runs a CreateReleaseBundle step with a BuildInfo and releaseNotes and the correct notes are in the release bundle." time="51.2600" classclass="S-CreateReleaseBundle-6237-010 User runs a CreateReleaseBundle step with a BuildInfo and releaseNotes and the correct notes are in the release bundle.">
    </testcase>
    <testcase class="CREATERELEASEBUNDLE_STEP - CreateReleaseBundle Step Tests S-CreateReleaseBundle-6237-011 User runs a CreateReleaseBundle step with a BuildInfo and sign true and a stepArtifact is created for the release bundle." time="0.0000" classclass="S-CreateReleaseBundle-6237-011 User runs a CreateReleaseBundle step with a BuildInfo and sign true and a stepArtifact is created for the release bundle.">
      <skipped/>
    </testcase>
  </testsuite>
  <testsuite class="PIPE-5949 - Tests for CreateReleaseBundle step - signed pipelines failOnVaidate flag." timestamp="2022-01-17T18:09:41" tests="5" file="/var/opt/jfrog/pipelines/data/iTest/runs/521732/steps/bash_tests_1/4383556/setup_PreMatrix/tests/core/steps/Bash/BashNative/CreateReleaseBundle.js" time="0.0020" failures="0" skipped="5">
    <testcase class="CREATERELEASEBUNDLE_STEP - CreateReleaseBundle Step Tests PIPE-5949 - Tests for CreateReleaseBundle step - signed pipelines failOnVaidate flag. S_LX_CreateReleaseBundle_5949_0001. User can add a CreateReleaseBundle step without specifying failOnValidate and it defaults to false. The step attempts to create a release bundle with an input build info that has an invalid artifact signature. The create release bundle is successful." time="0.0000" classclass="S_LX_CreateReleaseBundle_5949_0001. User can add a CreateReleaseBundle step without specifying failOnValidate and it defaults to false. The step attempts to create a release bundle with an input build info that has an invalid artifact signature. The create release bundle is successful.">
      <skipped/>
    </testcase>
    <testcase class="CREATERELEASEBUNDLE_STEP - CreateReleaseBundle Step Tests PIPE-5949 - Tests for CreateReleaseBundle step - signed pipelines failOnVaidate flag. S_LX_CreateReleaseBundle_5949_0002. User can add a CreateReleaseBundle step specifying failOnValidate as true. The step attempts to create a release bundle with an input build info with an invalid artifact signature. The create release bundle fails." time="0.0000" classclass="S_LX_CreateReleaseBundle_5949_0002. User can add a CreateReleaseBundle step specifying failOnValidate as true. The step attempts to create a release bundle with an input build info with an invalid artifact signature. The create release bundle fails.">
      <skipped/>
    </testcase>
    <testcase class="CREATERELEASEBUNDLE_STEP - CreateReleaseBundle Step Tests PIPE-5949 - Tests for CreateReleaseBundle step - signed pipelines failOnVaidate flag. S_LX_CreateReleaseBundle_5949_0003. User can add a CreateReleaseBundle step specifying failOnValidate as true. The step attempts to create a release bundle with multiple input build infos with one of them that has an invalid artifact signature. The create release bundle fails." time="0.0000" classclass="S_LX_CreateReleaseBundle_5949_0003. User can add a CreateReleaseBundle step specifying failOnValidate as true. The step attempts to create a release bundle with multiple input build infos with one of them that has an invalid artifact signature. The create release bundle fails.">
      <skipped/>
    </testcase>
    <testcase class="CREATERELEASEBUNDLE_STEP - CreateReleaseBundle Step Tests PIPE-5949 - Tests for CreateReleaseBundle step - signed pipelines failOnVaidate flag. S_LX_CreateReleaseBundle_5949_0004. User can add a CreateReleaseBundle step specifying failOnValidate as true. The step attempts to create a release bundle with an input build info that has a valid artifact signature. The create release bundle is successful." time="0.0000" classclass="S_LX_CreateReleaseBundle_5949_0004. User can add a CreateReleaseBundle step specifying failOnValidate as true. The step attempts to create a release bundle with an input build info that has a valid artifact signature. The create release bundle is successful.">
      <skipped/>
    </testcase>
    <testcase class="CREATERELEASEBUNDLE_STEP - CreateReleaseBundle Step Tests PIPE-5949 - Tests for CreateReleaseBundle step - signed pipelines failOnVaidate flag. S_LX_CreateReleaseBundle_5949_0005. User can add a CreateReleaseBundle step specifying failOnValidate as false. The step attempts to create a release bundle with an input build info that has a valid artifact signature. The create release bundle is successful." time="0.0000" classclass="S_LX_CreateReleaseBundle_5949_0005. User can add a CreateReleaseBundle step specifying failOnValidate as false. The step attempts to create a release bundle with an input build info that has a valid artifact signature. The create release bundle is successful.">
      <skipped/>
    </testcase>
  </testsuite>
</testsuites>