<?xml version="1.0" encoding="UTF-8"?>
<testsuites name="Mocha Tests" time="690.5350" tests="20" failures="0" skipped="2">
  <testsuite name="Root Suite" timestamp="2022-01-17T17:51:17" tests="0" time="0.0000" failures="0">
  </testsuite>
  <testsuite name="STEP_BASH_IMAGE - BashImage Step Tests" timestamp="2022-01-17T17:51:17" tests="0" file="/var/opt/jfrog/pipelines/data/iTest/runs/521732/steps/bash_tests_1/4383557/setup_PreMatrix/tests/core/steps/Bash/BashResources/BashImage.js" time="0.0000" failures="0">
  </testsuite>
  <testsuite name="Below test cases use Docker project Integration" timestamp="2022-01-17T17:51:17" tests="8" file="/var/opt/jfrog/pipelines/data/iTest/runs/521732/steps/bash_tests_1/4383557/setup_PreMatrix/tests/core/steps/Bash/BashResources/BashImage.js" time="255.7950" failures="0">
    <testcase name="STEP_BASH_IMAGE - BashImage Step Tests Below test cases use Docker project Integration 1. User can add docker Registry project Integration" time="2.7400" classname="1. User can add docker Registry project Integration">
    </testcase>
    <testcase name="STEP_BASH_IMAGE - BashImage Step Tests Below test cases use Docker project Integration S-Bash-0152. In inputResource section if trigger is  set to “True” then image using docker hub integration resource  version will change the Bash step should trigger." time="36.8430" classname="S-Bash-0152. In inputResource section if trigger is  set to “True” then image using docker hub integration resource  version will change the Bash step should trigger.">
    </testcase>
    <testcase name="STEP_BASH_IMAGE - BashImage Step Tests Below test cases use Docker project Integration S-Bash-0153. In inputResource section if trigger is set to “False” then any image using docker hub integration resource version change the Bash step should not trigger." time="27.4560" classname="S-Bash-0153. In inputResource section if trigger is set to “False” then any image using docker hub integration resource version change the Bash step should not trigger.">
    </testcase>
    <testcase name="STEP_BASH_IMAGE - BashImage Step Tests Below test cases use Docker project Integration S-Bash-0156. Environment variables for docker hub integration resource are available in execution sections of the Bash step." time="121.8380" classname="S-Bash-0156. Environment variables for docker hub integration resource are available in execution sections of the Bash step.">
    </testcase>
    <testcase name="STEP_BASH_IMAGE - BashImage Step Tests Below test cases use Docker project Integration S-Bash-0150. If an image resource in inputResource section is found, pipeline sync should success " time="10.6450" classname="S-Bash-0150. If an image resource in inputResource section is found, pipeline sync should success ">
    </testcase>
    <testcase name="STEP_BASH_IMAGE - BashImage Step Tests Below test cases use Docker project Integration S-Bash-0159. If an image resource in outputResource  section is found, pipeline sync should success " time="10.7430" classname="S-Bash-0159. If an image resource in outputResource  section is found, pipeline sync should success ">
    </testcase>
    <testcase name="STEP_BASH_IMAGE - BashImage Step Tests Below test cases use Docker project Integration S-Bash-0161. User update outputResource in Bash, it should create new version for that resource in execution sections ofthe Bash step." time="45.3210" classname="S-Bash-0161. User update outputResource in Bash, it should create new version for that resource in execution sections ofthe Bash step.">
    </testcase>
    <testcase name="STEP_BASH_IMAGE - BashImage Step Tests Below test cases use Docker project Integration 4. User can delete dockerRegistry project integrations by Id" time="0.2020" classname="4. User can delete dockerRegistry project integrations by Id">
    </testcase>
  </testsuite>
  <testsuite name="Below test cases uses AWS Project Integration" timestamp="2022-01-17T17:55:33" tests="5" file="/var/opt/jfrog/pipelines/data/iTest/runs/521732/steps/bash_tests_1/4383557/setup_PreMatrix/tests/core/steps/Bash/BashResources/BashImage.js" time="81.4490" failures="0">
    <testcase name="STEP_BASH_IMAGE - BashImage Step Tests Below test cases uses AWS Project Integration 2. user can add AWS project Integration" time="3.4280" classname="2. user can add AWS project Integration">
    </testcase>
    <testcase name="STEP_BASH_IMAGE - BashImage Step Tests Below test cases uses AWS Project Integration S-Bash-0499. In inputResource section if trigger is set to “True” then any image using AWS integration resource version change the Bash step should trigger." time="24.4370" classname="S-Bash-0499. In inputResource section if trigger is set to “True” then any image using AWS integration resource version change the Bash step should trigger.">
    </testcase>
    <testcase name="STEP_BASH_IMAGE - BashImage Step Tests Below test cases uses AWS Project Integration S-Bash-0500. In inputResource section if trigger is set to “False” then any image using AWS integration resource version  change the Bash step should not trigger." time="14.5050" classname="S-Bash-0500. In inputResource section if trigger is set to “False” then any image using AWS integration resource version  change the Bash step should not trigger.">
    </testcase>
    <testcase name="STEP_BASH_IMAGE - BashImage Step Tests Below test cases uses AWS Project Integration S-Bash-0501. Environment variables for AWS integration resource are available in execution sections of the Bash step." time="38.9690" classname="S-Bash-0501. Environment variables for AWS integration resource are available in execution sections of the Bash step.">
    </testcase>
    <testcase name="STEP_BASH_IMAGE - BashImage Step Tests Below test cases uses AWS Project Integration 5. User can delete AWS project integrations by Id" time="0.1070" classname="5. User can delete AWS project integrations by Id">
    </testcase>
  </testsuite>
  <testsuite name="Below test cases use GoogleCloud project Integration" timestamp="2022-01-17T17:56:54" tests="3" file="/var/opt/jfrog/pipelines/data/iTest/runs/521732/steps/bash_tests_1/4383557/setup_PreMatrix/tests/core/steps/Bash/BashResources/BashImage.js" time="81.8270" failures="0">
    <testcase name="STEP_BASH_IMAGE - BashImage Step Tests Below test cases use GoogleCloud project Integration S-Bash-0502. In inputResource section if trigger is set to “True” then any image using Google integration resource version change the Bash step should trigger." time="30.2530" classname="S-Bash-0502. In inputResource section if trigger is set to “True” then any image using Google integration resource version change the Bash step should trigger.">
    </testcase>
    <testcase name="STEP_BASH_IMAGE - BashImage Step Tests Below test cases use GoogleCloud project Integration S-Bash-0503. In inputResource section if trigger is set to “False” then any image using Google integration resource version change the Bash step should not trigger." time="15.0860" classname="S-Bash-0503. In inputResource section if trigger is set to “False” then any image using Google integration resource version change the Bash step should not trigger.">
    </testcase>
    <testcase name="STEP_BASH_IMAGE - BashImage Step Tests Below test cases use GoogleCloud project Integration S-Bash-0504. Environment variables for Google integration  resource are available in execution sections of the Bash step." time="34.0410" classname="S-Bash-0504. Environment variables for Google integration  resource are available in execution sections of the Bash step.">
    </testcase>
  </testsuite>
  <testsuite name="Below test cases uses Artifactory project integration for Image resource" timestamp="2022-01-17T17:58:16" tests="4" file="/var/opt/jfrog/pipelines/data/iTest/runs/521732/steps/bash_tests_1/4383557/setup_PreMatrix/tests/core/steps/Bash/BashResources/BashImage.js" time="271.2230" failures="0" skipped="2">
    <testcase name="STEP_BASH_IMAGE - BashImage Step Tests Below test cases uses Artifactory project integration for Image resource S-Bash-0506. In inputResource section if trigger is set to “False” then any image using Artifactory integration resource version change the Bash step should not trigger." time="14.4690" classname="S-Bash-0506. In inputResource section if trigger is set to “False” then any image using Artifactory integration resource version change the Bash step should not trigger.">
    </testcase>
    <testcase name="STEP_BASH_IMAGE - BashImage Step Tests Below test cases uses Artifactory project integration for Image resource S-Bash-0507. Environment variables for Google integration resource Artifactory are available in execution sections of the Bash step." time="0.0000" classname="S-Bash-0507. Environment variables for Google integration resource Artifactory are available in execution sections of the Bash step.">
      <skipped/>
    </testcase>
    <testcase name="STEP_BASH_IMAGE - BashImage Step Tests Below test cases uses Artifactory project integration for Image resource S-Bash-0507. Environment variables for Google integration resource Artifactory are available in execution sections of the Bash step." time="0.0000" classname="S-Bash-0507. Environment variables for Google integration resource Artifactory are available in execution sections of the Bash step.">
      <skipped/>
    </testcase>
    <testcase name="STEP_BASH_IMAGE - BashImage Step Tests Below test cases uses Artifactory project integration for Image resource S_Bash_0578. A user runs a step with an Image input using an Artifactory integration on Linux and it pulls the image successfully." time="256.7530" classname="S_Bash_0578. A user runs a step with an Image input using an Artifactory integration on Linux and it pulls the image successfully.">
    </testcase>
  </testsuite>
</testsuites>