<?xml version="1.0" encoding="UTF-8"?>
<testsuites class="Mocha Tests" time="0.0160" tests="7" failures="0" skipped="7">
  <testsuite class="Root Suite" timestamp="2022-01-17T17:51:18" tests="0" time="0.0000" failures="0">
  </testsuite>
  <testsuite class="STEP_POWERSHELL_DIGITALOCEAN_INTEGRATION - PowerShell Step Tests For DigitalOcean Integration" timestamp="2022-01-17T17:51:18" tests="7" file="/var/opt/jfrog/pipelines/data/iTest/runs/521732/steps/ps_tests_1/4383684/setup_PreMatrix/tests/core/steps/PowerShell/PSIntegration/PowerShellDigitalOceanIntegration.js" time="0.0050" failures="0" skipped="7">
    <testcase class="STEP_POWERSHELL_DIGITALOCEAN_INTEGRATION - PowerShell Step Tests For DigitalOcean Integration 1. User can add digitalocean project Integration" time="0.0000" classclass="1. User can add digitalocean project Integration">
      <skipped/>
    </testcase>
    <testcase class="STEP_POWERSHELL_DIGITALOCEAN_INTEGRATION - PowerShell Step Tests For DigitalOcean Integration S-PS-I-DigitalO-0001. If the user adds a pipeline sources with the PowerShell step, where  Digital Ocean integration is mentioned in the integration section, then pipeline sync should success" time="0.0000" classclass="S-PS-I-DigitalO-0001. If the user adds a pipeline sources with the PowerShell step, where  Digital Ocean integration is mentioned in the integration section, then pipeline sync should success">
      <skipped/>
    </testcase>
    <testcase class="STEP_POWERSHELL_DIGITALOCEAN_INTEGRATION - PowerShell Step Tests For DigitalOcean Integration S-PS-I-DigitalO-0002. User verifies that all the Digital Ocean integration environment variables are available in execution sections of the PowerShell step." time="0.0000" classclass="S-PS-I-DigitalO-0002. User verifies that all the Digital Ocean integration environment variables are available in execution sections of the PowerShell step.">
      <skipped/>
    </testcase>
    <testcase class="STEP_POWERSHELL_DIGITALOCEAN_INTEGRATION - PowerShell Step Tests For DigitalOcean Integration 2. User should be able to add new pipelineSources" time="0.0000" classclass="2. User should be able to add new pipelineSources">
      <skipped/>
    </testcase>
    <testcase class="STEP_POWERSHELL_DIGITALOCEAN_INTEGRATION - PowerShell Step Tests For DigitalOcean Integration S-PS-I-DigitalO-0003.Users should not be able to delete Digital Ocean integration if it is dependent on any steps." time="0.0000" classclass="S-PS-I-DigitalO-0003.Users should not be able to delete Digital Ocean integration if it is dependent on any steps.">
      <skipped/>
    </testcase>
    <testcase class="STEP_POWERSHELL_DIGITALOCEAN_INTEGRATION - PowerShell Step Tests For DigitalOcean Integration 3. User can delete pipelineSource by Id" time="0.0000" classclass="3. User can delete pipelineSource by Id">
      <skipped/>
    </testcase>
    <testcase class="STEP_POWERSHELL_DIGITALOCEAN_INTEGRATION - PowerShell Step Tests For DigitalOcean Integration 4. User can delete digital ocean project integration by Id" time="0.0000" classclass="4. User can delete digital ocean project integration by Id">
      <skipped/>
    </testcase>
  </testsuite>
</testsuites>