<?xml version="1.0" encoding="UTF-8"?>
<testsuites class="Mocha Tests" time="142.9810" tests="8" failures="0">
  <testsuite class="Root Suite" timestamp="2022-01-17T17:51:18" tests="0" time="0.0000" failures="0">
  </testsuite>
  <testsuite class="STEP_POWERSHELL_DOCKER_REGISTRY_INTEGRATION - PowerShell Step Tests For Docker Registry Integration" timestamp="2022-01-17T17:51:18" tests="8" file="/var/opt/jfrog/pipelines/data/iTest/runs/521732/steps/ps_tests_1/4383687/setup_PreMatrix/tests/core/steps/PowerShell/PSIntegration/PowerShellDockerIntegration.js" time="142.9740" failures="0">
    <testcase class="STEP_POWERSHELL_DOCKER_REGISTRY_INTEGRATION - PowerShell Step Tests For Docker Registry Integration 1. User can add Docker Registry project Integration" time="1.5320" classclass="1. User can add Docker Registry project Integration">
    </testcase>
    <testcase class="STEP_POWERSHELL_DOCKER_REGISTRY_INTEGRATION - PowerShell Step Tests For Docker Registry Integration S-PS-I-Docker-0001. User verifies that auto-login is done for Docker hub when docker Registry integration. is specified in the integration section of the PowerShell step." time="50.5750" classclass="S-PS-I-Docker-0001. User verifies that auto-login is done for Docker hub when docker Registry integration. is specified in the integration section of the PowerShell step.">
    </testcase>
    <testcase class="STEP_POWERSHELL_DOCKER_REGISTRY_INTEGRATION - PowerShell Step Tests For Docker Registry Integration S-PS-I-Docker-0002. If user adds a pipeline sources with the PowerShell step, where  Docker Registry integration is mentioned in the integration section, then pipeline sync should success." time="14.8500" classclass="S-PS-I-Docker-0002. If user adds a pipeline sources with the PowerShell step, where  Docker Registry integration is mentioned in the integration section, then pipeline sync should success.">
    </testcase>
    <testcase class="STEP_POWERSHELL_DOCKER_REGISTRY_INTEGRATION - PowerShell Step Tests For Docker Registry Integration S-PS-I-Docker-0003. User verifies that all the Docker Registry integration environment variables are available in execution sections of the PowerShell step." time="63.5630" classclass="S-PS-I-Docker-0003. User verifies that all the Docker Registry integration environment variables are available in execution sections of the PowerShell step.">
    </testcase>
    <testcase class="STEP_POWERSHELL_DOCKER_REGISTRY_INTEGRATION - PowerShell Step Tests For Docker Registry Integration 2. User should be able to add new pipelineSources" time="10.7230" classclass="2. User should be able to add new pipelineSources">
    </testcase>
    <testcase class="STEP_POWERSHELL_DOCKER_REGISTRY_INTEGRATION - PowerShell Step Tests For Docker Registry Integration S-PS-I-Docker-0004. Users should not able to delete Docker integration if it is dependent on any steps in the pipelines ." time="0.0790" classclass="S-PS-I-Docker-0004. Users should not able to delete Docker integration if it is dependent on any steps in the pipelines .">
    </testcase>
    <testcase class="STEP_POWERSHELL_DOCKER_REGISTRY_INTEGRATION - PowerShell Step Tests For Docker Registry Integration 3. User can delete pipelineSource by Id" time="1.0030" classclass="3. User can delete pipelineSource by Id">
    </testcase>
    <testcase class="STEP_POWERSHELL_DOCKER_REGISTRY_INTEGRATION - PowerShell Step Tests For Docker Registry Integration 4. User can delete Docker registry project integration by Id" time="0.2100" classclass="4. User can delete Docker registry project integration by Id">
    </testcase>
  </testsuite>
</testsuites>