<?xml version="1.0" encoding="UTF-8"?>
<testsuites class="Mocha Tests" time="232.1110" tests="5" failures="0" skipped="3">
  <testsuite class="Root Suite" timestamp="2022-01-17T17:51:49" tests="0" time="0.0000" failures="0">
  </testsuite>
  <testsuite class="STEP_UTILITYFUNCTIONS - Bash Step Tests For Utility Function" timestamp="2022-01-17T17:51:49" tests="0" file="/var/opt/jfrog/pipelines/data/iTest/runs/521732/steps/bash_tests_3/4383620/setup_PreMatrix/tests/core/steps/Bash/BashUtilityFunctions/UtilityFunctions6.js" time="0.0000" failures="0">
  </testsuite>
  <testsuite class="Below test cases are for run state" timestamp="2022-01-17T17:51:49" tests="5" file="/var/opt/jfrog/pipelines/data/iTest/runs/521732/steps/bash_tests_3/4383620/setup_PreMatrix/tests/core/steps/Bash/BashUtilityFunctions/UtilityFunctions6.js" time="231.9610" failures="0" skipped="3">
    <testcase class="STEP_UTILITYFUNCTIONS - Bash Step Tests For Utility Function Below test cases are for run state S-Bash-util-0001. User adds a variable using add_run_variables utility function in the Bash step for one key-value pair and the value should be of type string with spaces included. Then verifies that the format of the string should be the same in the onExecute section." time="100.6380" classclass="S-Bash-util-0001. User adds a variable using add_run_variables utility function in the Bash step for one key-value pair and the value should be of type string with spaces included. Then verifies that the format of the string should be the same in the onExecute section.">
    </testcase>
    <testcase class="STEP_UTILITYFUNCTIONS - Bash Step Tests For Utility Function Below test cases are for run state S-Bash-util-0004. User adds a variable using add_run_variables utility function in the Bash step for one key-value pair where the value is of string with spaces and if the variable is exported in powerShell step . Then verifies that the format of the string should be the same in the onExecute section." time="0.0000" classclass="S-Bash-util-0004. User adds a variable using add_run_variables utility function in the Bash step for one key-value pair where the value is of string with spaces and if the variable is exported in powerShell step . Then verifies that the format of the string should be the same in the onExecute section.">
      <skipped/>
    </testcase>
    <testcase class="STEP_UTILITYFUNCTIONS - Bash Step Tests For Utility Function Below test cases are for run state S-Bash-util-0005. User adds a variable using add_run_files utility function in the bash step and if the file is exported in powershell step. Then verify if the file is in the same format." time="0.0000" classclass="S-Bash-util-0005. User adds a variable using add_run_files utility function in the bash step and if the file is exported in powershell step. Then verify if the file is in the same format.">
      <skipped/>
    </testcase>
    <testcase class="STEP_UTILITYFUNCTIONS - Bash Step Tests For Utility Function Below test cases are for run state S-Bash-util-0013. Add add_run_variables utility function in the Bash step where step1 adds var1 &amp; var2 run variables, step2 adds var3 variable and modifies the var2, step3 then consumes all var1, var2 &amp; var3." time="0.0000" classclass="S-Bash-util-0013. Add add_run_variables utility function in the Bash step where step1 adds var1 &amp; var2 run variables, step2 adds var3 variable and modifies the var2, step3 then consumes all var1, var2 &amp; var3.">
      <skipped/>
    </testcase>
    <testcase class="STEP_UTILITYFUNCTIONS - Bash Step Tests For Utility Function Below test cases are for run state S-Bash-util-0014. Add add_run_variables utility function in the Bash step where step1 runs both step2 and step3. step2 adds var1 &amp; step3 adds var2 run variables, step4 then consumes both var1 &amp; var2" time="131.3160" classclass="S-Bash-util-0014. Add add_run_variables utility function in the Bash step where step1 runs both step2 and step3. step2 adds var1 &amp; step3 adds var2 run variables, step4 then consumes both var1 &amp; var2">
    </testcase>
  </testsuite>
</testsuites>