<?xml version="1.0" encoding="UTF-8"?>
<testsuites class="Mocha Tests" time="0.4110" tests="8" failures="0" skipped="8">
  <testsuite class="Root Suite" timestamp="2022-01-17T17:51:48" tests="0" time="0.0000" failures="0">
  </testsuite>
  <testsuite class="STEP_UTILITYFUNCTIONS - Bash Step Tests For Utility Function" timestamp="2022-01-17T17:51:48" tests="0" file="/var/opt/jfrog/pipelines/data/iTest/runs/521732/steps/bash_tests_3/4383603/setup_PreMatrix/tests/core/steps/Bash/BashUtilityFunctions/UtilityFunctions10.js" time="0.0000" failures="0">
  </testsuite>
  <testsuite class="Below test cases are for replicate_resource with pull request GitRepo resources" timestamp="2022-01-17T17:51:49" tests="8" file="/var/opt/jfrog/pipelines/data/iTest/runs/521732/steps/bash_tests_3/4383603/setup_PreMatrix/tests/core/steps/Bash/BashUtilityFunctions/UtilityFunctions10.js" time="0.0180" failures="0" skipped="8">
    <testcase class="STEP_UTILITYFUNCTIONS - Bash Step Tests For Utility Function Below test cases are for replicate_resource with pull request GitRepo resources S-Bash-util-5961-001 User uses replicate_resource with --match-settings in a Bash step to copy a GitRepo version for a pull request with a source branch matching a pullRequestSourceBranch include of the second resource.  The resource is copied." time="0.0000" classclass="S-Bash-util-5961-001 User uses replicate_resource with --match-settings in a Bash step to copy a GitRepo version for a pull request with a source branch matching a pullRequestSourceBranch include of the second resource.  The resource is copied.">
      <skipped/>
    </testcase>
    <testcase class="STEP_UTILITYFUNCTIONS - Bash Step Tests For Utility Function Below test cases are for replicate_resource with pull request GitRepo resources S-Bash-util-5961-002 User uses replicate_resource with --match-settings in a Bash step to copy a GitRepo version for a pull request with a source branch matching a pullRequestSourceBranch exclude of the second resource.  The resource is not copied." time="0.0000" classclass="S-Bash-util-5961-002 User uses replicate_resource with --match-settings in a Bash step to copy a GitRepo version for a pull request with a source branch matching a pullRequestSourceBranch exclude of the second resource.  The resource is not copied.">
      <skipped/>
    </testcase>
    <testcase class="STEP_UTILITYFUNCTIONS - Bash Step Tests For Utility Function Below test cases are for replicate_resource with pull request GitRepo resources S-Bash-util-5961-003 User uses replicate_resource with --match-settings in a Bash step to copy a GitRepo version for a pull request with a target branch matching a pullRequestTargetBranch include of the second resource.  The resource is copied." time="0.0000" classclass="S-Bash-util-5961-003 User uses replicate_resource with --match-settings in a Bash step to copy a GitRepo version for a pull request with a target branch matching a pullRequestTargetBranch include of the second resource.  The resource is copied.">
      <skipped/>
    </testcase>
    <testcase class="STEP_UTILITYFUNCTIONS - Bash Step Tests For Utility Function Below test cases are for replicate_resource with pull request GitRepo resources S-Bash-util-5961-004 User uses replicate_resource with --match-settings in a Bash step to copy a GitRepo version for a pull request with a target branch matching a pullRequestTargetBranch exclude of the second resource.  The resource is not copied." time="0.0000" classclass="S-Bash-util-5961-004 User uses replicate_resource with --match-settings in a Bash step to copy a GitRepo version for a pull request with a target branch matching a pullRequestTargetBranch exclude of the second resource.  The resource is not copied.">
      <skipped/>
    </testcase>
    <testcase class="STEP_UTILITYFUNCTIONS - Bash Step Tests For Utility Function Below test cases are for replicate_resource with pull request GitRepo resources S-Bash-util-5961-005 User uses replicate_resource with --match-settings in a Bash step to copy a GitRepo version for a pull request with a target branch matching a branches include and no pullRequestTargetBranch or pullRequestSourceBranch for the second resource.  The resource is copied." time="0.0000" classclass="S-Bash-util-5961-005 User uses replicate_resource with --match-settings in a Bash step to copy a GitRepo version for a pull request with a target branch matching a branches include and no pullRequestTargetBranch or pullRequestSourceBranch for the second resource.  The resource is copied.">
      <skipped/>
    </testcase>
    <testcase class="STEP_UTILITYFUNCTIONS - Bash Step Tests For Utility Function Below test cases are for replicate_resource with pull request GitRepo resources S-Bash-util-5961-006 User uses replicate_resource with --match-settings in a Bash step to copy a GitRepo version for a pull request with a target branch matching a branches exclude and no pullRequestTargetBranch or pullRequestSourceBranch for the second resource.  The resource is not copied." time="0.0000" classclass="S-Bash-util-5961-006 User uses replicate_resource with --match-settings in a Bash step to copy a GitRepo version for a pull request with a target branch matching a branches exclude and no pullRequestTargetBranch or pullRequestSourceBranch for the second resource.  The resource is not copied.">
      <skipped/>
    </testcase>
    <testcase class="STEP_UTILITYFUNCTIONS - Bash Step Tests For Utility Function Below test cases are for replicate_resource with pull request GitRepo resources S-Bash-util-5961-007 User uses replicate_resource with --match-settings in a Bash step to copy a GitRepo version for a pull request with a target branch matching pullRequestTargetBranch and not pullRequestSourceBranch for the second resource.  The resource is not copied." time="0.0000" classclass="S-Bash-util-5961-007 User uses replicate_resource with --match-settings in a Bash step to copy a GitRepo version for a pull request with a target branch matching pullRequestTargetBranch and not pullRequestSourceBranch for the second resource.  The resource is not copied.">
      <skipped/>
    </testcase>
    <testcase class="STEP_UTILITYFUNCTIONS - Bash Step Tests For Utility Function Below test cases are for replicate_resource with pull request GitRepo resources S-Bash-util-5961-008 User uses replicate_resource with --match-settings in a Bash step to copy a GitRepo version for a pull request with a target branch matching pullRequestSourceBranch and not pullRequestTargetBranch for the second resource.  The resource is not copied." time="0.0000" classclass="S-Bash-util-5961-008 User uses replicate_resource with --match-settings in a Bash step to copy a GitRepo version for a pull request with a target branch matching pullRequestSourceBranch and not pullRequestTargetBranch for the second resource.  The resource is not copied.">
      <skipped/>
    </testcase>
  </testsuite>
</testsuites>