<?xml version="1.0" encoding="UTF-8"?>
<testsuites class="Mocha Tests" time="230.0580" tests="5" failures="0" skipped="3">
  <testsuite class="Root Suite" timestamp="2022-01-17T17:51:49" tests="0" time="0.0000" failures="0">
  </testsuite>
  <testsuite class="STEP_UTILITYFUNCTIONS - Bash Step Tests For Utility Function" timestamp="2022-01-17T17:51:49" tests="0" file="/var/opt/jfrog/pipelines/data/iTest/runs/521732/steps/bash_tests_3/4383612/setup_PreMatrix/tests/core/steps/Bash/BashUtilityFunctions/UtilityFunctions.js" time="0.0000" failures="0">
  </testsuite>
  <testsuite class="Below test cases basic utility function cases" timestamp="2022-01-17T17:51:49" tests="5" file="/var/opt/jfrog/pipelines/data/iTest/runs/521732/steps/bash_tests_3/4383612/setup_PreMatrix/tests/core/steps/Bash/BashUtilityFunctions/UtilityFunctions.js" time="229.8030" failures="0" skipped="3">
    <testcase class="STEP_UTILITYFUNCTIONS - Bash Step Tests For Utility Function Below test cases basic utility function cases S-Bash-util-0002. User adds a variable using add_pipeline_variables utility function in the Bash step for one key-value pair and the value should be of type string with spaces included. Then verifies that the format of the string should be the same in the onExecute section." time="0.0000" classclass="S-Bash-util-0002. User adds a variable using add_pipeline_variables utility function in the Bash step for one key-value pair and the value should be of type string with spaces included. Then verifies that the format of the string should be the same in the onExecute section.">
      <skipped/>
    </testcase>
    <testcase class="STEP_UTILITYFUNCTIONS - Bash Step Tests For Utility Function Below test cases basic utility function cases S-Bash-util-0003. User adds a variable using add_pipeline_variables utility function in the Bash step for one key-value pair where the value is of string with spaces and if the variable is exported in powerShell step . Then verifies that the format of the string should be the same in the onExecute section." time="171.5290" classclass="S-Bash-util-0003. User adds a variable using add_pipeline_variables utility function in the Bash step for one key-value pair where the value is of string with spaces and if the variable is exported in powerShell step . Then verifies that the format of the string should be the same in the onExecute section.">
    </testcase>
    <testcase class="STEP_UTILITYFUNCTIONS - Bash Step Tests For Utility Function Below test cases basic utility function cases S-Bash-util-0006. User adds a variable using add_pipeline_files utility function in the bash step and if the file is exported in powershell step. Then verify if the file is in the same format." time="0.0000" classclass="S-Bash-util-0006. User adds a variable using add_pipeline_files utility function in the bash step and if the file is exported in powershell step. Then verify if the file is in the same format.">
      <skipped/>
    </testcase>
    <testcase class="STEP_UTILITYFUNCTIONS - Bash Step Tests For Utility Function Below test cases basic utility function cases S-Bash-util-0007. Add save_tests utility function in the Bash step where the input source  empty directory and the user sees that step is success." time="0.0000" classclass="S-Bash-util-0007. Add save_tests utility function in the Bash step where the input source  empty directory and the user sees that step is success.">
      <skipped/>
    </testcase>
    <testcase class="STEP_UTILITYFUNCTIONS - Bash Step Tests For Utility Function Below test cases basic utility function cases S-Bash-util-0008. Add save_tests utility function in the Bash step where the input source  empty folder and the user sees that step is success." time="58.2680" classclass="S-Bash-util-0008. Add save_tests utility function in the Bash step where the input source  empty folder and the user sees that step is success.">
    </testcase>
  </testsuite>
</testsuites>