<?xml version="1.0" encoding="UTF-8"?>
<testsuites class="Mocha Tests" time="275.3100" tests="5" failures="0" skipped="1">
  <testsuite class="Root Suite" timestamp="2022-01-17T17:51:49" tests="0" time="0.0000" failures="0">
  </testsuite>
  <testsuite class="STEP_UTILITYFUNCTIONS - Bash Step Tests For Utility Function" timestamp="2022-01-17T17:51:49" tests="0" file="/var/opt/jfrog/pipelines/data/iTest/runs/521732/steps/bash_tests_3/4383614/setup_PreMatrix/tests/core/steps/Bash/BashUtilityFunctions/UtilityFunctions3.js" time="0.0000" failures="0">
  </testsuite>
  <testsuite class="Below test cases are for send_notification with SMTP" timestamp="2022-01-17T17:51:49" tests="5" file="/var/opt/jfrog/pipelines/data/iTest/runs/521732/steps/bash_tests_3/4383614/setup_PreMatrix/tests/core/steps/Bash/BashUtilityFunctions/UtilityFunctions3.js" time="275.1350" failures="0" skipped="1">
    <testcase class="STEP_UTILITYFUNCTIONS - Bash Step Tests For Utility Function Below test cases are for send_notification with SMTP S-Bash-Util-0023. User can call send_notification with an SMTP integration" time="0.0000" classclass="S-Bash-Util-0023. User can call send_notification with an SMTP integration">
      <skipped/>
    </testcase>
    <testcase class="STEP_UTILITYFUNCTIONS - Bash Step Tests For Utility Function Below test cases are for send_notification with SMTP S-Bash-Util-0024. User can call send_notification with an SMTP integration and --attachments" time="132.4200" classclass="S-Bash-Util-0024. User can call send_notification with an SMTP integration and --attachments">
    </testcase>
    <testcase class="STEP_UTILITYFUNCTIONS - Bash Step Tests For Utility Function Below test cases are for send_notification with SMTP S-Bash-Util-0025. User can call send_notification with an SMTP integration and --attach-logs true." time="54.9330" classclass="S-Bash-Util-0025. User can call send_notification with an SMTP integration and --attach-logs true.">
    </testcase>
    <testcase class="STEP_UTILITYFUNCTIONS - Bash Step Tests For Utility Function Below test cases are for send_notification with SMTP S-Bash-Util-0026. User can call send_notification with an SMTP integration and --show-failing-commands true" time="37.0940" classclass="S-Bash-Util-0026. User can call send_notification with an SMTP integration and --show-failing-commands true">
    </testcase>
    <testcase class="STEP_UTILITYFUNCTIONS - Bash Step Tests For Utility Function Below test cases are for send_notification with SMTP S_Bash_Util_6107_0001. User will call send_notification with executable code (template injection) inside the email body, which contains a malicious code. This code will be sent as a string in the email and will not get executed. Step will be successful." time="39.7580" classclass="S_Bash_Util_6107_0001. User will call send_notification with executable code (template injection) inside the email body, which contains a malicious code. This code will be sent as a string in the email and will not get executed. Step will be successful.">
    </testcase>
  </testsuite>
</testsuites>