<?xml version="1.0" encoding="UTF-8"?>
<testsuites class="Mocha Tests" time="152.3890" tests="3" failures="0">
  <testsuite class="Root Suite" timestamp="2022-01-17T17:51:49" tests="0" time="0.0000" failures="0">
  </testsuite>
  <testsuite class="GENERIC_BASH - 2 out of 7 - Generic Bash tests " timestamp="2022-01-17T17:51:49" tests="0" file="/var/opt/jfrog/pipelines/data/iTest/runs/521732/steps/bash_tests_3/4383597/setup_PreMatrix/tests/core/steps/Bash/BashGeneric/BashGeneric6.js" time="0.0000" failures="0">
  </testsuite>
  <testsuite class="Below test cases uses AWS Project Integration" timestamp="2022-01-17T17:51:49" tests="3" file="/var/opt/jfrog/pipelines/data/iTest/runs/521732/steps/bash_tests_3/4383597/setup_PreMatrix/tests/core/steps/Bash/BashGeneric/BashGeneric6.js" time="152.1920" failures="0">
    <testcase class="GENERIC_BASH - 2 out of 7 - Generic Bash tests  Below test cases uses AWS Project Integration 1. user can add AWS project Integration" time="7.1260" classclass="1. user can add AWS project Integration">
    </testcase>
    <testcase class="GENERIC_BASH - 2 out of 7 - Generic Bash tests  Below test cases uses AWS Project Integration S-Bash-0424. Verify if the user updates autoPull field to true image should get pulled with aws integration." time="144.9170" classclass="S-Bash-0424. Verify if the user updates autoPull field to true image should get pulled with aws integration.">
    </testcase>
    <testcase class="GENERIC_BASH - 2 out of 7 - Generic Bash tests  Below test cases uses AWS Project Integration 2. User can delete AWS project integrations by Id" time="0.1430" classclass="2. User can delete AWS project integrations by Id">
    </testcase>
  </testsuite>
</testsuites>