<?xml version="1.0" encoding="UTF-8"?>
<testsuites name="Mocha Tests" time="339.6110" tests="5" failures="0" skipped="2">
  <testsuite name="Root Suite" timestamp="2022-01-17T17:51:49" tests="0" time="0.0000" failures="0">
  </testsuite>
  <testsuite name="STEP_UTILITYFUNCTIONS - Bash Step Tests For Utility Function" timestamp="2022-01-17T17:51:49" tests="0" file="/var/opt/jfrog/pipelines/data/iTest/runs/521732/steps/bash_tests_3/4383616/setup_PreMatrix/tests/core/steps/Bash/BashUtilityFunctions/UtilityFunctions7.js" time="0.0000" failures="0">
  </testsuite>
  <testsuite name="Below test cases are for run state" timestamp="2022-01-17T17:51:49" tests="5" file="/var/opt/jfrog/pipelines/data/iTest/runs/521732/steps/bash_tests_3/4383616/setup_PreMatrix/tests/core/steps/Bash/BashUtilityFunctions/UtilityFunctions7.js" time="339.3650" failures="0" skipped="2">
    <testcase name="STEP_UTILITYFUNCTIONS - Bash Step Tests For Utility Function Below test cases are for run state S-Bash-util-0015. Add add_run_files utility function in the Bash step where step1 runs both step2 and step3. Both step2 &amp; step3 adds a file to state, step4 then restores the state and consumes both files" time="202.7000" classname="S-Bash-util-0015. Add add_run_files utility function in the Bash step where step1 runs both step2 and step3. Both step2 &amp; step3 adds a file to state, step4 then restores the state and consumes both files">
    </testcase>
    <testcase name="STEP_UTILITYFUNCTIONS - Bash Step Tests For Utility Function Below test cases are for run state S-Bash-util-0016. Add add_run_files utility function in the Bash step where step1 is the matrix step with 2 steplets. Each steplet creates a file and adds it to the state. step2 then restores the state and consumes both files" time="0.0000" classname="S-Bash-util-0016. Add add_run_files utility function in the Bash step where step1 is the matrix step with 2 steplets. Each steplet creates a file and adds it to the state. step2 then restores the state and consumes both files">
      <skipped/>
    </testcase>
    <testcase name="STEP_UTILITYFUNCTIONS - Bash Step Tests For Utility Function Below test cases are for run state S-Bash-util-0017. Add add_run_variables utility function in the Bash step where step1 adds var1 &amp; var2, step2 adds var3. step3 and step4 do not add any run variables, step5 then runs and consumes all var1, var2 &amp; var3" time="0.0000" classname="S-Bash-util-0017. Add add_run_variables utility function in the Bash step where step1 adds var1 &amp; var2, step2 adds var3. step3 and step4 do not add any run variables, step5 then runs and consumes all var1, var2 &amp; var3">
      <skipped/>
    </testcase>
    <testcase name="STEP_UTILITYFUNCTIONS - Bash Step Tests For Utility Function Below test cases are for run state S-Bash-util-0018. Add add_run_files utility function in the Bash step where step1 adds a file of 200MB and step2 downloads the fileand check if the file is downloaded" time="94.0290" classname="S-Bash-util-0018. Add add_run_files utility function in the Bash step where step1 adds a file of 200MB and step2 downloads the fileand check if the file is downloaded">
    </testcase>
    <testcase name="STEP_UTILITYFUNCTIONS - Bash Step Tests For Utility Function Below test cases are for run state S-Bash-util-6379-001. A user runs a Bash step that adds run variables using add_run_variables and the variables are available in the stepVariables for that step." time="42.6310" classname="S-Bash-util-6379-001. A user runs a Bash step that adds run variables using add_run_variables and the variables are available in the stepVariables for that step.">
    </testcase>
  </testsuite>
</testsuites>