<?xml version="1.0" encoding="UTF-8"?>
<testsuites class="Mocha Tests" time="347.0310" tests="6" failures="0">
  <testsuite class="Root Suite" timestamp="2022-01-17T17:51:48" tests="0" time="0.0000" failures="0">
  </testsuite>
  <testsuite class="STEP_UTILITYFUNCTIONS - Bash Step Tests For Utility Function" timestamp="2022-01-17T17:51:48" tests="0" file="/var/opt/jfrog/pipelines/data/iTest/runs/521732/steps/bash_tests_3/4383617/setup_PreMatrix/tests/core/steps/Bash/BashUtilityFunctions/UtilityFunctions9.js" time="0.0000" failures="0">
  </testsuite>
  <testsuite class="Below test cases are for configure_jfrog_cli and cleanup_jfrog_cli" timestamp="2022-01-17T17:51:49" tests="6" file="/var/opt/jfrog/pipelines/data/iTest/runs/521732/steps/bash_tests_3/4383617/setup_PreMatrix/tests/core/steps/Bash/BashUtilityFunctions/UtilityFunctions9.js" time="346.7200" failures="0">
    <testcase class="STEP_UTILITYFUNCTIONS - Bash Step Tests For Utility Function Below test cases are for configure_jfrog_cli and cleanup_jfrog_cli S-Bash-util-6380-007 A user is able to use configure_jfrog_cli to configure the CLI with a username and API key with the packaged version of the CLI." time="137.5840" classclass="S-Bash-util-6380-007 A user is able to use configure_jfrog_cli to configure the CLI with a username and API key with the packaged version of the CLI.">
    </testcase>
    <testcase class="STEP_UTILITYFUNCTIONS - Bash Step Tests For Utility Function Below test cases are for configure_jfrog_cli and cleanup_jfrog_cli S-Bash-util-6380-008 A user is able to use configure_jfrog_cli to configure the CLI with a username and API key with the local version of the CLI (USE_LOCAL_JFROG_CLI)." time="67.5170" classclass="S-Bash-util-6380-008 A user is able to use configure_jfrog_cli to configure the CLI with a username and API key with the local version of the CLI (USE_LOCAL_JFROG_CLI).">
    </testcase>
    <testcase class="STEP_UTILITYFUNCTIONS - Bash Step Tests For Utility Function Below test cases are for configure_jfrog_cli and cleanup_jfrog_cli S-Bash-util-6380-009 A user is able to use configure_jfrog_cli to configure the CLI with an access token with the packaged version of the CLI." time="45.6870" classclass="S-Bash-util-6380-009 A user is able to use configure_jfrog_cli to configure the CLI with an access token with the packaged version of the CLI.">
    </testcase>
    <testcase class="STEP_UTILITYFUNCTIONS - Bash Step Tests For Utility Function Below test cases are for configure_jfrog_cli and cleanup_jfrog_cli S-Bash-util-6380-010 A user is able to use configure_jfrog_cli to configure the CLI with an access token with the local version of the CLI (USE_LOCAL_JFROG_CLI)." time="33.2040" classclass="S-Bash-util-6380-010 A user is able to use configure_jfrog_cli to configure the CLI with an access token with the local version of the CLI (USE_LOCAL_JFROG_CLI).">
    </testcase>
    <testcase class="STEP_UTILITYFUNCTIONS - Bash Step Tests For Utility Function Below test cases are for configure_jfrog_cli and cleanup_jfrog_cli S-Bash-util-6380-011 A user is able to use cleanup_jfrog_cli to remove the CLI configuration with the packaged version of the CLI." time="27.3940" classclass="S-Bash-util-6380-011 A user is able to use cleanup_jfrog_cli to remove the CLI configuration with the packaged version of the CLI.">
    </testcase>
    <testcase class="STEP_UTILITYFUNCTIONS - Bash Step Tests For Utility Function Below test cases are for configure_jfrog_cli and cleanup_jfrog_cli S-Bash-util-6380-012 A user is able to use cleanup_jfrog_cli to remove the CLI configuration with the local version of the CLI (USE_LOCAL_JFROG_CLI)." time="27.6090" classclass="S-Bash-util-6380-012 A user is able to use cleanup_jfrog_cli to remove the CLI configuration with the local version of the CLI (USE_LOCAL_JFROG_CLI).">
    </testcase>
  </testsuite>
</testsuites>