<?xml version="1.0" encoding="UTF-8"?>
<testsuites class="Mocha Tests" time="289.3300" tests="5" failures="0" skipped="2">
  <testsuite class="Root Suite" timestamp="2022-01-17T17:51:21" tests="0" time="0.0000" failures="0">
  </testsuite>
  <testsuite class="WORKFLOW_TESTS - 4 out of 4 - step workFlow tests " timestamp="2022-01-17T17:51:21" tests="5" file="/var/opt/jfrog/pipelines/data/iTest/runs/521732/steps/workflow_tests_1/4383787/setup_PreMatrix/tests/core/workFlow/step/stepWorkflow21.js" time="289.3200" failures="0" skipped="2">
    <testcase class="WORKFLOW_TESTS - 4 out of 4 - step workFlow tests  S-WF-001. User creates pipelines with 2 steps connected in Step1 -&gt; Step2. Verify that the corresponding run status goes to success when the step1, step2 goes to success" time="93.4570" classclass="S-WF-001. User creates pipelines with 2 steps connected in Step1 -&gt; Step2. Verify that the corresponding run status goes to success when the step1, step2 goes to success">
    </testcase>
    <testcase class="WORKFLOW_TESTS - 4 out of 4 - step workFlow tests  S-WF-5859-002. User triggers a pipeline of two steps and the first step fails. The second step is skipped, the run status is failed, and the step configPropertyBags do not include &quot;skipRequested.&quot;" time="132.8420" classclass="S-WF-5859-002. User triggers a pipeline of two steps and the first step fails. The second step is skipped, the run status is failed, and the step configPropertyBags do not include &quot;skipRequested.&quot;">
    </testcase>
    <testcase class="WORKFLOW_TESTS - 4 out of 4 - step workFlow tests  S-WF-003. User creates pipelines with 2 steps connected in Step1 -&gt; Step2. Verify that the corresponding run status goes to failure when the step1 goes to success and step2 goes to failure." time="62.8300" classclass="S-WF-003. User creates pipelines with 2 steps connected in Step1 -&gt; Step2. Verify that the corresponding run status goes to failure when the step1 goes to success and step2 goes to failure.">
    </testcase>
    <testcase class="WORKFLOW_TESTS - 4 out of 4 - step workFlow tests  S-WF-004. User creates pipelines with 2 steps connected in Step1 -&gt; Step2. Verify that the corresponding run status goes to cancelled when the step1 is cancelled and step2 automatically goes to skipped" time="0.0000" classclass="S-WF-004. User creates pipelines with 2 steps connected in Step1 -&gt; Step2. Verify that the corresponding run status goes to cancelled when the step1 is cancelled and step2 automatically goes to skipped">
      <skipped/>
    </testcase>
    <testcase class="WORKFLOW_TESTS - 4 out of 4 - step workFlow tests  S-WF-005. User creates pipelines with 2 steps connected in Step1 -&gt; Step2. Verify that the corresponding run status goes to cancelled when the step1 is success and step2 is cancelled" time="0.0000" classclass="S-WF-005. User creates pipelines with 2 steps connected in Step1 -&gt; Step2. Verify that the corresponding run status goes to cancelled when the step1 is success and step2 is cancelled">
      <skipped/>
    </testcase>
  </testsuite>
</testsuites>