<?xml version="1.0" encoding="UTF-8"?>
<testsuites name="Mocha Tests" time="332.6380" tests="6" failures="0">
  <testsuite name="Root Suite" timestamp="2022-01-17T17:51:21" tests="0" time="0.0000" failures="0">
  </testsuite>
  <testsuite name="WORKFLOW_TESTS - 4 out of 4 - step workFlow tests " timestamp="2022-01-17T17:51:21" tests="3" file="/var/opt/jfrog/pipelines/data/iTest/runs/521732/steps/workflow_tests_1/4383789/setup_PreMatrix/tests/core/workFlow/step/stepWorkflow2.js" time="0.0000" failures="0">
    <testcase name="WORKFLOW_TESTS - 4 out of 4 - step workFlow tests  S-WF-6393-004. User triggers a pipeline of one step that is configured to run on an empty node pool. The steplet logs include &quot;Skipping step as no node is found.&quot;" time="23.1500" classname="S-WF-6393-004. User triggers a pipeline of one step that is configured to run on an empty node pool. The steplet logs include &quot;Skipping step as no node is found.&quot;">
    </testcase>
    <testcase name="WORKFLOW_TESTS - 4 out of 4 - step workFlow tests  S-WF-5859-003. User triggers a pipeline of two steps and the second step is configured to run on an empty node pool. The second step is skipped, the run status is skipped, and the step configPropertyBags do not include &quot;skipRequested.&quot;" time="107.3400" classname="S-WF-5859-003. User triggers a pipeline of two steps and the second step is configured to run on an empty node pool. The second step is skipped, the run status is skipped, and the step configPropertyBags do not include &quot;skipRequested.&quot;">
    </testcase>
    <testcase name="WORKFLOW_TESTS - 4 out of 4 - step workFlow tests  S-WF-5859-004. User triggers a pipeline of one step that is configured to run on an empty node pool. The step is skipped, the run status is skipped, and the step configPropertyBag does not include &quot;skipRequested.&quot;" time="35.0010" classname="S-WF-5859-004. User triggers a pipeline of one step that is configured to run on an empty node pool. The step is skipped, the run status is skipped, and the step configPropertyBag does not include &quot;skipRequested.&quot;">
    </testcase>
  </testsuite>
  <testsuite name="Below test cases for skipped step steplet logs" timestamp="2022-01-17T17:54:06" tests="3" file="/var/opt/jfrog/pipelines/data/iTest/runs/521732/steps/workflow_tests_1/4383789/setup_PreMatrix/tests/core/workFlow/step/stepWorkflow2.js" time="166.9840" failures="0">
    <testcase name="WORKFLOW_TESTS - 4 out of 4 - step workFlow tests  Below test cases for skipped step steplet logs S-WF-6393-001. User triggers a pipeline of three steps in series and the first step fails. The second and third steps are skipped and the steplet logs include &quot;Skipping as step &lt;input&gt; has status &lt;status&gt;. Allowed statuses: [ &apos;success&apos; ].&quot;" time="74.5170" classname="S-WF-6393-001. User triggers a pipeline of three steps in series and the first step fails. The second and third steps are skipped and the steplet logs include &quot;Skipping as step &lt;input&gt; has status &lt;status&gt;. Allowed statuses: [ &apos;success&apos; ].&quot;">
    </testcase>
    <testcase name="WORKFLOW_TESTS - 4 out of 4 - step workFlow tests  Below test cases for skipped step steplet logs S-WF-6393-002. User triggers a pipeline of two steps connected by a resource with newVersionOnly on the step following the resource and it does not update the resource. The steplet logs include &quot;Skipping step because input resource &lt;resourceName&gt; has not been updated.&quot;" time="49.6380" classname="S-WF-6393-002. User triggers a pipeline of two steps connected by a resource with newVersionOnly on the step following the resource and it does not update the resource. The steplet logs include &quot;Skipping step because input resource &lt;resourceName&gt; has not been updated.&quot;">
    </testcase>
    <testcase name="WORKFLOW_TESTS - 4 out of 4 - step workFlow tests  Below test cases for skipped step steplet logs S-WF-6393-003. User triggers a pipeline of two steps connected by two resources with newVersionOnly on the step following the resource and it does not update either resource. The steplet logs include &quot;Skipping step because input resources &lt;resourceNames&gt; have not been updated.&quot;" time="42.8260" classname="S-WF-6393-003. User triggers a pipeline of two steps connected by two resources with newVersionOnly on the step following the resource and it does not update either resource. The steplet logs include &quot;Skipping step because input resources &lt;resourceNames&gt; have not been updated.&quot;">
    </testcase>
  </testsuite>
</testsuites>