<?xml version="1.0" encoding="UTF-8"?>
<testsuites class="Mocha Tests" time="406.4710" tests="5" failures="0">
  <testsuite class="Root Suite" timestamp="2022-01-17T17:51:21" tests="0" time="0.0000" failures="0">
  </testsuite>
  <testsuite class="WORKFLOW_TESTS - 4 out of 4 - step workFlow tests " timestamp="2022-01-17T17:51:21" tests="5" file="/var/opt/jfrog/pipelines/data/iTest/runs/521732/steps/workflow_tests_1/4383779/setup_PreMatrix/tests/core/workFlow/step/stepWorkflow25.js" time="406.4660" failures="0">
    <testcase class="WORKFLOW_TESTS - 4 out of 4 - step workFlow tests  S-WF-6380-004 A user triggers a run where the first step puts an old-format tar run state in the run state with a run.env containing an environment variable.  A following PowerShell step in the same run has the variable." time="94.8860" classclass="S-WF-6380-004 A user triggers a run where the first step puts an old-format tar run state in the run state with a run.env containing an environment variable.  A following PowerShell step in the same run has the variable.">
    </testcase>
    <testcase class="WORKFLOW_TESTS - 4 out of 4 - step workFlow tests  S-WF-6380-005 A user is able to download run state that was either uploaded or downloaded in a particular PowerShell steplet, and other items are not included." time="122.3030" classclass="S-WF-6380-005 A user is able to download run state that was either uploaded or downloaded in a particular PowerShell steplet, and other items are not included.">
    </testcase>
    <testcase class="WORKFLOW_TESTS - 4 out of 4 - step workFlow tests  S-WF-6380-006 A step with both resource and step inputs is skipped when the node pool has no nodes and the stepVariables for the (direct and indirect) input steps are copied to the step." time="70.1450" classclass="S-WF-6380-006 A step with both resource and step inputs is skipped when the node pool has no nodes and the stepVariables for the (direct and indirect) input steps are copied to the step.">
    </testcase>
    <testcase class="WORKFLOW_TESTS - 4 out of 4 - step workFlow tests  S-WF-6380-007 A step with both resource and step inputs is skipped when an input is unsuccessful and the stepVariables for the (direct and indirect) input steps are copied to the step." time="61.0010" classclass="S-WF-6380-007 A step with both resource and step inputs is skipped when an input is unsuccessful and the stepVariables for the (direct and indirect) input steps are copied to the step.">
    </testcase>
    <testcase class="WORKFLOW_TESTS - 4 out of 4 - step workFlow tests  S-WF-6380-008 A step with both resource and step inputs is cancelled before it is queued and the stepVariables for the (direct and indirect) input steps are copied to the step." time="57.9340" classclass="S-WF-6380-008 A step with both resource and step inputs is cancelled before it is queued and the stepVariables for the (direct and indirect) input steps are copied to the step.">
    </testcase>
  </testsuite>
</testsuites>