<?xml version="1.0" encoding="UTF-8"?>
<testsuites class="Mocha Tests" time="109.4270" tests="5" failures="0">
  <testsuite class="Root Suite" timestamp="2022-01-17T17:51:21" tests="0" time="0.0000" failures="0">
  </testsuite>
  <testsuite class="WORKFLOW_TESTS - 4 out of 4 - step workFlow tests " timestamp="2022-01-17T17:51:21" tests="0" file="/var/opt/jfrog/pipelines/data/iTest/runs/521732/steps/workflow_tests_1/4383784/setup_PreMatrix/tests/core/workFlow/step/stepWorkflow26.js" time="0.0000" failures="0">
  </testsuite>
  <testsuite class="Below test cases for step timeout restrictions" timestamp="2022-01-17T17:51:21" tests="5" file="/var/opt/jfrog/pipelines/data/iTest/runs/521732/steps/workflow_tests_1/4383784/setup_PreMatrix/tests/core/workFlow/step/stepWorkflow26.js" time="109.2130" failures="0">
    <testcase class="WORKFLOW_TESTS - 4 out of 4 - step workFlow tests  Below test cases for step timeout restrictions S-WF-5976-001. User adds a pipelineSource with a default node pool step that has timeoutSeconds set to one year.  Sync fails." time="10.2970" classclass="S-WF-5976-001. User adds a pipelineSource with a default node pool step that has timeoutSeconds set to one year.  Sync fails.">
    </testcase>
    <testcase class="WORKFLOW_TESTS - 4 out of 4 - step workFlow tests  Below test cases for step timeout restrictions S-WF-5976-002. User adds a pipelineSource with a non-default node pool step that has timeoutSeconds set to one year when the node pool has no timeout configured.  Sync fails." time="12.4570" classclass="S-WF-5976-002. User adds a pipelineSource with a non-default node pool step that has timeoutSeconds set to one year when the node pool has no timeout configured.  Sync fails.">
    </testcase>
    <testcase class="WORKFLOW_TESTS - 4 out of 4 - step workFlow tests  Below test cases for step timeout restrictions S-WF-6266-001. User adds a pipelineSoruce with non-default nodepool step. The pool as no configured timeoutMS setting. The step has no timeoutSeconds setting.  Sync is successful and the step shows the correct value set as timeoutSeconds in the configPropertyBag after a run is triggered." time="50.9420" classclass="S-WF-6266-001. User adds a pipelineSoruce with non-default nodepool step. The pool as no configured timeoutMS setting. The step has no timeoutSeconds setting.  Sync is successful and the step shows the correct value set as timeoutSeconds in the configPropertyBag after a run is triggered.">
    </testcase>
    <testcase class="WORKFLOW_TESTS - 4 out of 4 - step workFlow tests  Below test cases for step timeout restrictions S-WF-6266-002. User adds a pipelineSource with a non-default node pool step that has timeoutSeconds greater than the node pool timeout and less than the system.yaml timeout.  Sync Passes." time="13.7850" classclass="S-WF-6266-002. User adds a pipelineSource with a non-default node pool step that has timeoutSeconds greater than the node pool timeout and less than the system.yaml timeout.  Sync Passes.">
    </testcase>
    <testcase class="WORKFLOW_TESTS - 4 out of 4 - step workFlow tests  Below test cases for step timeout restrictions S-WF-6266-003. User updates a node pool timeout to be less than a step configured to run on that node pool and then triggers the step.  The run is triggered and the step contains the correct  value in its configPropertyBag." time="19.1460" classclass="S-WF-6266-003. User updates a node pool timeout to be less than a step configured to run on that node pool and then triggers the step.  The run is triggered and the step contains the correct  value in its configPropertyBag.">
    </testcase>
  </testsuite>
</testsuites>