<?xml version="1.0" encoding="UTF-8"?>
<testsuites name="Mocha Tests" time="343.5110" tests="6" failures="0" skipped="2">
  <testsuite name="Root Suite" timestamp="2022-01-17T17:51:21" tests="0" time="0.0000" failures="0">
  </testsuite>
  <testsuite name="WORKFLOW_TESTS - 4 out of 4 - step workFlow tests " timestamp="2022-01-17T17:51:21" tests="0" file="/var/opt/jfrog/pipelines/data/iTest/runs/521732/steps/workflow_tests_1/4383783/setup_PreMatrix/tests/core/workFlow/step/stepWorkflow27.js" time="0.0000" failures="0">
  </testsuite>
  <testsuite name="Below test cases are for newVersionOnly settings" timestamp="2022-01-17T17:51:21" tests="6" file="/var/opt/jfrog/pipelines/data/iTest/runs/521732/steps/workflow_tests_1/4383783/setup_PreMatrix/tests/core/workFlow/step/stepWorkflow27.js" time="343.1980" failures="0" skipped="2">
    <testcase name="WORKFLOW_TESTS - 4 out of 4 - step workFlow tests  Below test cases are for newVersionOnly settings S-WF-010. User verifies that if one of two inputs with newVersionOnly is updated in a run, the step will run." time="202.1490" classname="S-WF-010. User verifies that if one of two inputs with newVersionOnly is updated in a run, the step will run.">
    </testcase>
    <testcase name="WORKFLOW_TESTS - 4 out of 4 - step workFlow tests  Below test cases are for newVersionOnly settings S-WF-5859-001. User triggers a pipeline of two steps connected by a resource with newVersionOnly on the step following the resource and it does not update the resource. The first step is successful, the second skipped, and the run status is success." time="60.9690" classname="S-WF-5859-001. User triggers a pipeline of two steps connected by a resource with newVersionOnly on the step following the resource and it does not update the resource. The first step is successful, the second skipped, and the run status is success.">
    </testcase>
    <testcase name="WORKFLOW_TESTS - 4 out of 4 - step workFlow tests  Below test cases are for newVersionOnly settings S-WF-012. User verifies that steps directly triggered from a resource update in another pipeline are not skipped regardless of newVersionOnly." time="0.0000" classname="S-WF-012. User verifies that steps directly triggered from a resource update in another pipeline are not skipped regardless of newVersionOnly.">
      <skipped/>
    </testcase>
    <testcase name="WORKFLOW_TESTS - 4 out of 4 - step workFlow tests  Below test cases are for newVersionOnly settings S-WF-013. User verifies that a step with an input with newVersionOnly triggered from a resource update in another pipeline with no other steps in the same pipeline as the triggered pipeline is not skipped." time="0.0000" classname="S-WF-013. User verifies that a step with an input with newVersionOnly triggered from a resource update in another pipeline with no other steps in the same pipeline as the triggered pipeline is not skipped.">
      <skipped/>
    </testcase>
    <testcase name="WORKFLOW_TESTS - 4 out of 4 - step workFlow tests  Below test cases are for newVersionOnly settings S-WF-014. User verifies that a manually triggered step with an input with newVersionOnly and no other steps in the pipeline is not skipped." time="37.7950" classname="S-WF-014. User verifies that a manually triggered step with an input with newVersionOnly and no other steps in the pipeline is not skipped.">
    </testcase>
    <testcase name="WORKFLOW_TESTS - 4 out of 4 - step workFlow tests  Below test cases are for newVersionOnly settings S-WF-015. User verifies that if a manually triggered step triggers another step with an input with newVersionOnly and no other connections to that step are in the run, the step is not skipped." time="42.2790" classname="S-WF-015. User verifies that if a manually triggered step triggers another step with an input with newVersionOnly and no other connections to that step are in the run, the step is not skipped.">
    </testcase>
  </testsuite>
</testsuites>