<?xml version="1.0" encoding="UTF-8"?>
<testsuites class="Mocha Tests" time="0.2980" tests="1" failures="0" skipped="1">
  <testsuite class="Root Suite" timestamp="2022-01-17T17:51:21" tests="0" time="0.0000" failures="0">
  </testsuite>
  <testsuite class="WORKFLOW_TESTS - 5 out of 5 - node cleanup tests " timestamp="2022-01-17T17:51:21" tests="1" file="/var/opt/jfrog/pipelines/data/iTest/runs/521732/steps/workflow_tests_1/4383792/setup_PreMatrix/tests/core/workFlow/step/signedPipelines.js" time="0.2910" failures="0" skipped="1">
    <testcase class="WORKFLOW_TESTS - 5 out of 5 - node cleanup tests  A-pipeInfoJsons-PIPE-5832-0013. Verify that when the step goes to terminal state the stepConsoles show the logs related to the signed pipelines workflow" time="0.0000" classclass="A-pipeInfoJsons-PIPE-5832-0013. Verify that when the step goes to terminal state the stepConsoles show the logs related to the signed pipelines workflow">
      <skipped/>
    </testcase>
  </testsuite>
</testsuites>