<?xml version="1.0" encoding="UTF-8"?>
<testsuites name="Mocha Tests" time="567.9120" tests="5" failures="0">
  <testsuite name="Root Suite" timestamp="2022-01-17T17:51:21" tests="0" time="0.0000" failures="0">
  </testsuite>
  <testsuite name="WORKFLOW_TESTS - 4 out of 4 - step workFlow tests " timestamp="2022-01-17T17:51:21" tests="5" file="/var/opt/jfrog/pipelines/data/iTest/runs/521732/steps/workflow_tests_1/4383777/setup_PreMatrix/tests/core/workFlow/step/stepWorkflow24.js" time="567.9050" failures="0">
    <testcase name="WORKFLOW_TESTS - 4 out of 4 - step workFlow tests  S-WF-6379-002. A user runs two steps that add run variables using add_run_variables with the same key that are both inputs to the same (third) step and the variables are exported in the order the input steps are listed." time="205.2740" classname="S-WF-6379-002. A user runs two steps that add run variables using add_run_variables with the same key that are both inputs to the same (third) step and the variables are exported in the order the input steps are listed.">
    </testcase>
    <testcase name="WORKFLOW_TESTS - 4 out of 4 - step workFlow tests  S-WF-6379-004. A user runs two steps that add run variables using add_run_variables with the same key with one directly in the inputSteps and the other through a resource in inputResources for the same (third) step through resources and the variable in the step listed in inputResources is available." time="226.5030" classname="S-WF-6379-004. A user runs two steps that add run variables using add_run_variables with the same key with one directly in the inputSteps and the other through a resource in inputResources for the same (third) step through resources and the variable in the step listed in inputResources is available.">
    </testcase>
    <testcase name="WORKFLOW_TESTS - 4 out of 4 - step workFlow tests  S-WF-6380-001 A user triggers a run where the first step puts an old-format tar run state in the run state with a run.env containing an environment variable.  A following Bash step in the same run has the variable." time="39.0890" classname="S-WF-6380-001 A user triggers a run where the first step puts an old-format tar run state in the run state with a run.env containing an environment variable.  A following Bash step in the same run has the variable.">
    </testcase>
    <testcase name="WORKFLOW_TESTS - 4 out of 4 - step workFlow tests  S-WF-6380-002 A user is able to download run state that was either uploaded or downloaded in a particular Bash steplet, and other items are not included." time="57.7080" classname="S-WF-6380-002 A user is able to download run state that was either uploaded or downloaded in a particular Bash steplet, and other items are not included.">
    </testcase>
    <testcase name="WORKFLOW_TESTS - 4 out of 4 - step workFlow tests  S-WF-6380-003 A user adds a run variable using add_run_variables in a steplet in a single-node Matrix step with multiple steplets.  The variable is not in stepVariables for the other steplets." time="39.2070" classname="S-WF-6380-003 A user adds a run variable using add_run_variables in a steplet in a single-node Matrix step with multiple steplets.  The variable is not in stepVariables for the other steplets.">
    </testcase>
  </testsuite>
</testsuites>