<?xml version="1.0" encoding="UTF-8"?>
<testsuites name="Mocha Tests" time="10.1270" tests="3" failures="0" skipped="2">
  <testsuite name="Root Suite" timestamp="2022-01-17T17:50:59" tests="0" time="0.0000" failures="0">
  </testsuite>
  <testsuite name="WORKFLOW_TESTS - pipeline workFlow tests " timestamp="2022-01-17T17:50:59" tests="0" file="/var/opt/jfrog/pipelines/data/iTest/runs/521732/steps/workflow_tests/4383770/setup_PreMatrix/tests/core/workFlow/pipeline/trigger/pipelineWorkflow2.js" time="0.0000" failures="0">
  </testsuite>
  <testsuite name="Test cases for isMissingConfig for pipeline sync" timestamp="2022-01-17T17:50:59" tests="3" file="/var/opt/jfrog/pipelines/data/iTest/runs/521732/steps/workflow_tests/4383770/setup_PreMatrix/tests/core/workFlow/pipeline/trigger/pipelineWorkflow2.js" time="10.0550" failures="0" skipped="2">
    <testcase name="WORKFLOW_TESTS - pipeline workFlow tests  Test cases for isMissingConfig for pipeline sync P_WF_7118_001 SCM_ONLY User adds a single-branch pipeline source without a YML file matching the pattern and the pipelineSyncStatus has isMissingConfig true, then updates the pattern to match a file, and the pipelineSyncStatus after the second sync has isMissingConfig false." time="0.0000" classname="P_WF_7118_001 SCM_ONLY User adds a single-branch pipeline source without a YML file matching the pattern and the pipelineSyncStatus has isMissingConfig true, then updates the pattern to match a file, and the pipelineSyncStatus after the second sync has isMissingConfig false.">
      <skipped/>
    </testcase>
    <testcase name="WORKFLOW_TESTS - pipeline workFlow tests  Test cases for isMissingConfig for pipeline sync P_WF_7118_003 SCM_ONLY User adds a single-branch pipeline source with a YML file matching the pattern, updates the pattern to not match any files, and the pipelineSyncStatus after the second sync has isMissingConfig true." time="0.0000" classname="P_WF_7118_003 SCM_ONLY User adds a single-branch pipeline source with a YML file matching the pattern, updates the pattern to not match any files, and the pipelineSyncStatus after the second sync has isMissingConfig true.">
      <skipped/>
    </testcase>
    <testcase name="WORKFLOW_TESTS - pipeline workFlow tests  Test cases for isMissingConfig for pipeline sync P_WF_7118_005 User adds a pipeline source without an SCM provider and the pipelineSyncStatus isMissingConfig is not true." time="10.0510" classname="P_WF_7118_005 User adds a pipeline source without an SCM provider and the pipelineSyncStatus isMissingConfig is not true.">
    </testcase>
  </testsuite>
</testsuites>