<?xml version="1.0" encoding="UTF-8"?>
<testsuites name="Mocha Tests" time="313.3340" tests="1" failures="0">
  <testsuite name="Root Suite" timestamp="2022-01-17T17:50:58" tests="0" time="0.0000" failures="0">
  </testsuite>
  <testsuite name="WORKFLOW_TESTS - pipeline workFlow tests " timestamp="2022-01-17T17:50:58" tests="0" file="/var/opt/jfrog/pipelines/data/iTest/runs/521732/steps/workflow_tests/4383765/setup_PreMatrix/tests/core/workFlow/pipeline/trigger/pipelineWorkFlowComplexPipelines4.js" time="0.0000" failures="0">
  </testsuite>
  <testsuite name="Test cases with complex pipelines in workflow tests" timestamp="2022-01-17T17:50:59" tests="1" file="/var/opt/jfrog/pipelines/data/iTest/runs/521732/steps/workflow_tests/4383765/setup_PreMatrix/tests/core/workFlow/pipeline/trigger/pipelineWorkFlowComplexPipelines4.js" time="313.2090" failures="0">
    <testcase name="WORKFLOW_TESTS - pipeline workFlow tests  Test cases with complex pipelines in workflow tests P_WF_0030. Complex pipeline" time="313.1920" classname="P_WF_0030. Complex pipeline">
    </testcase>
  </testsuite>
</testsuites>