<?xml version="1.0" encoding="UTF-8"?>
<testsuites name="Mocha Tests" time="466.1680" tests="4" failures="0">
  <testsuite name="Root Suite" timestamp="2022-01-17T17:50:59" tests="0" time="0.0000" failures="0">
  </testsuite>
  <testsuite name="WORKFLOW_TESTS - pipeline workFlow tests " timestamp="2022-01-17T17:50:59" tests="0" file="/var/opt/jfrog/pipelines/data/iTest/runs/521732/steps/workflow_tests/4383768/setup_PreMatrix/tests/core/workFlow/pipeline/trigger/pipelineWorkFlow5.js" time="0.0000" failures="0">
  </testsuite>
  <testsuite name="Test cases for pipeline dependencyMode and chronological" timestamp="2022-01-17T17:50:59" tests="4" file="/var/opt/jfrog/pipelines/data/iTest/runs/521732/steps/workflow_tests/4383768/setup_PreMatrix/tests/core/workFlow/pipeline/trigger/pipelineWorkFlow5.js" time="466.0380" failures="0">
    <testcase name="WORKFLOW_TESTS - pipeline workFlow tests  Test cases for pipeline dependencyMode and chronological P_WF_0023. If waitOnParentComplete is in the child and waitOnChildComplete in the parent, the parent runs first." time="138.6060" classname="P_WF_0023. If waitOnParentComplete is in the child and waitOnChildComplete in the parent, the parent runs first.">
    </testcase>
    <testcase name="WORKFLOW_TESTS - pipeline workFlow tests  Test cases for pipeline dependencyMode and chronological P_WF_0024. If waitOnParentComplete is false and waitOnParentSuccess is true, the pipeline will only run when the last run was successful." time="222.1580" classname="P_WF_0024. If waitOnParentComplete is false and waitOnParentSuccess is true, the pipeline will only run when the last run was successful.">
    </testcase>
    <testcase name="WORKFLOW_TESTS - pipeline workFlow tests  Test cases for pipeline dependencyMode and chronological P_WF_0025. A user adds a child pipeline with waitOnParentComplete true and the parent updates a resource used by a step that is not the first in the pipeline, the child pipeline runs with the updated resource." time="74.5810" classname="P_WF_0025. A user adds a child pipeline with waitOnParentComplete true and the parent updates a resource used by a step that is not the first in the pipeline, the child pipeline runs with the updated resource.">
    </testcase>
    <testcase name="WORKFLOW_TESTS - pipeline workFlow tests  Test cases for pipeline dependencyMode and chronological P_WF_0026. If waitOnParentSuccess is true in the pipelines configuration section, the pipeline will run even if its parent has never run." time="30.6850" classname="P_WF_0026. If waitOnParentSuccess is true in the pipelines configuration section, the pipeline will run even if its parent has never run.">
    </testcase>
  </testsuite>
</testsuites>