<?xml version="1.0" encoding="UTF-8"?>
<testsuites name="Mocha Tests" time="674.3570" tests="2" failures="1">
  <testsuite name="Root Suite" timestamp="2022-01-17T17:50:59" tests="0" time="0.0000" failures="0">
  </testsuite>
  <testsuite name="WORKFLOW_TESTS - pipeline workFlow tests " timestamp="2022-01-17T17:50:59" tests="0" file="/var/opt/jfrog/pipelines/data/iTest/runs/521732/steps/workflow_tests/4383774/setup_PreMatrix/tests/core/workFlow/pipeline/trigger/pipelineWorkFlow6.js" time="0.0000" failures="0">
  </testsuite>
  <testsuite name="Test cases for resource versions in run triggers" timestamp="2022-01-17T17:50:59" tests="2" file="/var/opt/jfrog/pipelines/data/iTest/runs/521732/steps/workflow_tests/4383774/setup_PreMatrix/tests/core/workFlow/pipeline/trigger/pipelineWorkFlow6.js" time="674.2380" failures="1">
    <testcase name="WORKFLOW_TESTS - pipeline workFlow tests  Test cases for resource versions in run triggers P_WF_7379_001 A user posts 20 resourceVersions of a resource that is a triggering input to a pipeline. All 20 runs are created and each has a different resourceVersionId in the runResourceVersion." time="32.0340" classname="P_WF_7379_001 A user posts 20 resourceVersions of a resource that is a triggering input to a pipeline. All 20 runs are created and each has a different resourceVersionId in the runResourceVersion.">
    </testcase>
    <testcase name="WORKFLOW_TESTS - pipeline workFlow tests  Test cases for resource versions in run triggers P_WF_7379_002 A super user posts 20 resourceVersions with createdByStepId specifying a valid step that could reasonably create a version of the resource for a resource that is a triggering input to another pipeline. All 20 runs are created and each has a different resourceVersionId in the runResourceVersion." time="642.1940" classname="P_WF_7379_002 A super user posts 20 resourceVersions with createdByStepId specifying a valid step that could reasonably create a version of the resource for a resource that is a triggering input to another pipeline. All 20 runs are created and each has a different resourceVersionId in the runResourceVersion.">
      <failure message="Not all runs were created: Error: Max number of back-offs reached
    at Backoff.&lt;anonymous&gt; (/var/opt/jfrog/pipelines/data/iTest/runs/521732/steps/workflow_tests/4383774/setup_PreMatrix/tests/globalWrapper/waitForRunCreation.js:102:9)
    at Backoff.emit (events.js:376:20)
    at Backoff.backoff (/var/opt/jfrog/pipelines/data/iTest/runs/521732/steps/workflow_tests/4383774/setup_PreMatrix/tests/node_modules/backoff/lib/backoff.js:41:14)
    at /var/opt/jfrog/pipelines/data/iTest/runs/521732/steps/workflow_tests/4383774/setup_PreMatrix/tests/globalWrapper/waitForRunCreation.js:75:24
    at /var/opt/jfrog/pipelines/data/iTest/runs/521732/steps/workflow_tests/4383774/setup_PreMatrix/tests/globalWrapper/waitForRunCreation.js:130:14
    at /var/opt/jfrog/pipelines/data/iTest/runs/521732/steps/workflow_tests/4383774/setup_PreMatrix/tests/node_modules/async/dist/async.js:2959:19
    at wrapper (/var/opt/jfrog/pipelines/data/iTest/runs/521732/steps/workflow_tests/4383774/setup_PreMatrix/tests/node_modules/async/dist/async.js:272:20)
    at replenish (/var/opt/jfrog/pipelines/data/iTest/runs/521732/steps/workflow_tests/4383774/setup_PreMatrix/tests/node_modules/async/dist/async.js:439:29)
    at iterateeCallback (/var/opt/jfrog/pipelines/data/iTest/runs/521732/steps/workflow_tests/4383774/setup_PreMatrix/tests/node_modules/async/dist/async.js:428:21)
    at /var/opt/jfrog/pipelines/data/iTest/runs/521732/steps/workflow_tests/4383774/setup_PreMatrix/tests/node_modules/async/dist/async.js:325:20
    at /var/opt/jfrog/pipelines/data/iTest/runs/521732/steps/workflow_tests/4383774/setup_PreMatrix/tests/node_modules/async/dist/async.js:2957:17
    at /var/opt/jfrog/pipelines/data/iTest/runs/521732/steps/workflow_tests/4383774/setup_PreMatrix/tests/globalWrapper/waitForRunCreation.js:323:14
    at /var/opt/jfrog/pipelines/data/iTest/runs/521732/steps/workflow_tests/4383774/setup_PreMatrix/tests/_common/pipelines/Adapter.js:2573:9
    at /var/opt/jfrog/pipelines/data/iTest/runs/521732/steps/workflow_tests/4383774/setup_PreMatrix/tests/node_modules/async/dist/async.js:2959:19
    at wrapper (/var/opt/jfrog/pipelines/data/iTest/runs/521732/steps/workflow_tests/4383774/setup_PreMatrix/tests/node_modules/async/dist/async.js:272:20)
    at replenish (/var/opt/jfrog/pipelines/data/iTest/runs/521732/steps/workflow_tests/4383774/setup_PreMatrix/tests/node_modules/async/dist/async.js:439:29)
    at iterateeCallback (/var/opt/jfrog/pipelines/data/iTest/runs/521732/steps/workflow_tests/4383774/setup_PreMatrix/tests/node_modules/async/dist/async.js:428:21)
    at /var/opt/jfrog/pipelines/data/iTest/runs/521732/steps/workflow_tests/4383774/setup_PreMatrix/tests/node_modules/async/dist/async.js:325:20
    at /var/opt/jfrog/pipelines/data/iTest/runs/521732/steps/workflow_tests/4383774/setup_PreMatrix/tests/node_modules/async/dist/async.js:2957:17
    at Request._callback (/var/opt/jfrog/pipelines/data/iTest/runs/521732/steps/workflow_tests/4383774/setup_PreMatrix/tests/_common/utils.js:126:9)
    at Request.self.callback (/var/opt/jfrog/pipelines/data/iTest/runs/521732/steps/workflow_tests/4383774/setup_PreMatrix/tests/node_modules/request/request.js:188:22)
    at Request.emit (events.js:376:20)
    at Request.&lt;anonymous&gt; (/var/opt/jfrog/pipelines/data/iTest/runs/521732/steps/workflow_tests/4383774/setup_PreMatrix/tests/node_modules/request/request.js:1171:10)
    at Request.emit (events.js:376:20)
    at IncomingMessage.&lt;anonymous&gt; (/var/opt/jfrog/pipelines/data/iTest/runs/521732/steps/workflow_tests/4383774/setup_PreMatrix/tests/node_modules/request/request.js:1091:12)
    at Object.onceWrapper (events.js:482:28)
    at IncomingMessage.emit (events.js:388:22)
    at endReadableNT (internal/streams/readable.js:1336:12)
    at processTicksAndRejections (internal/process/task_queues.js:82:21)" type="Error"><![CDATA[Error: Not all runs were created: Error: Max number of back-offs reached
    at Backoff.<anonymous> (globalWrapper/waitForRunCreation.js:102:9)
    at Backoff.backoff (node_modules/backoff/lib/backoff.js:41:14)
    at /var/opt/jfrog/pipelines/data/iTest/runs/521732/steps/workflow_tests/4383774/setup_PreMatrix/tests/globalWrapper/waitForRunCreation.js:75:24
    at /var/opt/jfrog/pipelines/data/iTest/runs/521732/steps/workflow_tests/4383774/setup_PreMatrix/tests/globalWrapper/waitForRunCreation.js:130:14
    at /var/opt/jfrog/pipelines/data/iTest/runs/521732/steps/workflow_tests/4383774/setup_PreMatrix/tests/node_modules/async/dist/async.js:2959:19
    at wrapper (node_modules/async/dist/async.js:272:20)
    at replenish (node_modules/async/dist/async.js:439:29)
    at iterateeCallback (node_modules/async/dist/async.js:428:21)
    at /var/opt/jfrog/pipelines/data/iTest/runs/521732/steps/workflow_tests/4383774/setup_PreMatrix/tests/node_modules/async/dist/async.js:325:20
    at /var/opt/jfrog/pipelines/data/iTest/runs/521732/steps/workflow_tests/4383774/setup_PreMatrix/tests/node_modules/async/dist/async.js:2957:17
    at /var/opt/jfrog/pipelines/data/iTest/runs/521732/steps/workflow_tests/4383774/setup_PreMatrix/tests/globalWrapper/waitForRunCreation.js:323:14
    at /var/opt/jfrog/pipelines/data/iTest/runs/521732/steps/workflow_tests/4383774/setup_PreMatrix/tests/_common/pipelines/Adapter.js:2573:9
    at /var/opt/jfrog/pipelines/data/iTest/runs/521732/steps/workflow_tests/4383774/setup_PreMatrix/tests/node_modules/async/dist/async.js:2959:19
    at wrapper (node_modules/async/dist/async.js:272:20)
    at replenish (node_modules/async/dist/async.js:439:29)
    at iterateeCallback (node_modules/async/dist/async.js:428:21)
    at /var/opt/jfrog/pipelines/data/iTest/runs/521732/steps/workflow_tests/4383774/setup_PreMatrix/tests/node_modules/async/dist/async.js:325:20
    at /var/opt/jfrog/pipelines/data/iTest/runs/521732/steps/workflow_tests/4383774/setup_PreMatrix/tests/node_modules/async/dist/async.js:2957:17
    at Request._callback (_common/utils.js:126:9)
    at Request.self.callback (node_modules/request/request.js:188:22)
    at Request.<anonymous> (node_modules/request/request.js:1171:10)
    at IncomingMessage.<anonymous> (node_modules/request/request.js:1091:12)
    at endReadableNT (internal/streams/readable.js:1336:12)
    at processTicksAndRejections (internal/process/task_queues.js:82:21)
    at /var/opt/jfrog/pipelines/data/iTest/runs/521732/steps/workflow_tests/4383774/setup_PreMatrix/tests/core/workFlow/pipeline/trigger/pipelineWorkFlow6.js:403:23
    at Backoff.<anonymous> (globalWrapper/waitForRunCreation.js:101:14)
    at Backoff.backoff (node_modules/backoff/lib/backoff.js:41:14)
    at /var/opt/jfrog/pipelines/data/iTest/runs/521732/steps/workflow_tests/4383774/setup_PreMatrix/tests/globalWrapper/waitForRunCreation.js:75:24
    at /var/opt/jfrog/pipelines/data/iTest/runs/521732/steps/workflow_tests/4383774/setup_PreMatrix/tests/globalWrapper/waitForRunCreation.js:130:14
    at /var/opt/jfrog/pipelines/data/iTest/runs/521732/steps/workflow_tests/4383774/setup_PreMatrix/tests/node_modules/async/dist/async.js:2959:19
    at wrapper (node_modules/async/dist/async.js:272:20)
    at replenish (node_modules/async/dist/async.js:439:29)
    at iterateeCallback (node_modules/async/dist/async.js:428:21)
    at /var/opt/jfrog/pipelines/data/iTest/runs/521732/steps/workflow_tests/4383774/setup_PreMatrix/tests/node_modules/async/dist/async.js:325:20
    at /var/opt/jfrog/pipelines/data/iTest/runs/521732/steps/workflow_tests/4383774/setup_PreMatrix/tests/node_modules/async/dist/async.js:2957:17
    at /var/opt/jfrog/pipelines/data/iTest/runs/521732/steps/workflow_tests/4383774/setup_PreMatrix/tests/globalWrapper/waitForRunCreation.js:323:14
    at /var/opt/jfrog/pipelines/data/iTest/runs/521732/steps/workflow_tests/4383774/setup_PreMatrix/tests/_common/pipelines/Adapter.js:2573:9
    at /var/opt/jfrog/pipelines/data/iTest/runs/521732/steps/workflow_tests/4383774/setup_PreMatrix/tests/node_modules/async/dist/async.js:2959:19
    at wrapper (node_modules/async/dist/async.js:272:20)
    at replenish (node_modules/async/dist/async.js:439:29)
    at iterateeCallback (node_modules/async/dist/async.js:428:21)
    at /var/opt/jfrog/pipelines/data/iTest/runs/521732/steps/workflow_tests/4383774/setup_PreMatrix/tests/node_modules/async/dist/async.js:325:20
    at /var/opt/jfrog/pipelines/data/iTest/runs/521732/steps/workflow_tests/4383774/setup_PreMatrix/tests/node_modules/async/dist/async.js:2957:17
    at Request._callback (_common/utils.js:126:9)
    at Request.self.callback (node_modules/request/request.js:188:22)
    at Request.<anonymous> (node_modules/request/request.js:1171:10)
    at IncomingMessage.<anonymous> (node_modules/request/request.js:1091:12)
    at endReadableNT (internal/streams/readable.js:1336:12)
    at processTicksAndRejections (internal/process/task_queues.js:82:21)]]></failure>
    </testcase>
  </testsuite>
</testsuites>