<?xml version="1.0" encoding="UTF-8"?>
<testsuites class="Mocha Tests" time="656.6460" tests="5" failures="0">
  <testsuite class="Root Suite" timestamp="2022-01-17T17:50:59" tests="0" time="0.0000" failures="0">
  </testsuite>
  <testsuite class="WORKFLOW_TESTS - pipeline workFlow tests " timestamp="2022-01-17T17:50:59" tests="0" file="/var/opt/jfrog/pipelines/data/iTest/runs/521732/steps/workflow_tests/4383766/setup_PreMatrix/tests/core/workFlow/pipeline/trigger/pipelineWorkFlow4.js" time="0.0000" failures="0">
  </testsuite>
  <testsuite class="Test cases for pipeline dependencyMode and chronological" timestamp="2022-01-17T17:50:59" tests="5" file="/var/opt/jfrog/pipelines/data/iTest/runs/521732/steps/workflow_tests/4383766/setup_PreMatrix/tests/core/workFlow/pipeline/trigger/pipelineWorkFlow4.js" time="656.5280" failures="0">
    <testcase class="WORKFLOW_TESTS - pipeline workFlow tests  Test cases for pipeline dependencyMode and chronological P_WF_0018. If waitOnParentSuccess is true in the pipelines configuration section, the pipeline will not run while a parent is incomplete." time="238.7710" classclass="P_WF_0018. If waitOnParentSuccess is true in the pipelines configuration section, the pipeline will not run while a parent is incomplete.">
    </testcase>
    <testcase class="WORKFLOW_TESTS - pipeline workFlow tests  Test cases for pipeline dependencyMode and chronological P_WF_0019. If waitOnParentComplete is true in the pipelines configuration section, no new run is created for additional pipeline triggers with the same steps." time="119.7620" classclass="P_WF_0019. If waitOnParentComplete is true in the pipelines configuration section, no new run is created for additional pipeline triggers with the same steps.">
    </testcase>
    <testcase class="WORKFLOW_TESTS - pipeline workFlow tests  Test cases for pipeline dependencyMode and chronological P_WF_0020. If waitOnParentComplete is true in the pipelines configuration section, a new run is created for additional pipeline triggers with different steps." time="88.2450" classclass="P_WF_0020. If waitOnParentComplete is true in the pipelines configuration section, a new run is created for additional pipeline triggers with different steps.">
    </testcase>
    <testcase class="WORKFLOW_TESTS - pipeline workFlow tests  Test cases for pipeline dependencyMode and chronological P_WF_0021. If waitOnParentComplete and chronological are true in the pipelines configuration section, the pipeline will not run until the parent is complete and one run at a time." time="117.6700" classclass="P_WF_0021. If waitOnParentComplete and chronological are true in the pipelines configuration section, the pipeline will not run until the parent is complete and one run at a time.">
    </testcase>
    <testcase class="WORKFLOW_TESTS - pipeline workFlow tests  Test cases for pipeline dependencyMode and chronological P_WF_0022. If waitOnParentComplete and waitOnChildComplete are both true, it waits for both." time="92.0700" classclass="P_WF_0022. If waitOnParentComplete and waitOnChildComplete are both true, it waits for both.">
    </testcase>
  </testsuite>
</testsuites>