<?xml version="1.0" encoding="UTF-8"?>
<testsuites name="Mocha Tests" time="89.7300" tests="40" failures="0" skipped="1">
  <testsuite name="Root Suite" timestamp="2022-01-17T17:51:38" tests="0" time="0.0000" failures="0">
  </testsuite>
  <testsuite name="API_STEPLETCONSOLES - Stepletconsoles API tests" timestamp="2022-01-17T17:51:38" tests="1" file="/var/opt/jfrog/pipelines/data/iTest/runs/521732/steps/API_tests_2/4383729/setup_PreMatrix/tests/core/api/stepletConsoles.js" time="0.0000" failures="0">
    <testcase name="API_STEPLETCONSOLES - Stepletconsoles API tests 1. Super user should be able add new PipelineSources for StepletConsoles" time="17.8910" classname="1. Super user should be able add new PipelineSources for StepletConsoles">
    </testcase>
  </testsuite>
  <testsuite name="Below test cases uses pipelineSource" timestamp="2022-01-17T17:51:56" tests="39" file="/var/opt/jfrog/pipelines/data/iTest/runs/521732/steps/API_tests_2/4383729/setup_PreMatrix/tests/core/api/stepletConsoles.js" time="71.5700" failures="0" skipped="1">
    <testcase name="API_STEPLETCONSOLES - Stepletconsoles API tests Below test cases uses pipelineSource 2. Super user can get their pipelines to add stepletConsoles" time="0.1060" classname="2. Super user can get their pipelines to add stepletConsoles">
    </testcase>
    <testcase name="API_STEPLETCONSOLES - Stepletconsoles API tests Below test cases uses pipelineSource 4. Super user can trigger pipelineSteps by Id to add stepletConsoles" time="68.7060" classname="4. Super user can trigger pipelineSteps by Id to add stepletConsoles">
    </testcase>
    <testcase name="API_STEPLETCONSOLES - Stepletconsoles API tests Below test cases uses pipelineSource 6. super user can get their steps to add stepletConsoles" time="0.0410" classname="6. super user can get their steps to add stepletConsoles">
    </testcase>
    <testcase name="API_STEPLETCONSOLES - Stepletconsoles API tests Below test cases uses pipelineSource 7. Super user can get their steplets to add stepletConsoles" time="0.0260" classname="7. Super user can get their steplets to add stepletConsoles">
    </testcase>
    <testcase name="API_STEPLETCONSOLES - Stepletconsoles API tests Below test cases uses pipelineSource A-StepletConsoles-0001. Super user can add new stepletConsoles" time="0.0330" classname="A-StepletConsoles-0001. Super user can add new stepletConsoles">
    </testcase>
    <testcase name="API_STEPLETCONSOLES - Stepletconsoles API tests Below test cases uses pipelineSource A-StepletConsoles-6769-0001. Users can post more than  1000 steplet consoles at a time." time="0.3140" classname="A-StepletConsoles-6769-0001. Users can post more than  1000 steplet consoles at a time.">
    </testcase>
    <testcase name="API_STEPLETCONSOLES - Stepletconsoles API tests Below test cases uses pipelineSource A-StepletConsoles-6769-0002. Posted BulkStepletConsoles exist or not." time="0.0000" classname="A-StepletConsoles-6769-0002. Posted BulkStepletConsoles exist or not.">
      <skipped/>
    </testcase>
    <testcase name="API_STEPLETCONSOLES - Stepletconsoles API tests Below test cases uses pipelineSource A-StepletConsoles-6769-0003. api should return error on passing invalid consoles to it." time="0.0410" classname="A-StepletConsoles-6769-0003. api should return error on passing invalid consoles to it.">
    </testcase>
    <testcase name="API_STEPLETCONSOLES - Stepletconsoles API tests Below test cases uses pipelineSource A-PO-PP-0025. Project Admin User cannot Post steplet Consoles" time="0.0620" classname="A-PO-PP-0025. Project Admin User cannot Post steplet Consoles">
    </testcase>
    <testcase name="API_STEPLETCONSOLES - Stepletconsoles API tests Below test cases uses pipelineSource A-StepletConsoles-0002. Admin user cannot add new stepletConsoles" time="0.0480" classname="A-StepletConsoles-0002. Admin user cannot add new stepletConsoles">
    </testcase>
    <testcase name="API_STEPLETCONSOLES - Stepletconsoles API tests Below test cases uses pipelineSource A-StepletConsoles-0003. Member user cannot add new stepletConsoles" time="0.0480" classname="A-StepletConsoles-0003. Member user cannot add new stepletConsoles">
    </testcase>
    <testcase name="API_STEPLETCONSOLES - Stepletconsoles API tests Below test cases uses pipelineSource A-StepletConsoles-0004. Public user cannot add new stepletConsoles" time="0.0150" classname="A-StepletConsoles-0004. Public user cannot add new stepletConsoles">
    </testcase>
    <testcase name="API_STEPLETCONSOLES - Stepletconsoles API tests Below test cases uses pipelineSource A-StepletConsoles-0005. Super user can get their stepletConsoles by stepletId" time="0.1940" classname="A-StepletConsoles-0005. Super user can get their stepletConsoles by stepletId">
    </testcase>
    <testcase name="API_STEPLETCONSOLES - Stepletconsoles API tests Below test cases uses pipelineSource A-StepletConsoles-0006. Admin user can get their stepletConsoles by stepletId" time="0.2310" classname="A-StepletConsoles-0006. Admin user can get their stepletConsoles by stepletId">
    </testcase>
    <testcase name="API_STEPLETCONSOLES - Stepletconsoles API tests Below test cases uses pipelineSource A-StepletConsoles-0007. Member user can get their stepletConsoles by stepletId" time="0.2230" classname="A-StepletConsoles-0007. Member user can get their stepletConsoles by stepletId">
    </testcase>
    <testcase name="API_STEPLETCONSOLES - Stepletconsoles API tests Below test cases uses pipelineSource A-StepletConsoles-0008. Public user cannot get stepletConsoles by stepletId" time="0.0220" classname="A-StepletConsoles-0008. Public user cannot get stepletConsoles by stepletId">
    </testcase>
    <testcase name="API_STEPLETCONSOLES - Stepletconsoles API tests Below test cases uses pipelineSource A-StepletConsoles-0009. Stepletconsoles ConsoleId field in stepletConsoles API should not be null and should be a string type" time="0.0000" classname="A-StepletConsoles-0009. Stepletconsoles ConsoleId field in stepletConsoles API should not be null and should be a string type">
    </testcase>
    <testcase name="API_STEPLETCONSOLES - Stepletconsoles API tests Below test cases uses pipelineSource A-StepletConsoles-0010. Stepletconsoles IsShown field in stepletConsoles API should be a boolean type" time="0.0000" classname="A-StepletConsoles-0010. Stepletconsoles IsShown field in stepletConsoles API should be a boolean type">
    </testcase>
    <testcase name="API_STEPLETCONSOLES - Stepletconsoles API tests Below test cases uses pipelineSource A-StepletConsoles-0011. Stepletconsoles IsSuccess field in stepletConsoles API should be a boolean type" time="0.0000" classname="A-StepletConsoles-0011. Stepletconsoles IsSuccess field in stepletConsoles API should be a boolean type">
    </testcase>
    <testcase name="API_STEPLETCONSOLES - Stepletconsoles API tests Below test cases uses pipelineSource A-StepletConsoles-0012. Stepletconsoles ParentConsoleId field in stepletConsoles API should not be null and should be a string type" time="0.0000" classname="A-StepletConsoles-0012. Stepletconsoles ParentConsoleId field in stepletConsoles API should not be null and should be a string type">
    </testcase>
    <testcase name="API_STEPLETCONSOLES - Stepletconsoles API tests Below test cases uses pipelineSource A-StepletConsoles-0013. Stepletconsoles StepletId field in stepletConsoles API should not be null and should be a integer type" time="0.0000" classname="A-StepletConsoles-0013. Stepletconsoles StepletId field in stepletConsoles API should not be null and should be a integer type">
    </testcase>
    <testcase name="API_STEPLETCONSOLES - Stepletconsoles API tests Below test cases uses pipelineSource A-StepletConsoles-0014. Stepletconsoles PipelineId field in Stepletconsoles API should not be null and should be a integer type" time="0.0000" classname="A-StepletConsoles-0014. Stepletconsoles PipelineId field in Stepletconsoles API should not be null and should be a integer type">
    </testcase>
    <testcase name="API_STEPLETCONSOLES - Stepletconsoles API tests Below test cases uses pipelineSource A-StepletConsoles-0015. Stepletconsoles Timestamp field in stepletConsoles API should not be null and should be a integer type" time="0.0000" classname="A-StepletConsoles-0015. Stepletconsoles Timestamp field in stepletConsoles API should not be null and should be a integer type">
    </testcase>
    <testcase name="API_STEPLETCONSOLES - Stepletconsoles API tests Below test cases uses pipelineSource A-StepletConsoles-0016. Stepletconsoles TimestampEndedAt field in stepletConsoles API should be a integer type" time="0.0000" classname="A-StepletConsoles-0016. Stepletconsoles TimestampEndedAt field in stepletConsoles API should be a integer type">
    </testcase>
    <testcase name="API_STEPLETCONSOLES - Stepletconsoles API tests Below test cases uses pipelineSource A-StepletConsoles-0017. Stepletconsoles Type field in stepletConsoles API should not be null and should be a string type" time="0.0000" classname="A-StepletConsoles-0017. Stepletconsoles Type field in stepletConsoles API should not be null and should be a string type">
    </testcase>
    <testcase name="API_STEPLETCONSOLES - Stepletconsoles API tests Below test cases uses pipelineSource A-StepletConsoles-0018. Stepletconsoles Message field in stepletConsoles API should not be null and should be a string type" time="0.0000" classname="A-StepletConsoles-0018. Stepletconsoles Message field in stepletConsoles API should not be null and should be a string type">
    </testcase>
    <testcase name="API_STEPLETCONSOLES - Stepletconsoles API tests Below test cases uses pipelineSource A-StepletConsoles-0019. Stepletconsoles CreatedAt field in stepletConsoles API should not be null and should be a string type" time="0.0000" classname="A-StepletConsoles-0019. Stepletconsoles CreatedAt field in stepletConsoles API should not be null and should be a string type">
    </testcase>
    <testcase name="API_STEPLETCONSOLES - Stepletconsoles API tests Below test cases uses pipelineSource A-StepletConsoles-0020. Stepletconsoles UpdatedAt field in stepletConsoles API should not be null and should be a string type" time="0.0000" classname="A-StepletConsoles-0020. Stepletconsoles UpdatedAt field in stepletConsoles API should not be null and should be a string type">
    </testcase>
    <testcase name="API_STEPLETCONSOLES - Stepletconsoles API tests Below test cases uses pipelineSource A-StepletConsoles-0025. Public user cannot deletes stepletConsoles by stepletId" time="0.0160" classname="A-StepletConsoles-0025. Public user cannot deletes stepletConsoles by stepletId">
    </testcase>
    <testcase name="API_STEPLETCONSOLES - Stepletconsoles API tests Below test cases uses pipelineSource A-StepletConsoles-0026. Member user cannot deletes stepletConsoles by stepletId" time="0.0550" classname="A-StepletConsoles-0026. Member user cannot deletes stepletConsoles by stepletId">
    </testcase>
    <testcase name="API_STEPLETCONSOLES - Stepletconsoles API tests Below test cases uses pipelineSource A-StepletConsoles-0027. Admin user cannot delete stepletConsoles by stepletId" time="0.0320" classname="A-StepletConsoles-0027. Admin user cannot delete stepletConsoles by stepletId">
    </testcase>
    <testcase name="API_STEPLETCONSOLES - Stepletconsoles API tests Below test cases uses pipelineSource A-DEL-PP-0024. ProjectAdminUser cannot delete stepletConsoles by stepletId" time="0.0360" classname="A-DEL-PP-0024. ProjectAdminUser cannot delete stepletConsoles by stepletId">
    </testcase>
    <testcase name="API_STEPLETCONSOLES - Stepletconsoles API tests Below test cases uses pipelineSource A-StepletConsoles-0028. Super user can delete stepletConsoles by stepletId" time="0.0400" classname="A-StepletConsoles-0028. Super user can delete stepletConsoles by stepletId">
    </testcase>
    <testcase name="API_STEPLETCONSOLES - Stepletconsoles API tests Below test cases uses pipelineSource A-StepletConsoles-0021. Public user cannot deletes stepletConsoles by pipelineId" time="0.0150" classname="A-StepletConsoles-0021. Public user cannot deletes stepletConsoles by pipelineId">
    </testcase>
    <testcase name="API_STEPLETCONSOLES - Stepletconsoles API tests Below test cases uses pipelineSource A-StepletConsoles-0022. Member user cannot deletes stepletConsoles by pipelineId" time="0.0240" classname="A-StepletConsoles-0022. Member user cannot deletes stepletConsoles by pipelineId">
    </testcase>
    <testcase name="API_STEPLETCONSOLES - Stepletconsoles API tests Below test cases uses pipelineSource A-StepletConsoles-0023. Admin user cannot delete stepletConsoles by pipelineId" time="0.0350" classname="A-StepletConsoles-0023. Admin user cannot delete stepletConsoles by pipelineId">
    </testcase>
    <testcase name="API_STEPLETCONSOLES - Stepletconsoles API tests Below test cases uses pipelineSource A-DEL-PP-0023. ProjectAdminUser cannot delete steplet Consoles by pipeline Id" time="0.0310" classname="A-DEL-PP-0023. ProjectAdminUser cannot delete steplet Consoles by pipeline Id">
    </testcase>
    <testcase name="API_STEPLETCONSOLES - Stepletconsoles API tests Below test cases uses pipelineSource A-StepletConsoles-0024. Super user can delete stepletConsoles by pipelineId" time="0.0470" classname="A-StepletConsoles-0024. Super user can delete stepletConsoles by pipelineId">
    </testcase>
    <testcase name="API_STEPLETCONSOLES - Stepletconsoles API tests Below test cases uses pipelineSource 8. Super user can delete pipelineSource by Id for stepletConsoles" time="1.1080" classname="8. Super user can delete pipelineSource by Id for stepletConsoles">
    </testcase>
  </testsuite>
</testsuites>