<?xml version="1.0" encoding="UTF-8"?>
<testsuites class="Mocha Tests" time="0.8400" tests="10" failures="0">
  <testsuite class="Root Suite" timestamp="2022-01-17T17:51:38" tests="0" time="0.0000" failures="0">
  </testsuite>
  <testsuite class="API_SYSTEMSERVICES - SystemServices API tests" timestamp="2022-01-17T17:51:38" tests="10" file="/var/opt/jfrog/pipelines/data/iTest/runs/521732/steps/API_tests_2/4383734/setup_PreMatrix/tests/core/api/systemServices.js" time="0.8260" failures="0">
    <testcase class="API_SYSTEMSERVICES - SystemServices API tests A-SystemServices-0001. Super user can get systemServices" time="0.2020" classclass="A-SystemServices-0001. Super user can get systemServices">
    </testcase>
    <testcase class="API_SYSTEMSERVICES - SystemServices API tests A-SystemServices-0002. Admin cannot get SystemServices" time="0.1530" classclass="A-SystemServices-0002. Admin cannot get SystemServices">
    </testcase>
    <testcase class="API_SYSTEMSERVICES - SystemServices API tests A-PP-0032. ProjectAdminUser shouldn’t be able to GET the SystemServices" time="0.0500" classclass="A-PP-0032. ProjectAdminUser shouldn’t be able to GET the SystemServices">
    </testcase>
    <testcase class="API_SYSTEMSERVICES - SystemServices API tests A-SystemServices-0003. Member cannot get SystemServices" time="0.0790" classclass="A-SystemServices-0003. Member cannot get SystemServices">
    </testcase>
    <testcase class="API_SYSTEMSERVICES - SystemServices API tests A-SystemServices-0004. Public user cannot get SystemServices " time="0.0360" classclass="A-SystemServices-0004. Public user cannot get SystemServices ">
    </testcase>
    <testcase class="API_SYSTEMSERVICES - SystemServices API tests A-SystemServices-0009. Id field in SystemServices API should not be null and should be an integer type" time="0.0000" classclass="A-SystemServices-0009. Id field in SystemServices API should not be null and should be an integer type">
    </testcase>
    <testcase class="API_SYSTEMSERVICES - SystemServices API tests A-SystemServices-0010. Name field in SystemServices API should not be null and should be a string type" time="0.0000" classclass="A-SystemServices-0010. Name field in SystemServices API should not be null and should be a string type">
    </testcase>
    <testcase class="API_SYSTEMSERVICES - SystemServices API tests A-SystemServices-0011. DesiredStatusCode field in SystemServices API should not be null and should be an integer type" time="0.0000" classclass="A-SystemServices-0011. DesiredStatusCode field in SystemServices API should not be null and should be an integer type">
    </testcase>
    <testcase class="API_SYSTEMSERVICES - SystemServices API tests A-SystemServices-0012. CreatedAt field in SystemServices API should not be null and should be a string" time="0.0000" classclass="A-SystemServices-0012. CreatedAt field in SystemServices API should not be null and should be a string">
    </testcase>
    <testcase class="API_SYSTEMSERVICES - SystemServices API tests A-SystemServices-0013. UpdatedAt field in SystemServices API should not be null and should be a string" time="0.0000" classclass="A-SystemServices-0013. UpdatedAt field in SystemServices API should not be null and should be a string">
    </testcase>
  </testsuite>
</testsuites>