<?xml version="1.0" encoding="UTF-8"?>
<testsuites name="Mocha Tests" time="69.8260" tests="6" failures="0">
  <testsuite name="Root Suite" timestamp="2022-01-17T17:50:41" tests="0" time="0.0000" failures="0">
  </testsuite>
  <testsuite name="SYNC_HELMBLUGREENCLEANUP_STEP - HelmBlueGreenCleanup Sync Tests" timestamp="2022-01-17T17:50:41" tests="6" file="/var/opt/jfrog/pipelines/data/iTest/runs/521732/steps/step_sync_tests/4383651/setup_PreMatrix/tests/core/steps/Sync/HelmBlueGreenCleanup.js" time="69.8190" failures="0">
    <testcase name="SYNC_HELMBLUGREENCLEANUP_STEP - HelmBlueGreenCleanup Sync Tests S-SYC-HBGCleanUp-5978-0001 User adds a pipeline Source with HelmBlueGreenCleanUp step with all required configuration properties. Verify if pipeline Sync goes to succeed." time="10.3900" classname="S-SYC-HBGCleanUp-5978-0001 User adds a pipeline Source with HelmBlueGreenCleanUp step with all required configuration properties. Verify if pipeline Sync goes to succeed.">
    </testcase>
    <testcase name="SYNC_HELMBLUGREENCLEANUP_STEP - HelmBlueGreenCleanup Sync Tests S-SYC-HBGCleanUp-5978-0002 User adds a pipeline Source with HelmBlueGreenCleanUp missing deployStep property. verify if pipeline sync fails." time="9.7720" classname="S-SYC-HBGCleanUp-5978-0002 User adds a pipeline Source with HelmBlueGreenCleanUp missing deployStep property. verify if pipeline sync fails.">
    </testcase>
    <testcase name="SYNC_HELMBLUGREENCLEANUP_STEP - HelmBlueGreenCleanup Sync Tests S-SYC-HBGCleanUp-5978-0003 User adds pipeline source with HelmBlueGreenCleanUp missing kubernetes integration. verify if pipeline sync fails." time="9.7420" classname="S-SYC-HBGCleanUp-5978-0003 User adds pipeline source with HelmBlueGreenCleanUp missing kubernetes integration. verify if pipeline sync fails.">
    </testcase>
    <testcase name="SYNC_HELMBLUGREENCLEANUP_STEP - HelmBlueGreenCleanup Sync Tests S-SYC-HBGCleanUp-5978-0004 User adds pipeline source with HelmBlueGreenCleanUp only. Verify if pipelines sync fails." time="10.0390" classname="S-SYC-HBGCleanUp-5978-0004 User adds pipeline source with HelmBlueGreenCleanUp only. Verify if pipelines sync fails.">
    </testcase>
    <testcase name="SYNC_HELMBLUGREENCLEANUP_STEP - HelmBlueGreenCleanup Sync Tests S-SYC-HBGCleanUp-5933-001 User adds a HelmBlueGreenCleanup step with the Kubernetes integration at the pipeline level.  Sync is successful." time="10.7810" classname="S-SYC-HBGCleanUp-5933-001 User adds a HelmBlueGreenCleanup step with the Kubernetes integration at the pipeline level.  Sync is successful.">
    </testcase>
    <testcase name="SYNC_HELMBLUGREENCLEANUP_STEP - HelmBlueGreenCleanup Sync Tests S-SYC-HBGCleanUp-5933-002 User adds a HelmBlueGreenCleanup step with Kubernetes integrations at the pipeline and step levels.  Sync fails." time="18.9510" classname="S-SYC-HBGCleanUp-5933-002 User adds a HelmBlueGreenCleanup step with Kubernetes integrations at the pipeline and step levels.  Sync fails.">
    </testcase>
  </testsuite>
</testsuites>