<?xml version="1.0" encoding="UTF-8"?>
<testsuites name="Mocha Tests" time="213.0250" tests="5" failures="0" skipped="2">
  <testsuite name="Root Suite" timestamp="2022-01-17T17:51:35" tests="0" time="0.0000" failures="0">
  </testsuite>
  <testsuite name="POWERSHELL_STEP_UTILITYFUNCTIONS - Powershell Step Tests For Utility Function" timestamp="2022-01-17T17:51:35" tests="5" file="/var/opt/jfrog/pipelines/data/iTest/runs/521732/steps/ps_tests_3/4383721/setup_PreMatrix/tests/core/steps/PowerShell/PSUtilityfunctions/PSUtilityFunctions2.js" time="213.0190" failures="0" skipped="2">
    <testcase name="POWERSHELL_STEP_UTILITYFUNCTIONS - Powershell Step Tests For Utility Function S-PS-UTIL-0016.Verify Replace_envs utility function added in the PowerShell step and user sees that step is success" time="70.2540" classname="S-PS-UTIL-0016.Verify Replace_envs utility function added in the PowerShell step and user sees that step is success">
    </testcase>
    <testcase name="POWERSHELL_STEP_UTILITYFUNCTIONS - Powershell Step Tests For Utility Function S-PS-UTIL-0017. Verify retry_command utility function added in the  PowerShell step and user sees that step is success" time="67.3140" classname="S-PS-UTIL-0017. Verify retry_command utility function added in the  PowerShell step and user sees that step is success">
    </testcase>
    <testcase name="POWERSHELL_STEP_UTILITYFUNCTIONS - Powershell Step Tests For Utility Function S-PS-UTIL-0027. Add save_tests utility function in the PowerShell step for file and the user sees that step is success. Verify that itcopies test reports given as input to later be parsed and uploadedif file storage is available " time="75.0840" classname="S-PS-UTIL-0027. Add save_tests utility function in the PowerShell step for file and the user sees that step is success. Verify that itcopies test reports given as input to later be parsed and uploadedif file storage is available ">
    </testcase>
    <testcase name="POWERSHELL_STEP_UTILITYFUNCTIONS - Powershell Step Tests For Utility Function S-PS-UTIL-0028. Add save_tests utility function in the PowerShell step for the directory and the user sees that step is success. Verify that it copies test reports given as input to later be parsed and uploaded if file storage is available" time="0.0000" classname="S-PS-UTIL-0028. Add save_tests utility function in the PowerShell step for the directory and the user sees that step is success. Verify that it copies test reports given as input to later be parsed and uploaded if file storage is available">
      <skipped/>
    </testcase>
    <testcase name="POWERSHELL_STEP_UTILITYFUNCTIONS - Powershell Step Tests For Utility Function S-PS-UTIL-0059. Verify find_resource_variable utility function added in the PowerShell step and the user sees that step is success. Verify it outputs the value of the $res_resourceName_field environment variable, with any environment variables in the format ${variable} replaced" time="0.0000" classname="S-PS-UTIL-0059. Verify find_resource_variable utility function added in the PowerShell step and the user sees that step is success. Verify it outputs the value of the $res_resourceName_field environment variable, with any environment variables in the format ${variable} replaced">
      <skipped/>
    </testcase>
  </testsuite>
</testsuites>