<?xml version="1.0" encoding="UTF-8"?>
<testsuites name="Mocha Tests" time="429.0760" tests="14" failures="0">
  <testsuite name="Root Suite" timestamp="2022-01-17T17:51:35" tests="0" time="0.0000" failures="0">
  </testsuite>
  <testsuite name="STEP_POWERSHELL_PAGERDUTY_INTEGRATION - PowerShell Step Tests For PagerDuty Integration" timestamp="2022-01-17T17:51:35" tests="14" file="/var/opt/jfrog/pipelines/data/iTest/runs/521732/steps/ps_tests_3/4383707/setup_PreMatrix/tests/core/steps/PowerShell/PSIntegration/PowerShellPagerDutyIntegration.js" time="429.0620" failures="0">
    <testcase name="STEP_POWERSHELL_PAGERDUTY_INTEGRATION - PowerShell Step Tests For PagerDuty Integration 1. User can add PagerDuty project Integration" time="11.7440" classname="1. User can add PagerDuty project Integration">
    </testcase>
    <testcase name="STEP_POWERSHELL_PAGERDUTY_INTEGRATION - PowerShell Step Tests For PagerDuty Integration S_PS_I_pagerduty_0001. User adds PagerDuty integration in integration section of PowerShell step and verify pipeline sync is success" time="23.6030" classname="S_PS_I_pagerduty_0001. User adds PagerDuty integration in integration section of PowerShell step and verify pipeline sync is success">
    </testcase>
    <testcase name="STEP_POWERSHELL_PAGERDUTY_INTEGRATION - PowerShell Step Tests For PagerDuty Integration S_PS_I_pagerduty_0002. Environment variables for the integration are available in execution section of the PowerShell step" time="74.8400" classname="S_PS_I_pagerduty_0002. Environment variables for the integration are available in execution section of the PowerShell step">
    </testcase>
    <testcase name="STEP_POWERSHELL_PAGERDUTY_INTEGRATION - PowerShell Step Tests For PagerDuty Integration 2. User should be able to add new pipelineSources" time="11.0040" classname="2. User should be able to add new pipelineSources">
    </testcase>
    <testcase name="STEP_POWERSHELL_PAGERDUTY_INTEGRATION - PowerShell Step Tests For PagerDuty Integration S_PS_I_pagerduty_0003. User should not be able to delete the PagerDuty integration if it is dependent on any step" time="0.3220" classname="S_PS_I_pagerduty_0003. User should not be able to delete the PagerDuty integration if it is dependent on any step">
    </testcase>
    <testcase name="STEP_POWERSHELL_PAGERDUTY_INTEGRATION - PowerShell Step Tests For PagerDuty Integration 3. User can delete pipelineSource by Id" time="1.0370" classname="3. User can delete pipelineSource by Id">
    </testcase>
    <testcase name="STEP_POWERSHELL_PAGERDUTY_INTEGRATION - PowerShell Step Tests For PagerDuty Integration S_PS_I_pagerduty_0004. User can issue send_notification command with integration name and -text flag. The step should succeed." time="49.8830" classname="S_PS_I_pagerduty_0004. User can issue send_notification command with integration name and -text flag. The step should succeed.">
    </testcase>
    <testcase name="STEP_POWERSHELL_PAGERDUTY_INTEGRATION - PowerShell Step Tests For PagerDuty Integration S_PS_I_pagerduty_0005. User can issue send_notification command with integration name no additional flags. The step should succeed." time="69.8580" classname="S_PS_I_pagerduty_0005. User can issue send_notification command with integration name no additional flags. The step should succeed.">
    </testcase>
    <testcase name="STEP_POWERSHELL_PAGERDUTY_INTEGRATION - PowerShell Step Tests For PagerDuty Integration S_PS_I_pagerduty_0006. User can issue send_notification command with pagerduty integration with a bad token. The step should fail with a message in the logs." time="54.5530" classname="S_PS_I_pagerduty_0006. User can issue send_notification command with pagerduty integration with a bad token. The step should fail with a message in the logs.">
    </testcase>
    <testcase name="STEP_POWERSHELL_PAGERDUTY_INTEGRATION - PowerShell Step Tests For PagerDuty Integration 1. User can update PagerDuty project Integration" time="0.0780" classname="1. User can update PagerDuty project Integration">
    </testcase>
    <testcase name="STEP_POWERSHELL_PAGERDUTY_INTEGRATION - PowerShell Step Tests For PagerDuty Integration S_PS_I_pagerduty_0007. User can issue send_notification command with pagerduty integration with a token that is the wrong length. The step should fail with message about length in the logs." time="48.6810" classname="S_PS_I_pagerduty_0007. User can issue send_notification command with pagerduty integration with a token that is the wrong length. The step should fail with message about length in the logs.">
    </testcase>
    <testcase name="STEP_POWERSHELL_PAGERDUTY_INTEGRATION - PowerShell Step Tests For PagerDuty Integration S_PS_I_pagerduty_0008. User can issue send_notification command with pagerduty integration with a string argument with no -text flag. The step should succeed." time="44.2940" classname="S_PS_I_pagerduty_0008. User can issue send_notification command with pagerduty integration with a string argument with no -text flag. The step should succeed.">
    </testcase>
    <testcase name="STEP_POWERSHELL_PAGERDUTY_INTEGRATION - PowerShell Step Tests For PagerDuty Integration S_PS_I_pagerduty_0009. User can issue send_notification command with pagerduty integration and a text argument that uses two dashes. The step should succeed." time="38.8190" classname="S_PS_I_pagerduty_0009. User can issue send_notification command with pagerduty integration and a text argument that uses two dashes. The step should succeed.">
    </testcase>
    <testcase name="STEP_POWERSHELL_PAGERDUTY_INTEGRATION - PowerShell Step Tests For PagerDuty Integration 4. User can delete PagerDuty project integration by Id" time="0.0990" classname="4. User can delete PagerDuty project integration by Id">
    </testcase>
  </testsuite>
</testsuites>