<?xml version="1.0" encoding="UTF-8"?>
<testsuites class="Mocha Tests" time="267.3720" tests="6" failures="0" skipped="1">
  <testsuite class="Root Suite" timestamp="2022-01-17T17:51:35" tests="0" time="0.0000" failures="0">
  </testsuite>
  <testsuite class="POWERSHELL_STEP_UTILITYFUNCTIONS - Powershell Step Tests For Utility Function" timestamp="2022-01-17T17:51:35" tests="3" file="/var/opt/jfrog/pipelines/data/iTest/runs/521732/steps/ps_tests_3/4383720/setup_PreMatrix/tests/core/steps/PowerShell/PSUtilityfunctions/PSUtilityFunctions5.js" time="0.0000" failures="0" skipped="1">
    <testcase class="POWERSHELL_STEP_UTILITYFUNCTIONS - Powershell Step Tests For Utility Function S-PS-UTIL-0070. Add save_tests utility function in the powerShell step where the input source the directory with invalid xml files and the user sees that step should go to error state." time="80.7390" classclass="S-PS-UTIL-0070. Add save_tests utility function in the powerShell step where the input source the directory with invalid xml files and the user sees that step should go to error state.">
    </testcase>
    <testcase class="POWERSHELL_STEP_UTILITYFUNCTIONS - Powershell Step Tests For Utility Function S-PS-UTIL-0071. Add save_tests utility function in the powerShell step where the input source the folder with invalid xml files and  the user sees that step should go to error state." time="122.7110" classclass="S-PS-UTIL-0071. Add save_tests utility function in the powerShell step where the input source the folder with invalid xml files and  the user sees that step should go to error state.">
    </testcase>
    <testcase class="POWERSHELL_STEP_UTILITYFUNCTIONS - Powershell Step Tests For Utility Function S-PS-UTIL-0072. Add add_run_files utility function in the powershell step where step1 adds a file of 1GB and step2 downloads the fileand check if the file is downloaded" time="0.0000" classclass="S-PS-UTIL-0072. Add add_run_files utility function in the powershell step where step1 adds a file of 1GB and step2 downloads the fileand check if the file is downloaded">
      <skipped/>
    </testcase>
  </testsuite>
  <testsuite class="Below test cases is for Send Notification " timestamp="2022-01-17T17:54:59" tests="3" file="/var/opt/jfrog/pipelines/data/iTest/runs/521732/steps/ps_tests_3/4383720/setup_PreMatrix/tests/core/steps/PowerShell/PSUtilityfunctions/PSUtilityFunctions5.js" time="63.5770" failures="0">
    <testcase class="POWERSHELL_STEP_UTILITYFUNCTIONS - Powershell Step Tests For Utility Function Below test cases is for Send Notification  1. User can add Slack project Integration" time="3.2520" classclass="1. User can add Slack project Integration">
    </testcase>
    <testcase class="POWERSHELL_STEP_UTILITYFUNCTIONS - Powershell Step Tests For Utility Function Below test cases is for Send Notification  S-PS-UTIL-0021. Verify send_notification utility function added inthe PowerShell step is using Slack integration to send a message and the user sees that step is success" time="60.1230" classclass="S-PS-UTIL-0021. Verify send_notification utility function added inthe PowerShell step is using Slack integration to send a message and the user sees that step is success">
    </testcase>
    <testcase class="POWERSHELL_STEP_UTILITYFUNCTIONS - Powershell Step Tests For Utility Function Below test cases is for Send Notification  2. User can delete Slack project integrations by Id" time="0.1980" classclass="2. User can delete Slack project integrations by Id">
    </testcase>
  </testsuite>
</testsuites>