<?xml version="1.0" encoding="UTF-8"?>
<testsuites name="Mocha Tests" time="1139.9750" tests="13" failures="1" skipped="8">
  <testsuite name="Root Suite" timestamp="2022-01-17T17:51:36" tests="0" time="0.0000" failures="0">
  </testsuite>
  <testsuite name="POWERSHELL_HELMDEPLOY_STEP - PowerShell HelmDeploy Native Step Tests" timestamp="2022-01-17T17:51:36" tests="13" file="/var/opt/jfrog/pipelines/data/iTest/runs/521732/steps/ps_tests_3/4383712/setup_PreMatrix/tests/core/steps/PowerShell/PSNative/PowerShellHelmDeploy.js" time="1139.9690" failures="1" skipped="8">
    <testcase name="POWERSHELL_HELMDEPLOY_STEP - PowerShell HelmDeploy Native Step Tests S_PS_HelmDeploy-0001 User can run HelmDeploy step successfully when using FileSpec that points to Artifactory Generic repository as an input resource (PowerShell)." time="0.0000" classname="S_PS_HelmDeploy-0001 User can run HelmDeploy step successfully when using FileSpec that points to Artifactory Generic repository as an input resource (PowerShell).">
      <skipped/>
    </testcase>
    <testcase name="POWERSHELL_HELMDEPLOY_STEP - PowerShell HelmDeploy Native Step Tests S_PS_HelmDeploy-0002 User can run HelmDeploy step successfully when using FileSpec that points to Artifactory Helm repository as an input resource (PowerShell)." time="0.0000" classname="S_PS_HelmDeploy-0002 User can run HelmDeploy step successfully when using FileSpec that points to Artifactory Helm repository as an input resource (PowerShell).">
      <skipped/>
    </testcase>
    <testcase name="POWERSHELL_HELMDEPLOY_STEP - PowerShell HelmDeploy Native Step Tests S_PS_HelmDeploy-0003 User will fail to run HelmDeploy step when using FileSpec that points to Artifactory Generic repository and chartPath configuration property doesn&apos;t include valid charts  (PowerShell)." time="0.0000" classname="S_PS_HelmDeploy-0003 User will fail to run HelmDeploy step when using FileSpec that points to Artifactory Generic repository and chartPath configuration property doesn&apos;t include valid charts  (PowerShell).">
      <skipped/>
    </testcase>
    <testcase name="POWERSHELL_HELMDEPLOY_STEP - PowerShell HelmDeploy Native Step Tests S_PS_HelmDeploy-0004 User will fail to run HelmDeploy step when  using FileSpec that points to Artifactory Helm repository and chartPath configuration property doesn&apos;t include valid charts (PowerShell)." time="410.7660" classname="S_PS_HelmDeploy-0004 User will fail to run HelmDeploy step when  using FileSpec that points to Artifactory Helm repository and chartPath configuration property doesn&apos;t include valid charts (PowerShell).">
      <failure message="Run error" type="Error"><![CDATA[Error: Run error
    at /var/opt/jfrog/pipelines/data/iTest/runs/521732/steps/ps_tests_3/4383712/setup_PreMatrix/tests/globalWrapper/triggerStepToGetRunStatus.js:121:25
    at /var/opt/jfrog/pipelines/data/iTest/runs/521732/steps/ps_tests_3/4383712/setup_PreMatrix/tests/node_modules/async/dist/async.js:2959:19
    at wrapper (node_modules/async/dist/async.js:272:20)
    at iterateeCallback (node_modules/async/dist/async.js:417:21)
    at /var/opt/jfrog/pipelines/data/iTest/runs/521732/steps/ps_tests_3/4383712/setup_PreMatrix/tests/node_modules/async/dist/async.js:325:20
    at /var/opt/jfrog/pipelines/data/iTest/runs/521732/steps/ps_tests_3/4383712/setup_PreMatrix/tests/node_modules/async/dist/async.js:2957:17
    at /var/opt/jfrog/pipelines/data/iTest/runs/521732/steps/ps_tests_3/4383712/setup_PreMatrix/tests/globalWrapper/triggerStepToGetRunStatus.js:184:18
    at /var/opt/jfrog/pipelines/data/iTest/runs/521732/steps/ps_tests_3/4383712/setup_PreMatrix/tests/globalWrapper/getRunStatusForQuery.js:68:22
    at /var/opt/jfrog/pipelines/data/iTest/runs/521732/steps/ps_tests_3/4383712/setup_PreMatrix/tests/_common/pipelines/Adapter.js:2573:9
    at /var/opt/jfrog/pipelines/data/iTest/runs/521732/steps/ps_tests_3/4383712/setup_PreMatrix/tests/node_modules/async/dist/async.js:2959:19
    at wrapper (node_modules/async/dist/async.js:272:20)
    at replenish (node_modules/async/dist/async.js:439:29)
    at iterateeCallback (node_modules/async/dist/async.js:428:21)
    at /var/opt/jfrog/pipelines/data/iTest/runs/521732/steps/ps_tests_3/4383712/setup_PreMatrix/tests/node_modules/async/dist/async.js:325:20
    at /var/opt/jfrog/pipelines/data/iTest/runs/521732/steps/ps_tests_3/4383712/setup_PreMatrix/tests/node_modules/async/dist/async.js:2957:17
    at Request._callback (_common/utils.js:126:9)
    at Request.self.callback (node_modules/request/request.js:188:22)
    at Request.<anonymous> (node_modules/request/request.js:1171:10)
    at IncomingMessage.<anonymous> (node_modules/request/request.js:1091:12)
    at endReadableNT (internal/streams/readable.js:1336:12)
    at processTicksAndRejections (internal/process/task_queues.js:82:21)]]></failure>
    </testcase>
    <testcase name="POWERSHELL_HELMDEPLOY_STEP - PowerShell HelmDeploy Native Step Tests S_PS_HelmDeploy-0005 User can run HelmDeploy step successfully when using BuildInfo that represents an Artifactory Generic repository as an input resource (PowerShell)." time="0.0000" classname="S_PS_HelmDeploy-0005 User can run HelmDeploy step successfully when using BuildInfo that represents an Artifactory Generic repository as an input resource (PowerShell).">
      <skipped/>
    </testcase>
    <testcase name="POWERSHELL_HELMDEPLOY_STEP - PowerShell HelmDeploy Native Step Tests S_PS_HelmDeploy-0006 User can run HelmDeploy step successfully when using BuildInfo that represents an Artifactory Helm repository as an input resource (PowerShell)." time="0.0000" classname="S_PS_HelmDeploy-0006 User can run HelmDeploy step successfully when using BuildInfo that represents an Artifactory Helm repository as an input resource (PowerShell).">
      <skipped/>
    </testcase>
    <testcase name="POWERSHELL_HELMDEPLOY_STEP - PowerShell HelmDeploy Native Step Tests S_PS_HelmDeploy-0007 User will fail to run HelmDeploy step when  using BuildInfo that represents an Artifactory Generic repository and chartPath configuration property doesn&apos;t include valid charts (PowerShell)" time="0.0000" classname="S_PS_HelmDeploy-0007 User will fail to run HelmDeploy step when  using BuildInfo that represents an Artifactory Generic repository and chartPath configuration property doesn&apos;t include valid charts (PowerShell)">
      <skipped/>
    </testcase>
    <testcase name="POWERSHELL_HELMDEPLOY_STEP - PowerShell HelmDeploy Native Step Tests S_PS_HelmDeploy-0008 User will fail to run HelmDeploy step when  using BuildInfo that represents an Artifactory Helm repository and chartPath configuration property doesn&apos;t include valid charts (PowerShell)." time="0.0000" classname="S_PS_HelmDeploy-0008 User will fail to run HelmDeploy step when  using BuildInfo that represents an Artifactory Helm repository and chartPath configuration property doesn&apos;t include valid charts (PowerShell).">
      <skipped/>
    </testcase>
    <testcase name="POWERSHELL_HELMDEPLOY_STEP - PowerShell HelmDeploy Native Step Tests S_PS_HelmDeploy-0009 User can run HelmDeploy step successfully when using ReleaseBundle that represents an Artifactory Generic repository as an input resource (PowerShell)." time="0.0000" classname="S_PS_HelmDeploy-0009 User can run HelmDeploy step successfully when using ReleaseBundle that represents an Artifactory Generic repository as an input resource (PowerShell).">
      <skipped/>
    </testcase>
    <testcase name="POWERSHELL_HELMDEPLOY_STEP - PowerShell HelmDeploy Native Step Tests S_PS_HelmDeploy-0010 User can run HelmDeploy step successfully when using ReleaseBundle that represents an Artifactory Helm repository as an input resource (PowerShell)." time="190.2840" classname="S_PS_HelmDeploy-0010 User can run HelmDeploy step successfully when using ReleaseBundle that represents an Artifactory Helm repository as an input resource (PowerShell).">
    </testcase>
    <testcase name="POWERSHELL_HELMDEPLOY_STEP - PowerShell HelmDeploy Native Step Tests S_PS_HelmDeploy-0011 User will fail to run HelmDeploy step when  using ReleaseBundle that represents an Artifactory Generic repository and chartPath configuration property doesn&apos;t include valid charts (PowerShell)" time="368.9060" classname="S_PS_HelmDeploy-0011 User will fail to run HelmDeploy step when  using ReleaseBundle that represents an Artifactory Generic repository and chartPath configuration property doesn&apos;t include valid charts (PowerShell)">
    </testcase>
    <testcase name="POWERSHELL_HELMDEPLOY_STEP - PowerShell HelmDeploy Native Step Tests S_PS_HelmDeploy-0012 User will fail to run HelmDeploy step when  using ReleaseBundle that represents an Artifactory Helm repository and chartPath configuration property doesn&apos;t include valid charts (PowerShell)." time="105.9040" classname="S_PS_HelmDeploy-0012 User will fail to run HelmDeploy step when  using ReleaseBundle that represents an Artifactory Helm repository and chartPath configuration property doesn&apos;t include valid charts (PowerShell).">
    </testcase>
    <testcase name="POWERSHELL_HELMDEPLOY_STEP - PowerShell HelmDeploy Native Step Tests S_PS_HelmDeploy-0013 User will fail to run HelmDeploy step when  using ReleaseBundle as an input resource but the Release Bundle doesn&apos;t exist in Distribution(PowerShell)." time="63.9170" classname="S_PS_HelmDeploy-0013 User will fail to run HelmDeploy step when  using ReleaseBundle as an input resource but the Release Bundle doesn&apos;t exist in Distribution(PowerShell).">
    </testcase>
  </testsuite>
</testsuites>