<?xml version="1.0" encoding="UTF-8"?>
<testsuites class="Mocha Tests" time="0.0240" tests="7" failures="0" skipped="7">
  <testsuite class="Root Suite" timestamp="2022-01-17T17:51:36" tests="0" time="0.0000" failures="0">
  </testsuite>
  <testsuite class="STEP_POWERSHELL_PEMKEY_INTEGRATION - PowerShall Step Tests For PemKey Integration" timestamp="2022-01-17T17:51:36" tests="7" file="/var/opt/jfrog/pipelines/data/iTest/runs/521732/steps/ps_tests_3/4383706/setup_PreMatrix/tests/core/steps/PowerShell/PSIntegration/PowerShellPemKeyIntegration.js" time="0.0090" failures="0" skipped="7">
    <testcase class="STEP_POWERSHELL_PEMKEY_INTEGRATION - PowerShall Step Tests For PemKey Integration 1. User can add PemKey project integration" time="0.0000" classclass="1. User can add PemKey project integration">
      <skipped/>
    </testcase>
    <testcase class="STEP_POWERSHELL_PEMKEY_INTEGRATION - PowerShall Step Tests For PemKey Integration S-PS-I-PEM-0001. If user adds a pipeline sources with the PowerShell step, where  PEM Key integration is mentioned in the integration section, then pipeline sync should success" time="0.0000" classclass="S-PS-I-PEM-0001. If user adds a pipeline sources with the PowerShell step, where  PEM Key integration is mentioned in the integration section, then pipeline sync should success">
      <skipped/>
    </testcase>
    <testcase class="STEP_POWERSHELL_PEMKEY_INTEGRATION - PowerShall Step Tests For PemKey Integration S-PS-I-PEM-0002. User verifies that all the PEM Key integration environment variables are available in execution sections of the PowerShell step" time="0.0000" classclass="S-PS-I-PEM-0002. User verifies that all the PEM Key integration environment variables are available in execution sections of the PowerShell step">
      <skipped/>
    </testcase>
    <testcase class="STEP_POWERSHELL_PEMKEY_INTEGRATION - PowerShall Step Tests For PemKey Integration 2. User should be able to add new pipelineSources" time="0.0000" classclass="2. User should be able to add new pipelineSources">
      <skipped/>
    </testcase>
    <testcase class="STEP_POWERSHELL_PEMKEY_INTEGRATION - PowerShall Step Tests For PemKey Integration S-PS-I-PEM-0003. Users should not be able to delete PEM Key integration if it is dependent on any PowerShell steps" time="0.0000" classclass="S-PS-I-PEM-0003. Users should not be able to delete PEM Key integration if it is dependent on any PowerShell steps">
      <skipped/>
    </testcase>
    <testcase class="STEP_POWERSHELL_PEMKEY_INTEGRATION - PowerShall Step Tests For PemKey Integration 3. User can delete pipelineSource by Id" time="0.0000" classclass="3. User can delete pipelineSource by Id">
      <skipped/>
    </testcase>
    <testcase class="STEP_POWERSHELL_PEMKEY_INTEGRATION - PowerShall Step Tests For PemKey Integration 4. User can delete PEM Key project integrations by Id" time="0.0000" classclass="4. User can delete PEM Key project integrations by Id">
      <skipped/>
    </testcase>
  </testsuite>
</testsuites>