<?xml version="1.0" encoding="UTF-8"?>
<testsuites class="Mocha Tests" time="574.0720" tests="5" failures="0" skipped="1">
  <testsuite class="Root Suite" timestamp="2022-01-17T17:51:36" tests="0" time="0.0000" failures="0">
  </testsuite>
  <testsuite class="POWERSHELL_STEP_UTILITYFUNCTIONS - Powershell Step Tests For Utility Function" timestamp="2022-01-17T17:51:36" tests="5" file="/var/opt/jfrog/pipelines/data/iTest/runs/521732/steps/ps_tests_3/4383710/setup_PreMatrix/tests/core/steps/PowerShell/PSUtilityfunctions/PSUtilityFunctions1.js" time="574.0660" failures="0" skipped="1">
    <testcase class="POWERSHELL_STEP_UTILITYFUNCTIONS - Powershell Step Tests For Utility Function S-PS-UTIL-0006. Verify bump_semver utility function added in thePowerShell step with rc action and user sees that step is success and adds rc or increments the counter" time="88.8540" classclass="S-PS-UTIL-0006. Verify bump_semver utility function added in thePowerShell step with rc action and user sees that step is success and adds rc or increments the counter">
    </testcase>
    <testcase class="POWERSHELL_STEP_UTILITYFUNCTIONS - Powershell Step Tests For Utility Function S-PS-UTIL-0007. Verify bump_semver utility function added in the PowerShell step with final action and user sees that step is success and removes any prerelease prefix without changing major/minor/patch" time="402.0030" classclass="S-PS-UTIL-0007. Verify bump_semver utility function added in the PowerShell step with final action and user sees that step is success and removes any prerelease prefix without changing major/minor/patch">
    </testcase>
    <testcase class="POWERSHELL_STEP_UTILITYFUNCTIONS - Powershell Step Tests For Utility Function S-PS-UTIL-0008. Verify compare_git utility function added in the PowerShell step and user sees that step is success" time="44.1050" classclass="S-PS-UTIL-0008. Verify compare_git utility function added in the PowerShell step and user sees that step is success">
    </testcase>
    <testcase class="POWERSHELL_STEP_UTILITYFUNCTIONS - Powershell Step Tests For Utility Function S-PS-UTIL-0009. Verify update_commit_status utility function added in the PowerShell step and user sees that step is success " time="0.0000" classclass="S-PS-UTIL-0009. Verify update_commit_status utility function added in the PowerShell step and user sees that step is success ">
      <skipped/>
    </testcase>
    <testcase class="POWERSHELL_STEP_UTILITYFUNCTIONS - Powershell Step Tests For Utility Function S-PS-UTIL-0014. Verify execute_command utility function added in the PowerShell step and user sees that step is success " time="38.9700" classclass="S-PS-UTIL-0014. Verify execute_command utility function added in the PowerShell step and user sees that step is success ">
    </testcase>
  </testsuite>
</testsuites>