<?xml version="1.0" encoding="UTF-8"?>
<testsuites name="Mocha Tests" time="167.3160" tests="4" failures="0" skipped="2">
  <testsuite name="Root Suite" timestamp="2022-01-17T17:51:35" tests="0" time="0.0000" failures="0">
  </testsuite>
  <testsuite name="POWERSHELL_STEP_UTILITYFUNCTIONS - Powershell Step Tests For Utility Function" timestamp="2022-01-17T17:51:35" tests="4" file="/var/opt/jfrog/pipelines/data/iTest/runs/521732/steps/ps_tests_3/4383716/setup_PreMatrix/tests/core/steps/PowerShell/PSUtilityfunctions/PSUtilityFunctions3.js" time="167.2910" failures="0" skipped="2">
    <testcase name="POWERSHELL_STEP_UTILITYFUNCTIONS - Powershell Step Tests For Utility Function S-PS-UTIL-0060. User adds a variable using add_run_variables utility function in the powerShell step for one key-value pair and the value should be of type string with spaces included. Then verifies that the format of the string should be the same in the onExecute section." time="62.1560" classname="S-PS-UTIL-0060. User adds a variable using add_run_variables utility function in the powerShell step for one key-value pair and the value should be of type string with spaces included. Then verifies that the format of the string should be the same in the onExecute section.">
    </testcase>
    <testcase name="POWERSHELL_STEP_UTILITYFUNCTIONS - Powershell Step Tests For Utility Function S-PS-UTIL-0062. User adds a variable using add_pipeline_variables utility function in the powerShell step for one key-value pair where the value is of string with spaces and if the variable is exported in Bash step . Then verifies that the format of the string should be the same in the onExecute section" time="104.8930" classname="S-PS-UTIL-0062. User adds a variable using add_pipeline_variables utility function in the powerShell step for one key-value pair where the value is of string with spaces and if the variable is exported in Bash step . Then verifies that the format of the string should be the same in the onExecute section">
    </testcase>
    <testcase name="POWERSHELL_STEP_UTILITYFUNCTIONS - Powershell Step Tests For Utility Function S-PS-UTIL-0063. User adds a variable using add_run_variables utility function in the powerShell step for one key-value pair where the value is of string with spaces and if the variable is exported in Bash step . Then verifies that the format of the string should be the same in the onExecute section" time="0.0000" classname="S-PS-UTIL-0063. User adds a variable using add_run_variables utility function in the powerShell step for one key-value pair where the value is of string with spaces and if the variable is exported in Bash step . Then verifies that the format of the string should be the same in the onExecute section">
      <skipped/>
    </testcase>
    <testcase name="POWERSHELL_STEP_UTILITYFUNCTIONS - Powershell Step Tests For Utility Function S-PS-UTIL-0064. User adds a variable using add_run_files utility function in the powerShell step and if the file is exported in bash step. Then verify if the file is in the same format." time="0.0000" classname="S-PS-UTIL-0064. User adds a variable using add_run_files utility function in the powerShell step and if the file is exported in bash step. Then verify if the file is in the same format.">
      <skipped/>
    </testcase>
  </testsuite>
</testsuites>