<?xml version="1.0" encoding="UTF-8"?>
<testsuites name="Mocha Tests" time="1112.5110" tests="15" failures="0" skipped="5">
  <testsuite name="Root Suite" timestamp="2022-01-17T17:51:35" tests="0" time="0.0000" failures="0">
  </testsuite>
  <testsuite name="POWERSHELL_HELMBLUEGREENDEPLOY_STEP - PowerShell HelmBlueGreenDeploy Step Tests" timestamp="2022-01-17T17:51:35" tests="15" file="/var/opt/jfrog/pipelines/data/iTest/runs/521732/steps/ps_tests_3/4383715/setup_PreMatrix/tests/core/steps/PowerShell/PSNative/PowerShellHelmBlueGreenDeploy.js" time="1112.5030" failures="0" skipped="5">
    <testcase name="POWERSHELL_HELMBLUEGREENDEPLOY_STEP - PowerShell HelmBlueGreenDeploy Step Tests S-PS-HBGDeploy-5978-0001 User deploys chart using HelmBlueGreenDeploy step using HelmChart input resource on a PS node." time="0.0000" classname="S-PS-HBGDeploy-5978-0001 User deploys chart using HelmBlueGreenDeploy step using HelmChart input resource on a PS node.">
      <skipped/>
    </testcase>
    <testcase name="POWERSHELL_HELMBLUEGREENDEPLOY_STEP - PowerShell HelmBlueGreenDeploy Step Tests S-PS-HBGDeploy-5978-0002 User deploys chart using HelmBlueGreenDeploy step using GitRepo input resource on a PS node." time="115.3030" classname="S-PS-HBGDeploy-5978-0002 User deploys chart using HelmBlueGreenDeploy step using GitRepo input resource on a PS node.">
    </testcase>
    <testcase name="POWERSHELL_HELMBLUEGREENDEPLOY_STEP - PowerShell HelmBlueGreenDeploy Step Tests S-PS-HBGDeploy-5978-0003 User deploys chart using HelmBlueGreenDeploy step using FileSpec input resource on a PS node." time="0.0000" classname="S-PS-HBGDeploy-5978-0003 User deploys chart using HelmBlueGreenDeploy step using FileSpec input resource on a PS node.">
      <skipped/>
    </testcase>
    <testcase name="POWERSHELL_HELMBLUEGREENDEPLOY_STEP - PowerShell HelmBlueGreenDeploy Step Tests S-PS-HBGDeploy-5978-0004 User deploys chart using HelmBlueGreenDeploy step using BuildInfo input resource on a PS node." time="0.0000" classname="S-PS-HBGDeploy-5978-0004 User deploys chart using HelmBlueGreenDeploy step using BuildInfo input resource on a PS node.">
      <skipped/>
    </testcase>
    <testcase name="POWERSHELL_HELMBLUEGREENDEPLOY_STEP - PowerShell HelmBlueGreenDeploy Step Tests S-PS-HBGDeploy-5978-0005 user deploys chart using HelmBlueGreenDeploy step using ReleaseBundle input resource on a PS node." time="0.0000" classname="S-PS-HBGDeploy-5978-0005 user deploys chart using HelmBlueGreenDeploy step using ReleaseBundle input resource on a PS node.">
      <skipped/>
    </testcase>
    <testcase name="POWERSHELL_HELMBLUEGREENDEPLOY_STEP - PowerShell HelmBlueGreenDeploy Step Tests S-PS-HBGDeploy-5978-0006 Update chart using HelmBlueGreenDeploy step on Bash based node." time="144.4940" classname="S-PS-HBGDeploy-5978-0006 Update chart using HelmBlueGreenDeploy step on Bash based node.">
    </testcase>
    <testcase name="POWERSHELL_HELMBLUEGREENDEPLOY_STEP - PowerShell HelmBlueGreenDeploy Step Tests S-PS-HBGDeploy-5978-0007 user deploys chart using HelmBlueGreenDeploy step for a release previously made live on PS node." time="0.0000" classname="S-PS-HBGDeploy-5978-0007 user deploys chart using HelmBlueGreenDeploy step for a release previously made live on PS node.">
      <skipped/>
    </testcase>
    <testcase name="POWERSHELL_HELMBLUEGREENDEPLOY_STEP - PowerShell HelmBlueGreenDeploy Step Tests S-PS-HBGDeploy-5978-0008 user deploys chart using HelmBlueGreenDeploy step with custom flags on a PS node." time="88.0000" classname="S-PS-HBGDeploy-5978-0008 user deploys chart using HelmBlueGreenDeploy step with custom flags on a PS node.">
    </testcase>
    <testcase name="POWERSHELL_HELMBLUEGREENDEPLOY_STEP - PowerShell HelmBlueGreenDeploy Step Tests S-PS-HBGDeploy-5978-0009 user deploys chart using HelmBlueGreenDeploy step with value file path on a PS node." time="94.2140" classname="S-PS-HBGDeploy-5978-0009 user deploys chart using HelmBlueGreenDeploy step with value file path on a PS node.">
    </testcase>
    <testcase name="POWERSHELL_HELMBLUEGREENDEPLOY_STEP - PowerShell HelmBlueGreenDeploy Step Tests S-PS-HBGDeploy-5978-0012 user deploys chart using HelmBlueGreenDeploy step with lint flag enabled on Bash based node. Verify if the chart is linted" time="75.6960" classname="S-PS-HBGDeploy-5978-0012 user deploys chart using HelmBlueGreenDeploy step with lint flag enabled on Bash based node. Verify if the chart is linted">
    </testcase>
    <testcase name="POWERSHELL_HELMBLUEGREENDEPLOY_STEP - PowerShell HelmBlueGreenDeploy Step Tests S-PS-HBGDeploy-5978-0013 user deploys chart using HelmBlueGreenDeploy step with lint lint flags enabled on PS node. Verify if the chart is linted" time="69.3400" classname="S-PS-HBGDeploy-5978-0013 user deploys chart using HelmBlueGreenDeploy step with lint lint flags enabled on PS node. Verify if the chart is linted">
    </testcase>
    <testcase name="POWERSHELL_HELMBLUEGREENDEPLOY_STEP - PowerShell HelmBlueGreenDeploy Step Tests S-PS-HBGDeploy-5978-0014 user deploys chart using HelmBlueGreenDeploy step with test flag enabled on PS node. Verify if the chart is tested" time="135.6670" classname="S-PS-HBGDeploy-5978-0014 user deploys chart using HelmBlueGreenDeploy step with test flag enabled on PS node. Verify if the chart is tested">
    </testcase>
    <testcase name="POWERSHELL_HELMBLUEGREENDEPLOY_STEP - PowerShell HelmBlueGreenDeploy Step Tests S-PS-HBGDeploy-5978-0015 user deploys chart using HelmBlueGreenDeploy step with test lint flags enabled on PS node. Verify if the chart is lint and tested" time="238.5520" classname="S-PS-HBGDeploy-5978-0015 user deploys chart using HelmBlueGreenDeploy step with test lint flags enabled on PS node. Verify if the chart is lint and tested">
    </testcase>
    <testcase name="POWERSHELL_HELMBLUEGREENDEPLOY_STEP - PowerShell HelmBlueGreenDeploy Step Tests S-PS-HBGDeploy-5978-0016 user deploys chart using HelmBlueGreenDeploy step with custom idle service properties on a PS node." time="63.5910" classname="S-PS-HBGDeploy-5978-0016 user deploys chart using HelmBlueGreenDeploy step with custom idle service properties on a PS node.">
    </testcase>
    <testcase name="POWERSHELL_HELMBLUEGREENDEPLOY_STEP - PowerShell HelmBlueGreenDeploy Step Tests S-PS-HBGDeploy-5978-0017 user deploys chart using HelmBlueGreenDeploy step with dryRun enabled on a PS node." time="87.4050" classname="S-PS-HBGDeploy-5978-0017 user deploys chart using HelmBlueGreenDeploy step with dryRun enabled on a PS node.">
    </testcase>
  </testsuite>
</testsuites>