<?xml version="1.0" encoding="UTF-8"?>
<testsuites class="Mocha Tests" time="0.0330" tests="7" failures="0" skipped="7">
  <testsuite class="Root Suite" timestamp="2022-01-17T17:51:35" tests="0" time="0.0000" failures="0">
  </testsuite>
  <testsuite class="STEP_POWERSHELL_SMTP_INTEGRATION - PowerShell Step Tests For SMTP Integration" timestamp="2022-01-17T17:51:35" tests="7" file="/var/opt/jfrog/pipelines/data/iTest/runs/521732/steps/ps_tests_3/4383705/setup_PreMatrix/tests/core/steps/PowerShell/PSIntegration/PowerShellSMTPIntegration.js" time="0.0100" failures="0" skipped="7">
    <testcase class="STEP_POWERSHELL_SMTP_INTEGRATION - PowerShell Step Tests For SMTP Integration 1. User can add SMTP project Integration" time="0.0000" classclass="1. User can add SMTP project Integration">
      <skipped/>
    </testcase>
    <testcase class="STEP_POWERSHELL_SMTP_INTEGRATION - PowerShell Step Tests For SMTP Integration S-PS-I-SMTP-0001. If user adds a pipeline sources with the PowerShell step, where  SMTP Credentials integration is mentioned in the integration section, then pipeline sync should success" time="0.0000" classclass="S-PS-I-SMTP-0001. If user adds a pipeline sources with the PowerShell step, where  SMTP Credentials integration is mentioned in the integration section, then pipeline sync should success">
      <skipped/>
    </testcase>
    <testcase class="STEP_POWERSHELL_SMTP_INTEGRATION - PowerShell Step Tests For SMTP Integration S-PS-I-SMTP-0002. User verifies that all the SMTP Credentials integration environment variables are available in execution sections of the PowerShell step." time="0.0000" classclass="S-PS-I-SMTP-0002. User verifies that all the SMTP Credentials integration environment variables are available in execution sections of the PowerShell step.">
      <skipped/>
    </testcase>
    <testcase class="STEP_POWERSHELL_SMTP_INTEGRATION - PowerShell Step Tests For SMTP Integration 2. User should be able to add new pipelineSources" time="0.0000" classclass="2. User should be able to add new pipelineSources">
      <skipped/>
    </testcase>
    <testcase class="STEP_POWERSHELL_SMTP_INTEGRATION - PowerShell Step Tests For SMTP Integration S-PS-I-SMTP-0003. Users should not be able to delete SMTP Credentials integration if it is dependent on any steps." time="0.0000" classclass="S-PS-I-SMTP-0003. Users should not be able to delete SMTP Credentials integration if it is dependent on any steps.">
      <skipped/>
    </testcase>
    <testcase class="STEP_POWERSHELL_SMTP_INTEGRATION - PowerShell Step Tests For SMTP Integration 3. User can delete pipelineSource by Id" time="0.0000" classclass="3. User can delete pipelineSource by Id">
      <skipped/>
    </testcase>
    <testcase class="STEP_POWERSHELL_SMTP_INTEGRATION - PowerShell Step Tests For SMTP Integration 4. User can delete SMTP project integrations by Id" time="0.0000" classclass="4. User can delete SMTP project integrations by Id">
      <skipped/>
    </testcase>
  </testsuite>
</testsuites>