<?xml version="1.0" encoding="UTF-8"?>
<testsuites class="Mocha Tests" time="962.7260" tests="12" failures="0" skipped="4">
  <testsuite class="Root Suite" timestamp="2022-01-17T17:51:36" tests="0" time="0.0000" failures="0">
  </testsuite>
  <testsuite class="POWERSHELL_PUBLISHBUILDINFO_STEP - PowerShell PublishBuildInfo Step Tests" timestamp="2022-01-17T17:51:36" tests="12" file="/var/opt/jfrog/pipelines/data/iTest/runs/521732/steps/ps_tests_3/4383701/setup_PreMatrix/tests/core/steps/PowerShell/PSNative/PublishBuildInfo.js" time="962.7200" failures="0" skipped="4">
    <testcase class="POWERSHELL_PUBLISHBUILDINFO_STEP - PowerShell PublishBuildInfo Step Tests S_PS_PublishBuildInfo_0001. A user runs a native step that publishes BuildInfo in the default project on Windows and the build info is under the default project in Artifactory." time="146.9640" classclass="S_PS_PublishBuildInfo_0001. A user runs a native step that publishes BuildInfo in the default project on Windows and the build info is under the default project in Artifactory.">
    </testcase>
    <testcase class="POWERSHELL_PUBLISHBUILDINFO_STEP - PowerShell PublishBuildInfo Step Tests S_PS_PublishBuildInfo_0002. A user runs a native step that publishes BuildInfo in a non-default project on Windows and the build info is under the correct project in Artifactory." time="0.0010" classclass="S_PS_PublishBuildInfo_0002. A user runs a native step that publishes BuildInfo in a non-default project on Windows and the build info is under the correct project in Artifactory.">
      <skipped/>
    </testcase>
    <testcase class="POWERSHELL_PUBLISHBUILDINFO_STEP - PowerShell PublishBuildInfo Step Tests S_PS_PublishBuildInfo_0003. A user adds a PublishBuildInfo step with an output BuildInfo resource and triggers the step.  The step updates the output resource." time="136.8040" classclass="S_PS_PublishBuildInfo_0003. A user adds a PublishBuildInfo step with an output BuildInfo resource and triggers the step.  The step updates the output resource.">
    </testcase>
    <testcase class="POWERSHELL_PUBLISHBUILDINFO_STEP - PowerShell PublishBuildInfo Step Tests S_PS_PublishBuildInfo_0004. A user adds a PublishBuildInfo step with build step name and number variables and runs it. The step succeeds." time="113.0530" classclass="S_PS_PublishBuildInfo_0004. A user adds a PublishBuildInfo step with build step name and number variables and runs it. The step succeeds.">
    </testcase>
    <testcase class="POWERSHELL_PUBLISHBUILDINFO_STEP - PowerShell PublishBuildInfo Step Tests S_PS_PublishBuildInfo_0005. A user adds a PublishBuildInfo step overriding the buildName and buildNumber variables.  The step publishes the correct build info." time="105.7180" classclass="S_PS_PublishBuildInfo_0005. A user adds a PublishBuildInfo step overriding the buildName and buildNumber variables.  The step publishes the correct build info.">
    </testcase>
    <testcase class="POWERSHELL_PUBLISHBUILDINFO_STEP - PowerShell PublishBuildInfo Step Tests S_PS_PublishBuildInfo_0006. A user adds a PublishBuildInfo step with envInclude and triggers the step.  The build info includes those variables." time="148.3830" classclass="S_PS_PublishBuildInfo_0006. A user adds a PublishBuildInfo step with envInclude and triggers the step.  The build info includes those variables.">
    </testcase>
    <testcase class="POWERSHELL_PUBLISHBUILDINFO_STEP - PowerShell PublishBuildInfo Step Tests S_PS_PublishBuildInfo_0007. A user adds a PublishBuildInfo step with envExclude and triggers the step.  The build info does not contain those variables or the variables excluded by default." time="99.3910" classclass="S_PS_PublishBuildInfo_0007. A user adds a PublishBuildInfo step with envExclude and triggers the step.  The build info does not contain those variables or the variables excluded by default.">
    </testcase>
    <testcase class="POWERSHELL_PUBLISHBUILDINFO_STEP - PowerShell PublishBuildInfo Step Tests S_PS_PublishBuildInfo_0008. A user adds a PublishBuildInfo step without envInclude or envExclude and triggers the step.  The build info does not contain the variables excluded by default." time="118.3270" classclass="S_PS_PublishBuildInfo_0008. A user adds a PublishBuildInfo step without envInclude or envExclude and triggers the step.  The build info does not contain the variables excluded by default.">
    </testcase>
    <testcase class="POWERSHELL_PUBLISHBUILDINFO_STEP - PowerShell PublishBuildInfo Step Tests S_PS_PublishBuildInfo_6191_001 User runs a PublishBuildInfo step with an output BuildInfo resource and a stepArtifact is uploaded containing the correct buildName and buildNumber." time="93.8040" classclass="S_PS_PublishBuildInfo_6191_001 User runs a PublishBuildInfo step with an output BuildInfo resource and a stepArtifact is uploaded containing the correct buildName and buildNumber.">
    </testcase>
    <testcase class="POWERSHELL_PUBLISHBUILDINFO_STEP - PowerShell PublishBuildInfo Step Tests S-PS-PublishBuildInfo-6679-001 User runs a PublishBuildInfo step with an xray scan and scan results are available in the steps api." time="0.0000" classclass="S-PS-PublishBuildInfo-6679-001 User runs a PublishBuildInfo step with an xray scan and scan results are available in the steps api.">
      <skipped/>
    </testcase>
    <testcase class="POWERSHELL_PUBLISHBUILDINFO_STEP - PowerShell PublishBuildInfo Step Tests S-PS-PublishBuildInfo-6679-002 User runs a NpmPublish step without an xray scan and scan results are not available in the steps api." time="0.0000" classclass="S-PS-PublishBuildInfo-6679-002 User runs a NpmPublish step without an xray scan and scan results are not available in the steps api.">
      <skipped/>
    </testcase>
    <testcase class="POWERSHELL_PUBLISHBUILDINFO_STEP - PowerShell PublishBuildInfo Step Tests S-PS-PublishBuildInfo-7122-001 User runs a PublishBuildInfo step with a failing xray scan and scan results are available in the steps api." time="0.0000" classclass="S-PS-PublishBuildInfo-7122-001 User runs a PublishBuildInfo step with a failing xray scan and scan results are available in the steps api.">
      <skipped/>
    </testcase>
  </testsuite>
</testsuites>