<?xml version="1.0" encoding="UTF-8"?>
<testsuites class="Mocha Tests" time="131.8800" tests="3" failures="0" skipped="1">
  <testsuite class="Root Suite" timestamp="2022-01-17T17:51:44" tests="0" time="0.0000" failures="0">
  </testsuite>
  <testsuite class="POWERSHELL_LANGUAGE_IMAGE - PowerShell NodeJs Language Image test cases" timestamp="2022-01-17T17:51:44" tests="3" file="/var/opt/jfrog/pipelines/data/iTest/runs/521732/steps/ps_tests_2/4383667/setup_PreMatrix/tests/core/steps/PowerShell/PSLanguages/NodejsLanguageImages.js" time="131.8740" failures="0" skipped="1">
    <testcase class="POWERSHELL_LANGUAGE_IMAGE - PowerShell NodeJs Language Image test cases S-PS-Language-0004. User verifies if type is set to image/auto, language set “NodeJs” and version set to “12” then PowerShell step should run on that particular specific NodeJs version for windows node." time="86.9530" classclass="S-PS-Language-0004. User verifies if type is set to image/auto, language set “NodeJs” and version set to “12” then PowerShell step should run on that particular specific NodeJs version for windows node.">
    </testcase>
    <testcase class="POWERSHELL_LANGUAGE_IMAGE - PowerShell NodeJs Language Image test cases S-PS-Language-0005. User verifies if type is set to image/auto, language set “NodeJs” and version set to “14” then PowerShell step should run on that particular specific NodeJs version for windows node." time="44.7360" classclass="S-PS-Language-0005. User verifies if type is set to image/auto, language set “NodeJs” and version set to “14” then PowerShell step should run on that particular specific NodeJs version for windows node.">
    </testcase>
    <testcase class="POWERSHELL_LANGUAGE_IMAGE - PowerShell NodeJs Language Image test cases S-PS-Language-0006. User verifies if type is set to image/auto, language set “NodeJs” and version set to “16” then PowerShell step should run on that particular specific NodeJs version for windows node." time="0.0000" classclass="S-PS-Language-0006. User verifies if type is set to image/auto, language set “NodeJs” and version set to “16” then PowerShell step should run on that particular specific NodeJs version for windows node.">
      <skipped/>
    </testcase>
  </testsuite>
</testsuites>