<?xml version="1.0" encoding="UTF-8"?>
<testsuites name="Mocha Tests" time="0.0220" tests="9" failures="0" skipped="9">
  <testsuite name="Root Suite" timestamp="2022-01-17T17:51:44" tests="0" time="0.0000" failures="0">
  </testsuite>
  <testsuite name="STEP_POWERSHELL_OUTGOING_WEBHOOK_INTEGRATION - PowerShell Step Tests For Outgoing Webhook Integration" timestamp="2022-01-17T17:51:44" tests="9" file="/var/opt/jfrog/pipelines/data/iTest/runs/521732/steps/ps_tests_2/4383654/setup_PreMatrix/tests/core/steps/PowerShell/PSIntegration/PowerShellOutgoingWebhookIntegration.js" time="0.0070" failures="0" skipped="9">
    <testcase name="STEP_POWERSHELL_OUTGOING_WEBHOOK_INTEGRATION - PowerShell Step Tests For Outgoing Webhook Integration 1. User can add OutgoingWebhook project Integration for username and password credentials" time="0.0000" classname="1. User can add OutgoingWebhook project Integration for username and password credentials">
      <skipped/>
    </testcase>
    <testcase name="STEP_POWERSHELL_OUTGOING_WEBHOOK_INTEGRATION - PowerShell Step Tests For Outgoing Webhook Integration 2. User can add OutgoingWebhook project Integration for authorization credentials" time="0.0000" classname="2. User can add OutgoingWebhook project Integration for authorization credentials">
      <skipped/>
    </testcase>
    <testcase name="STEP_POWERSHELL_OUTGOING_WEBHOOK_INTEGRATION - PowerShell Step Tests For Outgoing Webhook Integration 3. User can add OutgoingWebhook project Integration for authorization credentials" time="0.0000" classname="3. User can add OutgoingWebhook project Integration for authorization credentials">
      <skipped/>
    </testcase>
    <testcase name="STEP_POWERSHELL_OUTGOING_WEBHOOK_INTEGRATION - PowerShell Step Tests For Outgoing Webhook Integration S-PS-I-OutWeb-0001. If user adds a pipeline sources with the PowerShell step, where  Outgoing Webhook integration is mentioned in the integration section, then pipeline sync should success" time="0.0000" classname="S-PS-I-OutWeb-0001. If user adds a pipeline sources with the PowerShell step, where  Outgoing Webhook integration is mentioned in the integration section, then pipeline sync should success">
      <skipped/>
    </testcase>
    <testcase name="STEP_POWERSHELL_OUTGOING_WEBHOOK_INTEGRATION - PowerShell Step Tests For Outgoing Webhook Integration S-PS-I-OutWeb-0002. User verifies that all the Outgoing Webhook integration environment variables are available in execution sections of the PowerShell step." time="0.0000" classname="S-PS-I-OutWeb-0002. User verifies that all the Outgoing Webhook integration environment variables are available in execution sections of the PowerShell step.">
      <skipped/>
    </testcase>
    <testcase name="STEP_POWERSHELL_OUTGOING_WEBHOOK_INTEGRATION - PowerShell Step Tests For Outgoing Webhook Integration 4. User should be able to add new pipelineSources" time="0.0000" classname="4. User should be able to add new pipelineSources">
      <skipped/>
    </testcase>
    <testcase name="STEP_POWERSHELL_OUTGOING_WEBHOOK_INTEGRATION - PowerShell Step Tests For Outgoing Webhook Integration  S-PS-I-OutWeb-0003. Users should not be able to delete outgoing webhook integration if it is dependent on the steps.." time="0.0000" classname=" S-PS-I-OutWeb-0003. Users should not be able to delete outgoing webhook integration if it is dependent on the steps..">
      <skipped/>
    </testcase>
    <testcase name="STEP_POWERSHELL_OUTGOING_WEBHOOK_INTEGRATION - PowerShell Step Tests For Outgoing Webhook Integration 5. User can delete pipelineSource by Id" time="0.0000" classname="5. User can delete pipelineSource by Id">
      <skipped/>
    </testcase>
    <testcase name="STEP_POWERSHELL_OUTGOING_WEBHOOK_INTEGRATION - PowerShell Step Tests For Outgoing Webhook Integration 6. User can delete outgoing webhook project integrations by Id" time="0.0000" classname="6. User can delete outgoing webhook project integrations by Id">
      <skipped/>
    </testcase>
  </testsuite>
</testsuites>