<?xml version="1.0" encoding="UTF-8"?>
<testsuites class="Mocha Tests" time="0.0700" tests="7" failures="0" skipped="7">
  <testsuite class="Root Suite" timestamp="2022-01-17T17:51:43" tests="0" time="0.0000" failures="0">
  </testsuite>
  <testsuite class="STEP_POWERSHELL_KUBERNETES_INTEGRATION - PowerShall Step Tests For Kubernetes Integration" timestamp="2022-01-17T17:51:43" tests="7" file="/var/opt/jfrog/pipelines/data/iTest/runs/521732/steps/ps_tests_2/4383660/setup_PreMatrix/tests/core/steps/PowerShell/PSIntegration/PowerShellKubernetesIntegration.js" time="0.0140" failures="0" skipped="7">
    <testcase class="STEP_POWERSHELL_KUBERNETES_INTEGRATION - PowerShall Step Tests For Kubernetes Integration 1. User can add Kubernetes project Integration" time="0.0000" classclass="1. User can add Kubernetes project Integration">
      <skipped/>
    </testcase>
    <testcase class="STEP_POWERSHELL_KUBERNETES_INTEGRATION - PowerShall Step Tests For Kubernetes Integration S-PS-I-kube-0001. If the user adds a pipeline sources with the PowerShell step, where  Kubernetes integration is mentioned in the integration section, then pipeline sync should success" time="0.0000" classclass="S-PS-I-kube-0001. If the user adds a pipeline sources with the PowerShell step, where  Kubernetes integration is mentioned in the integration section, then pipeline sync should success">
      <skipped/>
    </testcase>
    <testcase class="STEP_POWERSHELL_KUBERNETES_INTEGRATION - PowerShall Step Tests For Kubernetes Integration S-PS-I-kube-0002. User verifies that all the Kubernetes integration environment variables are available in execution sections of the PowerShell step." time="0.0000" classclass="S-PS-I-kube-0002. User verifies that all the Kubernetes integration environment variables are available in execution sections of the PowerShell step.">
      <skipped/>
    </testcase>
    <testcase class="STEP_POWERSHELL_KUBERNETES_INTEGRATION - PowerShall Step Tests For Kubernetes Integration 2. User should be able to add new pipelineSources" time="0.0000" classclass="2. User should be able to add new pipelineSources">
      <skipped/>
    </testcase>
    <testcase class="STEP_POWERSHELL_KUBERNETES_INTEGRATION - PowerShall Step Tests For Kubernetes Integration S-PS-I-kube-0003. Users should not able to delete Kubernetes integration if it is dependent on any steps" time="0.0000" classclass="S-PS-I-kube-0003. Users should not able to delete Kubernetes integration if it is dependent on any steps">
      <skipped/>
    </testcase>
    <testcase class="STEP_POWERSHELL_KUBERNETES_INTEGRATION - PowerShall Step Tests For Kubernetes Integration 3. User can delete pipelineSource by Id" time="0.0000" classclass="3. User can delete pipelineSource by Id">
      <skipped/>
    </testcase>
    <testcase class="STEP_POWERSHELL_KUBERNETES_INTEGRATION - PowerShall Step Tests For Kubernetes Integration 4. User can delete kubernetes project integration by Id" time="0.0000" classclass="4. User can delete kubernetes project integration by Id">
      <skipped/>
    </testcase>
  </testsuite>
</testsuites>