<?xml version="1.0" encoding="UTF-8"?>
<testsuites class="Mocha Tests" time="995.4640" tests="4" failures="0">
  <testsuite class="Root Suite" timestamp="2022-01-17T17:51:44" tests="0" time="0.0000" failures="0">
  </testsuite>
  <testsuite class="POWERSHELL_LANGUAGE_IMAGE - PowerShell JAVA Language Image test cases" timestamp="2022-01-17T17:51:44" tests="4" file="/var/opt/jfrog/pipelines/data/iTest/runs/521732/steps/ps_tests_2/4383675/setup_PreMatrix/tests/core/steps/PowerShell/PSLanguages/JavaLanguageImages.js" time="995.4430" failures="0">
    <testcase class="POWERSHELL_LANGUAGE_IMAGE - PowerShell JAVA Language Image test cases S-PS-Language-0001. User verifies if type is set to image/auto,language set “java” and version set to “8” then PowerShell step should run on that particular specific java version for windows node." time="99.7430" classclass="S-PS-Language-0001. User verifies if type is set to image/auto,language set “java” and version set to “8” then PowerShell step should run on that particular specific java version for windows node.">
    </testcase>
    <testcase class="POWERSHELL_LANGUAGE_IMAGE - PowerShell JAVA Language Image test cases S-PS-Language-0002. User verifies if type is set to image/auto,language set “java” and version set to “11” then PowerShell step should run on that particular specific java version for windows node." time="66.9630" classclass="S-PS-Language-0002. User verifies if type is set to image/auto,language set “java” and version set to “11” then PowerShell step should run on that particular specific java version for windows node.">
    </testcase>
    <testcase class="POWERSHELL_LANGUAGE_IMAGE - PowerShell JAVA Language Image test cases S-PS-Language-0003. User verifies if type is set to image/auto,language set “java” and version set to “13” then PowerShell step should run on that particular specific java version for windows node." time="416.8580" classclass="S-PS-Language-0003. User verifies if type is set to image/auto,language set “java” and version set to “13” then PowerShell step should run on that particular specific java version for windows node.">
    </testcase>
    <testcase class="POWERSHELL_LANGUAGE_IMAGE - PowerShell JAVA Language Image test cases S-PS-Language-0014. User verifies if type is set to image/auto,language set “java” and version set to “14” then PowerShell step should run on that particular specific java version for windows node." time="411.6400" classclass="S-PS-Language-0014. User verifies if type is set to image/auto,language set “java” and version set to “14” then PowerShell step should run on that particular specific java version for windows node.">
    </testcase>
  </testsuite>
</testsuites>