<?xml version="1.0" encoding="UTF-8"?>
<testsuites name="Mocha Tests" time="419.0670" tests="3" failures="0">
  <testsuite name="Root Suite" timestamp="2022-01-17T17:51:44" tests="0" time="0.0000" failures="0">
  </testsuite>
  <testsuite name="POWERSHELL_LANGUAGE_IMAGE - PowerShell CPP Language Image test cases" timestamp="2022-01-17T17:51:44" tests="3" file="/var/opt/jfrog/pipelines/data/iTest/runs/521732/steps/ps_tests_2/4383678/setup_PreMatrix/tests/core/steps/PowerShell/PSLanguages/CPPLanguageImages.js" time="419.0610" failures="0">
    <testcase name="POWERSHELL_LANGUAGE_IMAGE - PowerShell CPP Language Image test cases S-PS-Language-0010. User verifies if type is set to image/auto, language set “cpp” and version set to “8.0.0” then PowerShell step should run on that particular specific cpp version for windows node." time="224.2880" classname="S-PS-Language-0010. User verifies if type is set to image/auto, language set “cpp” and version set to “8.0.0” then PowerShell step should run on that particular specific cpp version for windows node.">
    </testcase>
    <testcase name="POWERSHELL_LANGUAGE_IMAGE - PowerShell CPP Language Image test cases S-PS-Language-0011. User verifies if type is set to image/auto, language set “cpp” and version set to “9.0.0” then PowerShell step should run on that particular specific cpp version for windows node." time="155.3190" classname="S-PS-Language-0011. User verifies if type is set to image/auto, language set “cpp” and version set to “9.0.0” then PowerShell step should run on that particular specific cpp version for windows node.">
    </testcase>
    <testcase name="POWERSHELL_LANGUAGE_IMAGE - PowerShell CPP Language Image test cases S-PS-Language-0016. User verifies if type is set to image/auto, language set “cpp” and version set to “10” then PowerShell step should run on that particular specific cpp version for windows node." time="39.2750" classname="S-PS-Language-0016. User verifies if type is set to image/auto, language set “cpp” and version set to “10” then PowerShell step should run on that particular specific cpp version for windows node.">
    </testcase>
  </testsuite>
</testsuites>