<?xml version="1.0" encoding="UTF-8"?>
<testsuites class="Mocha Tests" time="0.0130" tests="7" failures="0" skipped="7">
  <testsuite class="Root Suite" timestamp="2022-01-17T17:51:44" tests="0" time="0.0000" failures="0">
  </testsuite>
  <testsuite class="STEP_POWERSHELL_SSHKEY_INTEGRATION - PowerShell Step Tests For SSHKey Integration" timestamp="2022-01-17T17:51:44" tests="7" file="/var/opt/jfrog/pipelines/data/iTest/runs/521732/steps/ps_tests_2/4383676/setup_PreMatrix/tests/core/steps/PowerShell/PSIntegration/PowerShellSSHKeyIntegration.js" time="0.0040" failures="0" skipped="7">
    <testcase class="STEP_POWERSHELL_SSHKEY_INTEGRATION - PowerShell Step Tests For SSHKey Integration 1. User can add SSHKey project integration" time="0.0000" classclass="1. User can add SSHKey project integration">
      <skipped/>
    </testcase>
    <testcase class="STEP_POWERSHELL_SSHKEY_INTEGRATION - PowerShell Step Tests For SSHKey Integration S-PS-I-SSH-0001. If user adds a pipeline sources with the PowerShell step, where  SSH Key integration is mentioned in the integration section, then pipeline sync should success" time="0.0000" classclass="S-PS-I-SSH-0001. If user adds a pipeline sources with the PowerShell step, where  SSH Key integration is mentioned in the integration section, then pipeline sync should success">
      <skipped/>
    </testcase>
    <testcase class="STEP_POWERSHELL_SSHKEY_INTEGRATION - PowerShell Step Tests For SSHKey Integration S-PS-I-SMTP-0002. User verifies that all the SSH Key integration environment variables are available in execution sections of the PowerShell step." time="0.0000" classclass="S-PS-I-SMTP-0002. User verifies that all the SSH Key integration environment variables are available in execution sections of the PowerShell step.">
      <skipped/>
    </testcase>
    <testcase class="STEP_POWERSHELL_SSHKEY_INTEGRATION - PowerShell Step Tests For SSHKey Integration 2. User should be able to add new pipelineSources" time="0.0000" classclass="2. User should be able to add new pipelineSources">
      <skipped/>
    </testcase>
    <testcase class="STEP_POWERSHELL_SSHKEY_INTEGRATION - PowerShell Step Tests For SSHKey Integration S-PS-I-SMTP-0003. Users should not be able to delete SSH Key integration if it is dependent on any steps." time="0.0000" classclass="S-PS-I-SMTP-0003. Users should not be able to delete SSH Key integration if it is dependent on any steps.">
      <skipped/>
    </testcase>
    <testcase class="STEP_POWERSHELL_SSHKEY_INTEGRATION - PowerShell Step Tests For SSHKey Integration 2. User can delete pipelineSource by Id" time="0.0000" classclass="2. User can delete pipelineSource by Id">
      <skipped/>
    </testcase>
    <testcase class="STEP_POWERSHELL_SSHKEY_INTEGRATION - PowerShell Step Tests For SSHKey Integration 3. User can delete SSHKey project integrations by Id" time="0.0000" classclass="3. User can delete SSHKey project integrations by Id">
      <skipped/>
    </testcase>
  </testsuite>
</testsuites>