<?xml version="1.0" encoding="UTF-8"?>
<testsuites name="Mocha Tests" time="57.4080" tests="8" failures="0" skipped="2">
  <testsuite name="Root Suite" timestamp="2022-01-17T17:51:43" tests="0" time="0.0000" failures="0">
  </testsuite>
  <testsuite name="STEP_POWERSHELL_GOOGLECLOUD_INTEGRATION - PowerShell Step Tests For Google Cloud Integration" timestamp="2022-01-17T17:51:43" tests="8" file="/var/opt/jfrog/pipelines/data/iTest/runs/521732/steps/ps_tests_2/4383656/setup_PreMatrix/tests/core/steps/PowerShell/PSIntegration/PowerShellGoogleCloudIntegration.js" time="57.3510" failures="0" skipped="2">
    <testcase name="STEP_POWERSHELL_GOOGLECLOUD_INTEGRATION - PowerShell Step Tests For Google Cloud Integration 1. User can add GoogleCloud project Integration" time="5.0470" classname="1. User can add GoogleCloud project Integration">
    </testcase>
    <testcase name="STEP_POWERSHELL_GOOGLECLOUD_INTEGRATION - PowerShell Step Tests For Google Cloud Integration S-PS-I-Google-0001. User verifies that auto-login is  done for Google Cloud when google Cloud integration. is specified   in the integration section of the PowerShell step." time="0.0000" classname="S-PS-I-Google-0001. User verifies that auto-login is  done for Google Cloud when google Cloud integration. is specified   in the integration section of the PowerShell step.">
      <skipped/>
    </testcase>
    <testcase name="STEP_POWERSHELL_GOOGLECLOUD_INTEGRATION - PowerShell Step Tests For Google Cloud Integration S-PS-I-Google-0002. If the user adds a pipeline sources with the PowerShell step, where  Google Cloud integration is mentioned in the integration section, then pipeline sync should success." time="28.4640" classname="S-PS-I-Google-0002. If the user adds a pipeline sources with the PowerShell step, where  Google Cloud integration is mentioned in the integration section, then pipeline sync should success.">
    </testcase>
    <testcase name="STEP_POWERSHELL_GOOGLECLOUD_INTEGRATION - PowerShell Step Tests For Google Cloud Integration S-PS-I-Google-0003. User verifies that all the Google Cloud integration environment variables are available in execution sections of the PowerShell step." time="0.0000" classname="S-PS-I-Google-0003. User verifies that all the Google Cloud integration environment variables are available in execution sections of the PowerShell step.">
      <skipped/>
    </testcase>
    <testcase name="STEP_POWERSHELL_GOOGLECLOUD_INTEGRATION - PowerShell Step Tests For Google Cloud Integration 5. User should be able to add new pipelineSources" time="21.0350" classname="5. User should be able to add new pipelineSources">
    </testcase>
    <testcase name="STEP_POWERSHELL_GOOGLECLOUD_INTEGRATION - PowerShell Step Tests For Google Cloud Integration S-PS-I-Google-0004. Users should not be able to delete Google Cloud integration if it is dependent on steps." time="0.1760" classname="S-PS-I-Google-0004. Users should not be able to delete Google Cloud integration if it is dependent on steps.">
    </testcase>
    <testcase name="STEP_POWERSHELL_GOOGLECLOUD_INTEGRATION - PowerShell Step Tests For Google Cloud Integration 3. User can delete pipelineSource by Id" time="1.8700" classname="3. User can delete pipelineSource by Id">
    </testcase>
    <testcase name="STEP_POWERSHELL_GOOGLECLOUD_INTEGRATION - PowerShell Step Tests For Google Cloud Integration 4. User can delete GoogleCloud project integrations by Id" time="0.4000" classname="4. User can delete GoogleCloud project integrations by Id">
    </testcase>
  </testsuite>
</testsuites>